Testing Y channel.
  1 - baby                     . 	PSNR: 33.907255 dB, 	SSIM: 0.895666
  2 - bird                     . 	PSNR: 35.597771 dB, 	SSIM: 0.950037
  3 - butterfly                . 	PSNR: 29.103525 dB, 	SSIM: 0.930587
  4 - head                     . 	PSNR: 33.018014 dB, 	SSIM: 0.798923
  5 - woman                    . 	PSNR: 30.795907 dB, 	SSIM: 0.918600
Average: PSNR: 32.484494 dB, SSIM: 0.898763
Testing Y channel.
  1 - baboon                   . 	PSNR: 23.101733 dB, 	SSIM: 0.545229
  2 - barbara                  . 	PSNR: 26.420593 dB, 	SSIM: 0.765459
  3 - bridge                   . 	PSNR: 25.401434 dB, 	SSIM: 0.643326
  4 - coastguard               . 	PSNR: 26.192756 dB, 	SSIM: 0.572734
  5 - comic                    . 	PSNR: 23.811319 dB, 	SSIM: 0.747587
  6 - face                     . 	PSNR: 33.020768 dB, 	SSIM: 0.798002
  7 - flowers                  . 	PSNR: 28.540677 dB, 	SSIM: 0.826052
  8 - foreman                  . 	PSNR: 33.726586 dB, 	SSIM: 0.932282
  9 - lenna                    . 	PSNR: 32.636177 dB, 	SSIM: 0.867100
 10 - man                      . 	PSNR: 27.464376 dB, 	SSIM: 0.754568
 11 - monarch                  . 	PSNR: 33.610522 dB, 	SSIM: 0.949215
 12 - pepper                   . 	PSNR: 34.478385 dB, 	SSIM: 0.882840
 13 - ppt3                     . 	PSNR: 27.050602 dB, 	SSIM: 0.956627
 14 - zebra                    . 	PSNR: 27.947193 dB, 	SSIM: 0.790054
Average: PSNR: 28.814509 dB, SSIM: 0.787934
Testing Y channel.
  1 - 101085                   . 	PSNR: 24.156723 dB, 	SSIM: 0.587272
  2 - 101087                   . 	PSNR: 28.905983 dB, 	SSIM: 0.815145
  3 - 102061                   . 	PSNR: 26.849888 dB, 	SSIM: 0.820627
  4 - 103070                   . 	PSNR: 30.816155 dB, 	SSIM: 0.849224
  5 - 105025                   . 	PSNR: 26.300237 dB, 	SSIM: 0.713163
  6 - 106024                   . 	PSNR: 34.180665 dB, 	SSIM: 0.899045
  7 - 108005                   . 	PSNR: 26.449915 dB, 	SSIM: 0.752672
  8 - 108070                   . 	PSNR: 23.115508 dB, 	SSIM: 0.594787
  9 - 108082                   . 	PSNR: 27.563404 dB, 	SSIM: 0.792029
 10 - 109053                   . 	PSNR: 29.355981 dB, 	SSIM: 0.804494
 11 - 119082                   . 	PSNR: 25.069337 dB, 	SSIM: 0.753074
 12 - 12084                    . 	PSNR: 28.098344 dB, 	SSIM: 0.757017
 13 - 123074                   . 	PSNR: 30.146679 dB, 	SSIM: 0.814379
 14 - 126007                   . 	PSNR: 29.486716 dB, 	SSIM: 0.836425
 15 - 130026                   . 	PSNR: 25.095907 dB, 	SSIM: 0.676779
 16 - 134035                   . 	PSNR: 24.892150 dB, 	SSIM: 0.767218
 17 - 14037                    . 	PSNR: 35.027213 dB, 	SSIM: 0.898938
 18 - 143090                   . 	PSNR: 33.165402 dB, 	SSIM: 0.893707
 19 - 145086                   . 	PSNR: 26.347860 dB, 	SSIM: 0.745495
 20 - 147091                   . 	PSNR: 26.072961 dB, 	SSIM: 0.802678
 21 - 148026                   . 	PSNR: 22.327802 dB, 	SSIM: 0.710954
 22 - 148089                   . 	PSNR: 24.072435 dB, 	SSIM: 0.640982
 23 - 156065                   . 	PSNR: 24.854889 dB, 	SSIM: 0.570793
 24 - 157055                   . 	PSNR: 26.759017 dB, 	SSIM: 0.803217
 25 - 159008                   . 	PSNR: 27.783095 dB, 	SSIM: 0.831724
 26 - 160068                   . 	PSNR: 27.064972 dB, 	SSIM: 0.836180
 27 - 16077                    . 	PSNR: 27.885683 dB, 	SSIM: 0.741370
 28 - 163085                   . 	PSNR: 29.712278 dB, 	SSIM: 0.805931
 29 - 167062                   . 	PSNR: 32.881405 dB, 	SSIM: 0.903648
 30 - 167083                   . 	PSNR: 19.900127 dB, 	SSIM: 0.504977
 31 - 170057                   . 	PSNR: 30.004961 dB, 	SSIM: 0.823085
 32 - 175032                   . 	PSNR: 20.975982 dB, 	SSIM: 0.440111
 33 - 175043                   . 	PSNR: 25.215652 dB, 	SSIM: 0.674552
 34 - 182053                   . 	PSNR: 24.689277 dB, 	SSIM: 0.771645
 35 - 189080                   . 	PSNR: 35.393561 dB, 	SSIM: 0.894701
 36 - 19021                    . 	PSNR: 27.090097 dB, 	SSIM: 0.748476
 37 - 196073                   . 	PSNR: 27.963304 dB, 	SSIM: 0.512268
 38 - 197017                   . 	PSNR: 28.106337 dB, 	SSIM: 0.716236
 39 - 208001                   . 	PSNR: 28.638995 dB, 	SSIM: 0.756426
 40 - 210088                   . 	PSNR: 36.739577 dB, 	SSIM: 0.964033
 41 - 21077                    . 	PSNR: 26.960738 dB, 	SSIM: 0.753016
 42 - 216081                   . 	PSNR: 26.066394 dB, 	SSIM: 0.734187
 43 - 219090                   . 	PSNR: 26.864027 dB, 	SSIM: 0.763213
 44 - 220075                   . 	PSNR: 28.239226 dB, 	SSIM: 0.881733
 45 - 223061                   . 	PSNR: 24.999265 dB, 	SSIM: 0.699793
 46 - 227092                   . 	PSNR: 34.982094 dB, 	SSIM: 0.873357
 47 - 229036                   . 	PSNR: 22.904394 dB, 	SSIM: 0.635053
 48 - 236037                   . 	PSNR: 25.026103 dB, 	SSIM: 0.638693
 49 - 24077                    . 	PSNR: 27.852968 dB, 	SSIM: 0.885157
 50 - 241004                   . 	PSNR: 32.240366 dB, 	SSIM: 0.842429
 51 - 241048                   . 	PSNR: 24.919915 dB, 	SSIM: 0.622301
 52 - 253027                   . 	PSNR: 22.870738 dB, 	SSIM: 0.713782
 53 - 253055                   . 	PSNR: 32.714810 dB, 	SSIM: 0.851129
 54 - 260058                   . 	PSNR: 32.589456 dB, 	SSIM: 0.799205
 55 - 271035                   . 	PSNR: 28.101284 dB, 	SSIM: 0.790038
 56 - 285079                   . 	PSNR: 25.821692 dB, 	SSIM: 0.702984
 57 - 291000                   . 	PSNR: 21.500113 dB, 	SSIM: 0.438857
 58 - 295087                   . 	PSNR: 27.549897 dB, 	SSIM: 0.727165
 59 - 296007                   . 	PSNR: 32.026635 dB, 	SSIM: 0.793403
 60 - 296059                   . 	PSNR: 31.366554 dB, 	SSIM: 0.791332
 61 - 299086                   . 	PSNR: 31.865535 dB, 	SSIM: 0.815904
 62 - 300091                   . 	PSNR: 29.266722 dB, 	SSIM: 0.793881
 63 - 302008                   . 	PSNR: 33.958195 dB, 	SSIM: 0.951964
 64 - 304034                   . 	PSNR: 24.429312 dB, 	SSIM: 0.676907
 65 - 304074                   . 	PSNR: 26.083759 dB, 	SSIM: 0.625309
 66 - 306005                   . 	PSNR: 28.459433 dB, 	SSIM: 0.796482
 67 - 3096                     . 	PSNR: 40.568731 dB, 	SSIM: 0.981888
 68 - 33039                    . 	PSNR: 21.051278 dB, 	SSIM: 0.588654
 69 - 351093                   . 	PSNR: 22.866596 dB, 	SSIM: 0.654168
 70 - 361010                   . 	PSNR: 29.170005 dB, 	SSIM: 0.820542
 71 - 37073                    . 	PSNR: 31.013462 dB, 	SSIM: 0.832439
 72 - 376043                   . 	PSNR: 25.530651 dB, 	SSIM: 0.601266
 73 - 38082                    . 	PSNR: 27.227647 dB, 	SSIM: 0.605565
 74 - 38092                    . 	PSNR: 26.356994 dB, 	SSIM: 0.700102
 75 - 385039                   . 	PSNR: 24.235644 dB, 	SSIM: 0.706851
 76 - 41033                    . 	PSNR: 30.774686 dB, 	SSIM: 0.791520
 77 - 41069                    . 	PSNR: 23.683999 dB, 	SSIM: 0.482496
 78 - 42012                    . 	PSNR: 30.005099 dB, 	SSIM: 0.821715
 79 - 42049                    . 	PSNR: 33.186377 dB, 	SSIM: 0.954542
 80 - 43074                    . 	PSNR: 29.794568 dB, 	SSIM: 0.820648
 81 - 45096                    . 	PSNR: 36.012195 dB, 	SSIM: 0.940867
 82 - 54082                    . 	PSNR: 28.619245 dB, 	SSIM: 0.718184
 83 - 55073                    . 	PSNR: 22.306410 dB, 	SSIM: 0.537088
 84 - 58060                    . 	PSNR: 21.082454 dB, 	SSIM: 0.613008
 85 - 62096                    . 	PSNR: 25.652627 dB, 	SSIM: 0.796233
 86 - 65033                    . 	PSNR: 25.098030 dB, 	SSIM: 0.604900
 87 - 66053                    . 	PSNR: 27.442229 dB, 	SSIM: 0.701190
 88 - 69015                    . 	PSNR: 30.978607 dB, 	SSIM: 0.815804
 89 - 69020                    . 	PSNR: 27.271538 dB, 	SSIM: 0.565111
 90 - 69040                    . 	PSNR: 25.321196 dB, 	SSIM: 0.663351
 91 - 76053                    . 	PSNR: 29.182605 dB, 	SSIM: 0.713319
 92 - 78004                    . 	PSNR: 27.344276 dB, 	SSIM: 0.778087
 93 - 8023                     . 	PSNR: 31.166789 dB, 	SSIM: 0.879349
 94 - 85048                    . 	PSNR: 26.156451 dB, 	SSIM: 0.726423
 95 - 86000                    . 	PSNR: 26.613766 dB, 	SSIM: 0.819172
 96 - 86016                    . 	PSNR: 21.946092 dB, 	SSIM: 0.324147
 97 - 86068                    . 	PSNR: 27.061822 dB, 	SSIM: 0.563579
 98 - 87046                    . 	PSNR: 26.322444 dB, 	SSIM: 0.779501
 99 - 89072                    . 	PSNR: 27.013748 dB, 	SSIM: 0.741361
100 - 97033                    . 	PSNR: 25.249385 dB, 	SSIM: 0.737360
Average: PSNR: 27.721237 dB, SSIM: 0.742032
Testing Y channel.
  1 - img001                   . 	PSNR: 28.313205 dB, 	SSIM: 0.785710
  2 - img002                   . 	PSNR: 27.656189 dB, 	SSIM: 0.848584
  3 - img003                   . 	PSNR: 24.196793 dB, 	SSIM: 0.709479
  4 - img004                   . 	PSNR: 24.079165 dB, 	SSIM: 0.859489
  5 - img005                   . 	PSNR: 29.159537 dB, 	SSIM: 0.960442
  6 - img006                   . 	PSNR: 22.879288 dB, 	SSIM: 0.646672
  7 - img007                   . 	PSNR: 30.042439 dB, 	SSIM: 0.873867
  8 - img008                   . 	PSNR: 21.883880 dB, 	SSIM: 0.696245
  9 - img009                   . 	PSNR: 34.406698 dB, 	SSIM: 0.933198
 10 - img010                   . 	PSNR: 28.193012 dB, 	SSIM: 0.901901
 11 - img011                   . 	PSNR: 18.416581 dB, 	SSIM: 0.822680
 12 - img012                   . 	PSNR: 24.197741 dB, 	SSIM: 0.757968
 13 - img013                   . 	PSNR: 30.094128 dB, 	SSIM: 0.854658
 14 - img014                   . 	PSNR: 22.635343 dB, 	SSIM: 0.710821
 15 - img015                   . 	PSNR: 26.923178 dB, 	SSIM: 0.757490
 16 - img016                   . 	PSNR: 30.598435 dB, 	SSIM: 0.916989
 17 - img017                   . 	PSNR: 26.319064 dB, 	SSIM: 0.848130
 18 - img018                   . 	PSNR: 26.487574 dB, 	SSIM: 0.718583
 19 - img019                   . 	PSNR: 22.990726 dB, 	SSIM: 0.836091
 20 - img020                   . 	PSNR: 22.356693 dB, 	SSIM: 0.737351
 21 - img021                   . 	PSNR: 30.143421 dB, 	SSIM: 0.800140
 22 - img022                   . 	PSNR: 26.275936 dB, 	SSIM: 0.768810
 23 - img023                   . 	PSNR: 30.766293 dB, 	SSIM: 0.920522
 24 - img024                   . 	PSNR: 20.524755 dB, 	SSIM: 0.682915
 25 - img025                   . 	PSNR: 33.234936 dB, 	SSIM: 0.915511
 26 - img026                   . 	PSNR: 28.842323 dB, 	SSIM: 0.728796
 27 - img027                   . 	PSNR: 28.715897 dB, 	SSIM: 0.810222
 28 - img028                   . 	PSNR: 31.943356 dB, 	SSIM: 0.885479
 29 - img029                   . 	PSNR: 27.774641 dB, 	SSIM: 0.887335
 30 - img030                   . 	PSNR: 25.443512 dB, 	SSIM: 0.843777
 31 - img031                   . 	PSNR: 24.522613 dB, 	SSIM: 0.807101
 32 - img032                   . 	PSNR: 29.669813 dB, 	SSIM: 0.869006
 33 - img033                   . 	PSNR: 28.265489 dB, 	SSIM: 0.840107
 34 - img034                   . 	PSNR: 23.353490 dB, 	SSIM: 0.600986
 35 - img035                   . 	PSNR: 30.280551 dB, 	SSIM: 0.898444
 36 - img036                   . 	PSNR: 29.175969 dB, 	SSIM: 0.893834
 37 - img037                   . 	PSNR: 26.729036 dB, 	SSIM: 0.812003
 38 - img038                   . 	PSNR: 27.417431 dB, 	SSIM: 0.703322
 39 - img039                   . 	PSNR: 23.835879 dB, 	SSIM: 0.784305
 40 - img040                   . 	PSNR: 28.127558 dB, 	SSIM: 0.952693
 41 - img041                   . 	PSNR: 27.298559 dB, 	SSIM: 0.900728
 42 - img042                   . 	PSNR: 29.338597 dB, 	SSIM: 0.899020
 43 - img043                   . 	PSNR: 34.418349 dB, 	SSIM: 0.944743
 44 - img044                   . 	PSNR: 33.211435 dB, 	SSIM: 0.897324
 45 - img045                   . 	PSNR: 24.785470 dB, 	SSIM: 0.741881
 46 - img046                   . 	PSNR: 23.835581 dB, 	SSIM: 0.768967
 47 - img047                   . 	PSNR: 22.401124 dB, 	SSIM: 0.795537
 48 - img048                   . 	PSNR: 20.381601 dB, 	SSIM: 0.820187
 49 - img049                   . 	PSNR: 24.006137 dB, 	SSIM: 0.772675
 50 - img050                   . 	PSNR: 25.561982 dB, 	SSIM: 0.794128
 51 - img051                   . 	PSNR: 27.982562 dB, 	SSIM: 0.864626
 52 - img052                   . 	PSNR: 30.205579 dB, 	SSIM: 0.927653
 53 - img053                   . 	PSNR: 22.988827 dB, 	SSIM: 0.755772
 54 - img054                   . 	PSNR: 21.503998 dB, 	SSIM: 0.678664
 55 - img055                   . 	PSNR: 33.971084 dB, 	SSIM: 0.952102
 56 - img056                   . 	PSNR: 25.432235 dB, 	SSIM: 0.803642
 57 - img057                   . 	PSNR: 31.862682 dB, 	SSIM: 0.910843
 58 - img058                   . 	PSNR: 26.383628 dB, 	SSIM: 0.875839
 59 - img059                   . 	PSNR: 22.705506 dB, 	SSIM: 0.790729
 60 - img060                   . 	PSNR: 22.864612 dB, 	SSIM: 0.596627
 61 - img061                   . 	PSNR: 25.214921 dB, 	SSIM: 0.787998
 62 - img062                   . 	PSNR: 22.498972 dB, 	SSIM: 0.848019
 63 - img063                   . 	PSNR: 22.748842 dB, 	SSIM: 0.632172
 64 - img064                   . 	PSNR: 26.748688 dB, 	SSIM: 0.795294
 65 - img065                   . 	PSNR: 25.691805 dB, 	SSIM: 0.744498
 66 - img066                   . 	PSNR: 22.326398 dB, 	SSIM: 0.652874
 67 - img067                   . 	PSNR: 21.103291 dB, 	SSIM: 0.902784
 68 - img068                   . 	PSNR: 31.512216 dB, 	SSIM: 0.911996
 69 - img069                   . 	PSNR: 25.214765 dB, 	SSIM: 0.774211
 70 - img070                   . 	PSNR: 22.304518 dB, 	SSIM: 0.610979
 71 - img071                   . 	PSNR: 28.559326 dB, 	SSIM: 0.692191
 72 - img072                   . 	PSNR: 21.241028 dB, 	SSIM: 0.857210
 73 - img073                   . 	PSNR: 20.412081 dB, 	SSIM: 0.602562
 74 - img074                   . 	PSNR: 24.206440 dB, 	SSIM: 0.734538
 75 - img075                   . 	PSNR: 33.083806 dB, 	SSIM: 0.902868
 76 - img076                   . 	PSNR: 23.925763 dB, 	SSIM: 0.774334
 77 - img077                   . 	PSNR: 22.821650 dB, 	SSIM: 0.686661
 78 - img078                   . 	PSNR: 27.955873 dB, 	SSIM: 0.795204
 79 - img079                   . 	PSNR: 25.842110 dB, 	SSIM: 0.716023
 80 - img080                   . 	PSNR: 36.276214 dB, 	SSIM: 0.957679
 81 - img081                   . 	PSNR: 38.594409 dB, 	SSIM: 0.976015
 82 - img082                   . 	PSNR: 33.929618 dB, 	SSIM: 0.948152
 83 - img083                   . 	PSNR: 22.650137 dB, 	SSIM: 0.727874
 84 - img084                   . 	PSNR: 29.287984 dB, 	SSIM: 0.828726
 85 - img085                   . 	PSNR: 28.699779 dB, 	SSIM: 0.911873
 86 - img086                   . 	PSNR: 30.766577 dB, 	SSIM: 0.893885
 87 - img087                   . 	PSNR: 28.920154 dB, 	SSIM: 0.906804
 88 - img088                   . 	PSNR: 20.030922 dB, 	SSIM: 0.594572
 89 - img089                   . 	PSNR: 27.018596 dB, 	SSIM: 0.737256
 90 - img090                   . 	PSNR: 39.798851 dB, 	SSIM: 0.981396
 91 - img091                   . 	PSNR: 24.092490 dB, 	SSIM: 0.690292
 92 - img092                   . 	PSNR: 19.150322 dB, 	SSIM: 0.678483
 93 - img093                   . 	PSNR: 29.557631 dB, 	SSIM: 0.933351
 94 - img094                   . 	PSNR: 27.591877 dB, 	SSIM: 0.800850
 95 - img095                   . 	PSNR: 20.320531 dB, 	SSIM: 0.460863
 96 - img096                   . 	PSNR: 26.333936 dB, 	SSIM: 0.894971
 97 - img097                   . 	PSNR: 25.331798 dB, 	SSIM: 0.787983
 98 - img098                   . 	PSNR: 20.946289 dB, 	SSIM: 0.557203
 99 - img099                   . 	PSNR: 26.814229 dB, 	SSIM: 0.824670
100 - img100                   . 	PSNR: 27.013307 dB, 	SSIM: 0.771492
Average: PSNR: 26.645503 dB, SSIM: 0.803601
Testing Y channel.
  1 - ARMS                     . 	PSNR: 28.943724 dB, 	SSIM: 0.835348
  2 - AisazuNihaIrarenai       . 	PSNR: 31.106039 dB, 	SSIM: 0.817710
  3 - AkkeraKanjinchou         . 	PSNR: 28.662211 dB, 	SSIM: 0.852591
  4 - Akuhamu                  . 	PSNR: 36.453577 dB, 	SSIM: 0.950818
  5 - AosugiruHaru             . 	PSNR: 40.681282 dB, 	SSIM: 0.981358
  6 - AppareKappore            . 	PSNR: 30.610663 dB, 	SSIM: 0.921115
  7 - Arisa                    . 	PSNR: 33.726135 dB, 	SSIM: 0.960417
  8 - BEMADER_P                . 	PSNR: 27.765631 dB, 	SSIM: 0.901230
  9 - BakuretsuKungFuGirl      . 	PSNR: 31.352612 dB, 	SSIM: 0.934002
 10 - Belmondo                 . 	PSNR: 30.216094 dB, 	SSIM: 0.905854
 11 - BokuHaSitatakaKun        . 	PSNR: 30.049338 dB, 	SSIM: 0.955577
 12 - BurariTessenTorimonocho  . 	PSNR: 28.471195 dB, 	SSIM: 0.874401
 13 - ByebyeC-BOY              . 	PSNR: 34.191160 dB, 	SSIM: 0.966028
 14 - Count3DeKimeteAgeru      . 	PSNR: 32.703673 dB, 	SSIM: 0.908034
 15 - DollGun                  . 	PSNR: 29.818099 dB, 	SSIM: 0.929401
 16 - Donburakokko             . 	PSNR: 27.659844 dB, 	SSIM: 0.911499
 17 - DualJustice              . 	PSNR: 31.559748 dB, 	SSIM: 0.962614
 18 - EienNoWith               . 	PSNR: 34.960044 dB, 	SSIM: 0.978660
 19 - EvaLady                  . 	PSNR: 31.154148 dB, 	SSIM: 0.905344
 20 - EverydayOsakanaChan      . 	PSNR: 33.559329 dB, 	SSIM: 0.979419
 21 - GOOD_KISS_Ver2           . 	PSNR: 32.502655 dB, 	SSIM: 0.928708
 22 - GakuenNoise              . 	PSNR: 32.430559 dB, 	SSIM: 0.940838
 23 - GarakutayaManta          . 	PSNR: 30.806214 dB, 	SSIM: 0.922662
 24 - GinNoChimera             . 	PSNR: 37.582329 dB, 	SSIM: 0.973137
 25 - Hamlet                   . 	PSNR: 29.295357 dB, 	SSIM: 0.958392
 26 - HanzaiKousyouninMinegishiEitarou. 	PSNR: 31.405806 dB, 	SSIM: 0.944763
 27 - HaruichibanNoFukukoro    . 	PSNR: 39.139231 dB, 	SSIM: 0.979981
 28 - HarukaRefrain            . 	PSNR: 31.931574 dB, 	SSIM: 0.936033
 29 - HealingPlanet            . 	PSNR: 33.910694 dB, 	SSIM: 0.961839
 30 - HeiseiJimen              . 	PSNR: 31.923760 dB, 	SSIM: 0.946792
 31 - HighschoolKimengumi_vol01. 	PSNR: 27.382258 dB, 	SSIM: 0.946849
 32 - HighschoolKimengumi_vol20. 	PSNR: 28.442424 dB, 	SSIM: 0.940916
 33 - HinagikuKenzan           . 	PSNR: 32.961641 dB, 	SSIM: 0.901413
 34 - HisokaReturns            . 	PSNR: 29.095306 dB, 	SSIM: 0.755054
 35 - JangiriPonpon            . 	PSNR: 26.784991 dB, 	SSIM: 0.876510
 36 - JijiBabaFight            . 	PSNR: 31.919243 dB, 	SSIM: 0.915139
 37 - Joouari                  . 	PSNR: 28.155037 dB, 	SSIM: 0.872744
 38 - Jyovolley                . 	PSNR: 35.628863 dB, 	SSIM: 0.973770
 39 - KarappoHighschool        . 	PSNR: 35.688556 dB, 	SSIM: 0.966636
 40 - KimiHaBokuNoTaiyouDa     . 	PSNR: 28.720833 dB, 	SSIM: 0.911918
 41 - KoukouNoHitotachi        . 	PSNR: 30.931768 dB, 	SSIM: 0.868893
 42 - KuroidoGanka             . 	PSNR: 32.804056 dB, 	SSIM: 0.918384
 43 - KyokugenCyclone          . 	PSNR: 21.133891 dB, 	SSIM: 0.763173
 44 - LancelotFullThrottle     . 	PSNR: 36.070068 dB, 	SSIM: 0.981543
 45 - LoveHina_vol01           . 	PSNR: 25.316861 dB, 	SSIM: 0.922347
 46 - LoveHina_vol14           . 	PSNR: 28.255035 dB, 	SSIM: 0.910306
 47 - MAD_STONE                . 	PSNR: 35.044798 dB, 	SSIM: 0.957292
 48 - MadouTaiga               . 	PSNR: 27.795867 dB, 	SSIM: 0.881117
 49 - MagicStarGakuin          . 	PSNR: 29.225223 dB, 	SSIM: 0.925041
 50 - MagicianLoad             . 	PSNR: 27.065977 dB, 	SSIM: 0.774750
 51 - MariaSamaNihaNaisyo      . 	PSNR: 30.725463 dB, 	SSIM: 0.949741
 52 - MayaNoAkaiKutsu          . 	PSNR: 33.618200 dB, 	SSIM: 0.949023
 53 - MemorySeijin             . 	PSNR: 36.518617 dB, 	SSIM: 0.906001
 54 - MeteoSanStrikeDesu       . 	PSNR: 36.482778 dB, 	SSIM: 0.967997
 55 - MiraiSan                 . 	PSNR: 22.665260 dB, 	SSIM: 0.731149
 56 - MisutenaideDaisy         . 	PSNR: 33.356588 dB, 	SSIM: 0.967952
 57 - MoeruOnisan_vol01        . 	PSNR: 31.559681 dB, 	SSIM: 0.950235
 58 - MoeruOnisan_vol19        . 	PSNR: 32.687950 dB, 	SSIM: 0.950238
 59 - MomoyamaHaikagura        . 	PSNR: 24.001169 dB, 	SSIM: 0.781077
 60 - MukoukizuNoChonbo        . 	PSNR: 33.930605 dB, 	SSIM: 0.972720
 61 - MutekiBoukenSyakuma      . 	PSNR: 32.596710 dB, 	SSIM: 0.952195
 62 - Nekodama                 . 	PSNR: 31.229017 dB, 	SSIM: 0.954727
 63 - NichijouSoup             . 	PSNR: 35.529847 dB, 	SSIM: 0.970464
 64 - Ningyoushi               . 	PSNR: 34.293834 dB, 	SSIM: 0.929551
 65 - OL_Lunch                 . 	PSNR: 26.336459 dB, 	SSIM: 0.946813
 66 - OhWareraRettouSeitokai   . 	PSNR: 33.025349 dB, 	SSIM: 0.945170
 67 - PLANET7                  . 	PSNR: 33.504386 dB, 	SSIM: 0.935372
 68 - ParaisoRoad              . 	PSNR: 32.009769 dB, 	SSIM: 0.944765
 69 - PikaruGenkiDesu          . 	PSNR: 28.809241 dB, 	SSIM: 0.930307
 70 - PlatinumJungle           . 	PSNR: 31.443557 dB, 	SSIM: 0.942491
 71 - PrayerHaNemurenai        . 	PSNR: 28.021490 dB, 	SSIM: 0.718182
 72 - PrismHeart               . 	PSNR: 35.207422 dB, 	SSIM: 0.961040
 73 - PsychoStaff              . 	PSNR: 34.597927 dB, 	SSIM: 0.955945
 74 - Raphael                  . 	PSNR: 28.720802 dB, 	SSIM: 0.898226
 75 - ReveryEarth              . 	PSNR: 29.877606 dB, 	SSIM: 0.905283
 76 - RinToSiteSippuNoNaka     . 	PSNR: 30.824040 dB, 	SSIM: 0.934211
 77 - RisingGirl               . 	PSNR: 30.509961 dB, 	SSIM: 0.885124
 78 - Saisoku                  . 	PSNR: 28.679146 dB, 	SSIM: 0.817362
 79 - SaladDays_vol01          . 	PSNR: 31.595563 dB, 	SSIM: 0.942538
 80 - SaladDays_vol18          . 	PSNR: 31.596834 dB, 	SSIM: 0.948827
 81 - SamayoeruSyonenNiJunaiWo . 	PSNR: 30.384349 dB, 	SSIM: 0.883917
 82 - SeisinkiVulnus           . 	PSNR: 32.181570 dB, 	SSIM: 0.908172
 83 - ShimatteIkouze_vol01     . 	PSNR: 32.212236 dB, 	SSIM: 0.962920
 84 - ShimatteIkouze_vol26     . 	PSNR: 28.070790 dB, 	SSIM: 0.948440
 85 - SonokiDeABC              . 	PSNR: 32.986896 dB, 	SSIM: 0.937631
 86 - SyabondamaKieta          . 	PSNR: 28.721077 dB, 	SSIM: 0.879702
 87 - TaiyouNiSmash            . 	PSNR: 36.331327 dB, 	SSIM: 0.955094
 88 - TapkunNoTanteisitsu      . 	PSNR: 34.254221 dB, 	SSIM: 0.964591
 89 - TasogareTsushin          . 	PSNR: 30.748379 dB, 	SSIM: 0.928463
 90 - TennenSenshiG            . 	PSNR: 26.152893 dB, 	SSIM: 0.874134
 91 - TensiNoHaneToAkumaNoShippo. 	PSNR: 29.574028 dB, 	SSIM: 0.928387
 92 - TetsuSan                 . 	PSNR: 28.269215 dB, 	SSIM: 0.954534
 93 - ThatsIzumiko_000         . 	PSNR: 21.232850 dB, 	SSIM: 0.751107
 94 - TotteokiNoABC            . 	PSNR: 34.573427 dB, 	SSIM: 0.958385
 95 - ToutaMairimasu           . 	PSNR: 27.036607 dB, 	SSIM: 0.892620
 96 - TouyouKidan              . 	PSNR: 30.368569 dB, 	SSIM: 0.914551
 97 - TsubasaNoKioku           . 	PSNR: 32.769693 dB, 	SSIM: 0.877450
 98 - UchiNoNyansDiary_000     . 	PSNR: 29.935007 dB, 	SSIM: 0.970765
 99 - UchuKigekiM774           . 	PSNR: 25.496413 dB, 	SSIM: 0.755885
100 - UltraEleven              . 	PSNR: 24.197166 dB, 	SSIM: 0.903219
101 - UnbalanceTokyo           . 	PSNR: 27.530163 dB, 	SSIM: 0.906348
102 - WarewareHaOniDearu       . 	PSNR: 23.688736 dB, 	SSIM: 0.842459
103 - YamatoNoHane             . 	PSNR: 37.825780 dB, 	SSIM: 0.979051
104 - YasasiiAkuma             . 	PSNR: 29.352799 dB, 	SSIM: 0.915264
105 - YouchienBoueigumi        . 	PSNR: 34.742523 dB, 	SSIM: 0.980441
106 - YoumaKourin              . 	PSNR: 29.908110 dB, 	SSIM: 0.893271
107 - YukiNoFuruMachi          . 	PSNR: 36.571127 dB, 	SSIM: 0.937224
108 - YumeNoKayoiji            . 	PSNR: 31.809286 dB, 	SSIM: 0.865539
109 - YumeiroCooking           . 	PSNR: 29.046393 dB, 	SSIM: 0.924299
Average: PSNR: 31.035985 dB, SSIM: 0.915844
