Testing Y channel.
  1 - baby                     . 	PSNR: 33.914393 dB, 	SSIM: 0.895876
  2 - bird                     . 	PSNR: 35.730932 dB, 	SSIM: 0.951271
  3 - butterfly                . 	PSNR: 29.148954 dB, 	SSIM: 0.931494
  4 - head                     . 	PSNR: 33.061209 dB, 	SSIM: 0.799832
  5 - woman                    . 	PSNR: 30.761133 dB, 	SSIM: 0.918174
Average: PSNR: 32.523324 dB, SSIM: 0.899329
Testing Y channel.
  1 - baboon                   . 	PSNR: 23.120473 dB, 	SSIM: 0.544793
  2 - barbara                  . 	PSNR: 26.303535 dB, 	SSIM: 0.763782
  3 - bridge                   . 	PSNR: 25.477791 dB, 	SSIM: 0.646070
  4 - coastguard               . 	PSNR: 26.198922 dB, 	SSIM: 0.569815
  5 - comic                    . 	PSNR: 23.867014 dB, 	SSIM: 0.749128
  6 - face                     . 	PSNR: 33.038479 dB, 	SSIM: 0.798389
  7 - flowers                  . 	PSNR: 28.579070 dB, 	SSIM: 0.827126
  8 - foreman                  . 	PSNR: 33.919171 dB, 	SSIM: 0.933160
  9 - lenna                    . 	PSNR: 32.638364 dB, 	SSIM: 0.866744
 10 - man                      . 	PSNR: 27.466886 dB, 	SSIM: 0.754988
 11 - monarch                  . 	PSNR: 33.664433 dB, 	SSIM: 0.949574
 12 - pepper                   . 	PSNR: 34.486189 dB, 	SSIM: 0.883118
 13 - ppt3                     . 	PSNR: 27.087858 dB, 	SSIM: 0.956898
 14 - zebra                    . 	PSNR: 27.897432 dB, 	SSIM: 0.789332
Average: PSNR: 28.838973 dB, SSIM: 0.788066
Testing Y channel.
  1 - 101085                   . 	PSNR: 24.157901 dB, 	SSIM: 0.586901
  2 - 101087                   . 	PSNR: 28.861882 dB, 	SSIM: 0.814466
  3 - 102061                   . 	PSNR: 26.851754 dB, 	SSIM: 0.821114
  4 - 103070                   . 	PSNR: 30.785690 dB, 	SSIM: 0.849120
  5 - 105025                   . 	PSNR: 26.297034 dB, 	SSIM: 0.713997
  6 - 106024                   . 	PSNR: 34.223405 dB, 	SSIM: 0.899316
  7 - 108005                   . 	PSNR: 26.512418 dB, 	SSIM: 0.754729
  8 - 108070                   . 	PSNR: 23.143789 dB, 	SSIM: 0.595136
  9 - 108082                   . 	PSNR: 27.608532 dB, 	SSIM: 0.792728
 10 - 109053                   . 	PSNR: 29.372741 dB, 	SSIM: 0.805067
 11 - 119082                   . 	PSNR: 25.227172 dB, 	SSIM: 0.754646
 12 - 12084                    . 	PSNR: 28.127350 dB, 	SSIM: 0.759610
 13 - 123074                   . 	PSNR: 30.145873 dB, 	SSIM: 0.814132
 14 - 126007                   . 	PSNR: 29.411457 dB, 	SSIM: 0.836925
 15 - 130026                   . 	PSNR: 25.110683 dB, 	SSIM: 0.677635
 16 - 134035                   . 	PSNR: 24.902203 dB, 	SSIM: 0.767522
 17 - 14037                    . 	PSNR: 35.054439 dB, 	SSIM: 0.899124
 18 - 143090                   . 	PSNR: 33.210964 dB, 	SSIM: 0.894503
 19 - 145086                   . 	PSNR: 26.216335 dB, 	SSIM: 0.743899
 20 - 147091                   . 	PSNR: 26.137052 dB, 	SSIM: 0.803411
 21 - 148026                   . 	PSNR: 22.320333 dB, 	SSIM: 0.712510
 22 - 148089                   . 	PSNR: 24.143130 dB, 	SSIM: 0.645980
 23 - 156065                   . 	PSNR: 24.856762 dB, 	SSIM: 0.570616
 24 - 157055                   . 	PSNR: 26.779115 dB, 	SSIM: 0.803561
 25 - 159008                   . 	PSNR: 27.768260 dB, 	SSIM: 0.830911
 26 - 160068                   . 	PSNR: 27.078821 dB, 	SSIM: 0.836459
 27 - 16077                    . 	PSNR: 27.862464 dB, 	SSIM: 0.742075
 28 - 163085                   . 	PSNR: 29.719173 dB, 	SSIM: 0.805833
 29 - 167062                   . 	PSNR: 32.838714 dB, 	SSIM: 0.903949
 30 - 167083                   . 	PSNR: 19.898798 dB, 	SSIM: 0.505295
 31 - 170057                   . 	PSNR: 29.981932 dB, 	SSIM: 0.822576
 32 - 175032                   . 	PSNR: 20.979427 dB, 	SSIM: 0.441122
 33 - 175043                   . 	PSNR: 25.247608 dB, 	SSIM: 0.676373
 34 - 182053                   . 	PSNR: 24.643540 dB, 	SSIM: 0.770248
 35 - 189080                   . 	PSNR: 35.569882 dB, 	SSIM: 0.896062
 36 - 19021                    . 	PSNR: 27.139420 dB, 	SSIM: 0.750331
 37 - 196073                   . 	PSNR: 27.961952 dB, 	SSIM: 0.512554
 38 - 197017                   . 	PSNR: 28.244926 dB, 	SSIM: 0.720339
 39 - 208001                   . 	PSNR: 28.666414 dB, 	SSIM: 0.757272
 40 - 210088                   . 	PSNR: 37.208632 dB, 	SSIM: 0.965176
 41 - 21077                    . 	PSNR: 27.003129 dB, 	SSIM: 0.755314
 42 - 216081                   . 	PSNR: 26.073930 dB, 	SSIM: 0.734812
 43 - 219090                   . 	PSNR: 26.992496 dB, 	SSIM: 0.765166
 44 - 220075                   . 	PSNR: 28.212123 dB, 	SSIM: 0.881638
 45 - 223061                   . 	PSNR: 24.968989 dB, 	SSIM: 0.702417
 46 - 227092                   . 	PSNR: 34.892210 dB, 	SSIM: 0.872120
 47 - 229036                   . 	PSNR: 22.961076 dB, 	SSIM: 0.636838
 48 - 236037                   . 	PSNR: 25.020153 dB, 	SSIM: 0.637952
 49 - 24077                    . 	PSNR: 27.897606 dB, 	SSIM: 0.886563
 50 - 241004                   . 	PSNR: 32.281740 dB, 	SSIM: 0.842848
 51 - 241048                   . 	PSNR: 24.932965 dB, 	SSIM: 0.622139
 52 - 253027                   . 	PSNR: 22.851684 dB, 	SSIM: 0.714051
 53 - 253055                   . 	PSNR: 32.703366 dB, 	SSIM: 0.851864
 54 - 260058                   . 	PSNR: 32.583751 dB, 	SSIM: 0.799297
 55 - 271035                   . 	PSNR: 28.064489 dB, 	SSIM: 0.789227
 56 - 285079                   . 	PSNR: 25.832732 dB, 	SSIM: 0.703786
 57 - 291000                   . 	PSNR: 21.532459 dB, 	SSIM: 0.440050
 58 - 295087                   . 	PSNR: 27.566738 dB, 	SSIM: 0.727556
 59 - 296007                   . 	PSNR: 32.060604 dB, 	SSIM: 0.795074
 60 - 296059                   . 	PSNR: 31.411582 dB, 	SSIM: 0.792164
 61 - 299086                   . 	PSNR: 31.845107 dB, 	SSIM: 0.815929
 62 - 300091                   . 	PSNR: 29.271234 dB, 	SSIM: 0.794253
 63 - 302008                   . 	PSNR: 33.758760 dB, 	SSIM: 0.951212
 64 - 304034                   . 	PSNR: 24.455802 dB, 	SSIM: 0.677370
 65 - 304074                   . 	PSNR: 26.090768 dB, 	SSIM: 0.625258
 66 - 306005                   . 	PSNR: 28.483563 dB, 	SSIM: 0.796817
 67 - 3096                     . 	PSNR: 40.622956 dB, 	SSIM: 0.981979
 68 - 33039                    . 	PSNR: 21.073826 dB, 	SSIM: 0.589937
 69 - 351093                   . 	PSNR: 22.851668 dB, 	SSIM: 0.653840
 70 - 361010                   . 	PSNR: 29.224644 dB, 	SSIM: 0.822645
 71 - 37073                    . 	PSNR: 31.145344 dB, 	SSIM: 0.835529
 72 - 376043                   . 	PSNR: 25.549105 dB, 	SSIM: 0.601742
 73 - 38082                    . 	PSNR: 27.237578 dB, 	SSIM: 0.605686
 74 - 38092                    . 	PSNR: 26.348508 dB, 	SSIM: 0.700112
 75 - 385039                   . 	PSNR: 24.232028 dB, 	SSIM: 0.705599
 76 - 41033                    . 	PSNR: 30.782244 dB, 	SSIM: 0.791711
 77 - 41069                    . 	PSNR: 23.683598 dB, 	SSIM: 0.483394
 78 - 42012                    . 	PSNR: 30.006236 dB, 	SSIM: 0.821339
 79 - 42049                    . 	PSNR: 33.199718 dB, 	SSIM: 0.954621
 80 - 43074                    . 	PSNR: 29.795369 dB, 	SSIM: 0.820676
 81 - 45096                    . 	PSNR: 36.044449 dB, 	SSIM: 0.941117
 82 - 54082                    . 	PSNR: 28.619226 dB, 	SSIM: 0.718246
 83 - 55073                    . 	PSNR: 22.327927 dB, 	SSIM: 0.538544
 84 - 58060                    . 	PSNR: 21.092645 dB, 	SSIM: 0.614147
 85 - 62096                    . 	PSNR: 25.664900 dB, 	SSIM: 0.798991
 86 - 65033                    . 	PSNR: 25.112792 dB, 	SSIM: 0.606143
 87 - 66053                    . 	PSNR: 27.463414 dB, 	SSIM: 0.703066
 88 - 69015                    . 	PSNR: 31.014222 dB, 	SSIM: 0.816110
 89 - 69020                    . 	PSNR: 27.274186 dB, 	SSIM: 0.565384
 90 - 69040                    . 	PSNR: 25.318272 dB, 	SSIM: 0.662588
 91 - 76053                    . 	PSNR: 29.040084 dB, 	SSIM: 0.712807
 92 - 78004                    . 	PSNR: 27.315407 dB, 	SSIM: 0.777517
 93 - 8023                     . 	PSNR: 31.093119 dB, 	SSIM: 0.879599
 94 - 85048                    . 	PSNR: 26.182860 dB, 	SSIM: 0.727218
 95 - 86000                    . 	PSNR: 26.608061 dB, 	SSIM: 0.819202
 96 - 86016                    . 	PSNR: 21.965780 dB, 	SSIM: 0.327139
 97 - 86068                    . 	PSNR: 27.072358 dB, 	SSIM: 0.563697
 98 - 87046                    . 	PSNR: 26.350944 dB, 	SSIM: 0.780176
 99 - 89072                    . 	PSNR: 27.015470 dB, 	SSIM: 0.741349
100 - 97033                    . 	PSNR: 25.264729 dB, 	SSIM: 0.737526
Average: PSNR: 27.736107 dB, SSIM: 0.742643
Testing Y channel.
  1 - img001                   . 	PSNR: 28.351264 dB, 	SSIM: 0.786886
  2 - img002                   . 	PSNR: 27.698454 dB, 	SSIM: 0.849409
  3 - img003                   . 	PSNR: 24.223141 dB, 	SSIM: 0.710449
  4 - img004                   . 	PSNR: 24.292691 dB, 	SSIM: 0.864162
  5 - img005                   . 	PSNR: 29.329923 dB, 	SSIM: 0.961340
  6 - img006                   . 	PSNR: 22.981618 dB, 	SSIM: 0.649396
  7 - img007                   . 	PSNR: 30.075798 dB, 	SSIM: 0.875096
  8 - img008                   . 	PSNR: 21.824288 dB, 	SSIM: 0.695124
  9 - img009                   . 	PSNR: 34.537048 dB, 	SSIM: 0.933476
 10 - img010                   . 	PSNR: 28.202370 dB, 	SSIM: 0.902966
 11 - img011                   . 	PSNR: 18.360476 dB, 	SSIM: 0.820282
 12 - img012                   . 	PSNR: 24.273963 dB, 	SSIM: 0.760794
 13 - img013                   . 	PSNR: 30.148283 dB, 	SSIM: 0.855995
 14 - img014                   . 	PSNR: 22.630538 dB, 	SSIM: 0.710657
 15 - img015                   . 	PSNR: 26.896989 dB, 	SSIM: 0.757798
 16 - img016                   . 	PSNR: 30.882002 dB, 	SSIM: 0.919063
 17 - img017                   . 	PSNR: 26.416771 dB, 	SSIM: 0.850058
 18 - img018                   . 	PSNR: 26.477656 dB, 	SSIM: 0.719309
 19 - img019                   . 	PSNR: 23.031936 dB, 	SSIM: 0.836393
 20 - img020                   . 	PSNR: 22.467038 dB, 	SSIM: 0.740767
 21 - img021                   . 	PSNR: 30.235717 dB, 	SSIM: 0.801852
 22 - img022                   . 	PSNR: 26.281097 dB, 	SSIM: 0.768863
 23 - img023                   . 	PSNR: 30.801741 dB, 	SSIM: 0.922791
 24 - img024                   . 	PSNR: 20.638793 dB, 	SSIM: 0.697991
 25 - img025                   . 	PSNR: 33.148142 dB, 	SSIM: 0.914344
 26 - img026                   . 	PSNR: 28.944928 dB, 	SSIM: 0.731355
 27 - img027                   . 	PSNR: 28.728802 dB, 	SSIM: 0.811323
 28 - img028                   . 	PSNR: 31.948059 dB, 	SSIM: 0.885605
 29 - img029                   . 	PSNR: 27.873472 dB, 	SSIM: 0.887662
 30 - img030                   . 	PSNR: 25.552743 dB, 	SSIM: 0.847011
 31 - img031                   . 	PSNR: 24.543148 dB, 	SSIM: 0.807703
 32 - img032                   . 	PSNR: 29.848664 dB, 	SSIM: 0.874602
 33 - img033                   . 	PSNR: 28.300762 dB, 	SSIM: 0.841271
 34 - img034                   . 	PSNR: 23.397342 dB, 	SSIM: 0.601679
 35 - img035                   . 	PSNR: 30.281714 dB, 	SSIM: 0.898078
 36 - img036                   . 	PSNR: 29.188105 dB, 	SSIM: 0.893911
 37 - img037                   . 	PSNR: 26.813074 dB, 	SSIM: 0.814291
 38 - img038                   . 	PSNR: 27.616405 dB, 	SSIM: 0.711713
 39 - img039                   . 	PSNR: 23.853527 dB, 	SSIM: 0.784233
 40 - img040                   . 	PSNR: 28.414738 dB, 	SSIM: 0.955679
 41 - img041                   . 	PSNR: 27.208775 dB, 	SSIM: 0.899521
 42 - img042                   . 	PSNR: 29.397097 dB, 	SSIM: 0.901196
 43 - img043                   . 	PSNR: 33.791563 dB, 	SSIM: 0.943266
 44 - img044                   . 	PSNR: 33.009770 dB, 	SSIM: 0.895871
 45 - img045                   . 	PSNR: 24.844731 dB, 	SSIM: 0.751144
 46 - img046                   . 	PSNR: 23.946695 dB, 	SSIM: 0.773989
 47 - img047                   . 	PSNR: 22.367877 dB, 	SSIM: 0.793720
 48 - img048                   . 	PSNR: 20.344395 dB, 	SSIM: 0.820063
 49 - img049                   . 	PSNR: 24.132948 dB, 	SSIM: 0.776736
 50 - img050                   . 	PSNR: 25.570509 dB, 	SSIM: 0.794852
 51 - img051                   . 	PSNR: 28.018148 dB, 	SSIM: 0.865141
 52 - img052                   . 	PSNR: 30.185143 dB, 	SSIM: 0.927543
 53 - img053                   . 	PSNR: 23.036062 dB, 	SSIM: 0.756737
 54 - img054                   . 	PSNR: 21.605575 dB, 	SSIM: 0.683396
 55 - img055                   . 	PSNR: 34.044370 dB, 	SSIM: 0.953615
 56 - img056                   . 	PSNR: 25.624171 dB, 	SSIM: 0.807979
 57 - img057                   . 	PSNR: 31.939088 dB, 	SSIM: 0.912355
 58 - img058                   . 	PSNR: 26.641074 dB, 	SSIM: 0.879820
 59 - img059                   . 	PSNR: 22.803304 dB, 	SSIM: 0.793654
 60 - img060                   . 	PSNR: 22.897944 dB, 	SSIM: 0.598415
 61 - img061                   . 	PSNR: 25.124263 dB, 	SSIM: 0.784869
 62 - img062                   . 	PSNR: 22.678631 dB, 	SSIM: 0.851988
 63 - img063                   . 	PSNR: 22.790171 dB, 	SSIM: 0.633533
 64 - img064                   . 	PSNR: 26.847496 dB, 	SSIM: 0.797371
 65 - img065                   . 	PSNR: 25.794696 dB, 	SSIM: 0.748137
 66 - img066                   . 	PSNR: 22.305610 dB, 	SSIM: 0.652233
 67 - img067                   . 	PSNR: 21.274115 dB, 	SSIM: 0.906779
 68 - img068                   . 	PSNR: 31.663715 dB, 	SSIM: 0.913080
 69 - img069                   . 	PSNR: 25.235671 dB, 	SSIM: 0.774846
 70 - img070                   . 	PSNR: 22.351072 dB, 	SSIM: 0.613336
 71 - img071                   . 	PSNR: 28.557944 dB, 	SSIM: 0.692345
 72 - img072                   . 	PSNR: 21.360609 dB, 	SSIM: 0.859036
 73 - img073                   . 	PSNR: 20.789025 dB, 	SSIM: 0.616538
 74 - img074                   . 	PSNR: 24.248768 dB, 	SSIM: 0.737552
 75 - img075                   . 	PSNR: 33.023726 dB, 	SSIM: 0.903062
 76 - img076                   . 	PSNR: 23.985699 dB, 	SSIM: 0.781207
 77 - img077                   . 	PSNR: 22.847550 dB, 	SSIM: 0.688502
 78 - img078                   . 	PSNR: 27.992428 dB, 	SSIM: 0.795645
 79 - img079                   . 	PSNR: 25.913209 dB, 	SSIM: 0.717281
 80 - img080                   . 	PSNR: 36.366783 dB, 	SSIM: 0.958425
 81 - img081                   . 	PSNR: 38.992994 dB, 	SSIM: 0.977405
 82 - img082                   . 	PSNR: 33.656381 dB, 	SSIM: 0.947080
 83 - img083                   . 	PSNR: 22.717341 dB, 	SSIM: 0.733081
 84 - img084                   . 	PSNR: 29.338236 dB, 	SSIM: 0.830202
 85 - img085                   . 	PSNR: 28.607606 dB, 	SSIM: 0.910964
 86 - img086                   . 	PSNR: 30.781568 dB, 	SSIM: 0.892208
 87 - img087                   . 	PSNR: 29.333275 dB, 	SSIM: 0.911822
 88 - img088                   . 	PSNR: 19.997818 dB, 	SSIM: 0.593333
 89 - img089                   . 	PSNR: 27.023853 dB, 	SSIM: 0.735566
 90 - img090                   . 	PSNR: 40.013449 dB, 	SSIM: 0.981959
 91 - img091                   . 	PSNR: 24.124252 dB, 	SSIM: 0.691990
 92 - img092                   . 	PSNR: 19.266678 dB, 	SSIM: 0.682084
 93 - img093                   . 	PSNR: 30.153040 dB, 	SSIM: 0.937484
 94 - img094                   . 	PSNR: 27.559798 dB, 	SSIM: 0.800465
 95 - img095                   . 	PSNR: 20.423254 dB, 	SSIM: 0.469587
 96 - img096                   . 	PSNR: 26.475395 dB, 	SSIM: 0.894866
 97 - img097                   . 	PSNR: 25.372422 dB, 	SSIM: 0.789383
 98 - img098                   . 	PSNR: 21.013762 dB, 	SSIM: 0.560905
 99 - img099                   . 	PSNR: 26.816902 dB, 	SSIM: 0.830232
100 - img100                   . 	PSNR: 26.971780 dB, 	SSIM: 0.769977
Average: PSNR: 26.707134 dB, SSIM: 0.805467
Testing Y channel.
  1 - ARMS                     . 	PSNR: 29.063681 dB, 	SSIM: 0.837294
  2 - AisazuNihaIrarenai       . 	PSNR: 31.107727 dB, 	SSIM: 0.817981
  3 - AkkeraKanjinchou         . 	PSNR: 28.771989 dB, 	SSIM: 0.853850
  4 - Akuhamu                  . 	PSNR: 36.466019 dB, 	SSIM: 0.950915
  5 - AosugiruHaru             . 	PSNR: 40.619897 dB, 	SSIM: 0.981552
  6 - AppareKappore            . 	PSNR: 30.775059 dB, 	SSIM: 0.923203
  7 - Arisa                    . 	PSNR: 34.163348 dB, 	SSIM: 0.961567
  8 - BEMADER_P                . 	PSNR: 27.933201 dB, 	SSIM: 0.902785
  9 - BakuretsuKungFuGirl      . 	PSNR: 31.596930 dB, 	SSIM: 0.935499
 10 - Belmondo                 . 	PSNR: 30.327422 dB, 	SSIM: 0.906784
 11 - BokuHaSitatakaKun        . 	PSNR: 30.509191 dB, 	SSIM: 0.957362
 12 - BurariTessenTorimonocho  . 	PSNR: 28.640998 dB, 	SSIM: 0.876310
 13 - ByebyeC-BOY              . 	PSNR: 34.735931 dB, 	SSIM: 0.968532
 14 - Count3DeKimeteAgeru      . 	PSNR: 32.852798 dB, 	SSIM: 0.908487
 15 - DollGun                  . 	PSNR: 30.190657 dB, 	SSIM: 0.931177
 16 - Donburakokko             . 	PSNR: 27.907652 dB, 	SSIM: 0.913663
 17 - DualJustice              . 	PSNR: 31.889828 dB, 	SSIM: 0.964742
 18 - EienNoWith               . 	PSNR: 35.227177 dB, 	SSIM: 0.979171
 19 - EvaLady                  . 	PSNR: 31.361901 dB, 	SSIM: 0.907192
 20 - EverydayOsakanaChan      . 	PSNR: 33.837954 dB, 	SSIM: 0.980045
 21 - GOOD_KISS_Ver2           . 	PSNR: 32.521626 dB, 	SSIM: 0.929366
 22 - GakuenNoise              . 	PSNR: 32.586475 dB, 	SSIM: 0.941080
 23 - GarakutayaManta          . 	PSNR: 31.011377 dB, 	SSIM: 0.924424
 24 - GinNoChimera             . 	PSNR: 37.919682 dB, 	SSIM: 0.973565
 25 - Hamlet                   . 	PSNR: 29.361750 dB, 	SSIM: 0.958788
 26 - HanzaiKousyouninMinegishiEitarou. 	PSNR: 31.547282 dB, 	SSIM: 0.945362
 27 - HaruichibanNoFukukoro    . 	PSNR: 39.175820 dB, 	SSIM: 0.980220
 28 - HarukaRefrain            . 	PSNR: 32.173914 dB, 	SSIM: 0.937093
 29 - HealingPlanet            . 	PSNR: 34.225833 dB, 	SSIM: 0.962732
 30 - HeiseiJimen              . 	PSNR: 32.086392 dB, 	SSIM: 0.947029
 31 - HighschoolKimengumi_vol01. 	PSNR: 27.576760 dB, 	SSIM: 0.947981
 32 - HighschoolKimengumi_vol20. 	PSNR: 28.740177 dB, 	SSIM: 0.942822
 33 - HinagikuKenzan           . 	PSNR: 33.113773 dB, 	SSIM: 0.903720
 34 - HisokaReturns            . 	PSNR: 29.090123 dB, 	SSIM: 0.755669
 35 - JangiriPonpon            . 	PSNR: 26.888337 dB, 	SSIM: 0.877080
 36 - JijiBabaFight            . 	PSNR: 32.094610 dB, 	SSIM: 0.916235
 37 - Joouari                  . 	PSNR: 28.200726 dB, 	SSIM: 0.873360
 38 - Jyovolley                . 	PSNR: 36.055393 dB, 	SSIM: 0.974938
 39 - KarappoHighschool        . 	PSNR: 35.924290 dB, 	SSIM: 0.967260
 40 - KimiHaBokuNoTaiyouDa     . 	PSNR: 28.851310 dB, 	SSIM: 0.913067
 41 - KoukouNoHitotachi        . 	PSNR: 30.879629 dB, 	SSIM: 0.867847
 42 - KuroidoGanka             . 	PSNR: 33.102091 dB, 	SSIM: 0.919927
 43 - KyokugenCyclone          . 	PSNR: 21.235811 dB, 	SSIM: 0.765683
 44 - LancelotFullThrottle     . 	PSNR: 36.220266 dB, 	SSIM: 0.981693
 45 - LoveHina_vol01           . 	PSNR: 25.443951 dB, 	SSIM: 0.923242
 46 - LoveHina_vol14           . 	PSNR: 28.467013 dB, 	SSIM: 0.913298
 47 - MAD_STONE                . 	PSNR: 35.109011 dB, 	SSIM: 0.957522
 48 - MadouTaiga               . 	PSNR: 27.655172 dB, 	SSIM: 0.880059
 49 - MagicStarGakuin          . 	PSNR: 29.416864 dB, 	SSIM: 0.927231
 50 - MagicianLoad             . 	PSNR: 27.122034 dB, 	SSIM: 0.776475
 51 - MariaSamaNihaNaisyo      . 	PSNR: 30.829603 dB, 	SSIM: 0.950430
 52 - MayaNoAkaiKutsu          . 	PSNR: 33.784542 dB, 	SSIM: 0.950014
 53 - MemorySeijin             . 	PSNR: 36.542304 dB, 	SSIM: 0.906127
 54 - MeteoSanStrikeDesu       . 	PSNR: 36.676093 dB, 	SSIM: 0.968764
 55 - MiraiSan                 . 	PSNR: 22.733727 dB, 	SSIM: 0.736084
 56 - MisutenaideDaisy         . 	PSNR: 33.517923 dB, 	SSIM: 0.968710
 57 - MoeruOnisan_vol01        . 	PSNR: 32.176468 dB, 	SSIM: 0.951562
 58 - MoeruOnisan_vol19        . 	PSNR: 32.935783 dB, 	SSIM: 0.952210
 59 - MomoyamaHaikagura        . 	PSNR: 24.078732 dB, 	SSIM: 0.783896
 60 - MukoukizuNoChonbo        . 	PSNR: 34.101744 dB, 	SSIM: 0.972837
 61 - MutekiBoukenSyakuma      . 	PSNR: 32.847173 dB, 	SSIM: 0.953270
 62 - Nekodama                 . 	PSNR: 31.557713 dB, 	SSIM: 0.956256
 63 - NichijouSoup             . 	PSNR: 35.622097 dB, 	SSIM: 0.970927
 64 - Ningyoushi               . 	PSNR: 34.476943 dB, 	SSIM: 0.930079
 65 - OL_Lunch                 . 	PSNR: 26.366634 dB, 	SSIM: 0.947195
 66 - OhWareraRettouSeitokai   . 	PSNR: 33.183080 dB, 	SSIM: 0.946085
 67 - PLANET7                  . 	PSNR: 33.682719 dB, 	SSIM: 0.936294
 68 - ParaisoRoad              . 	PSNR: 32.184972 dB, 	SSIM: 0.945207
 69 - PikaruGenkiDesu          . 	PSNR: 28.865081 dB, 	SSIM: 0.930962
 70 - PlatinumJungle           . 	PSNR: 31.555095 dB, 	SSIM: 0.942717
 71 - PrayerHaNemurenai        . 	PSNR: 28.057730 dB, 	SSIM: 0.719344
 72 - PrismHeart               . 	PSNR: 35.423292 dB, 	SSIM: 0.961734
 73 - PsychoStaff              . 	PSNR: 34.779985 dB, 	SSIM: 0.956319
 74 - Raphael                  . 	PSNR: 28.780803 dB, 	SSIM: 0.898696
 75 - ReveryEarth              . 	PSNR: 30.029309 dB, 	SSIM: 0.906694
 76 - RinToSiteSippuNoNaka     . 	PSNR: 31.056099 dB, 	SSIM: 0.934816
 77 - RisingGirl               . 	PSNR: 30.657410 dB, 	SSIM: 0.887516
 78 - Saisoku                  . 	PSNR: 28.865528 dB, 	SSIM: 0.818888
 79 - SaladDays_vol01          . 	PSNR: 31.705060 dB, 	SSIM: 0.943345
 80 - SaladDays_vol18          . 	PSNR: 31.561410 dB, 	SSIM: 0.948640
 81 - SamayoeruSyonenNiJunaiWo . 	PSNR: 30.612206 dB, 	SSIM: 0.886791
 82 - SeisinkiVulnus           . 	PSNR: 32.222283 dB, 	SSIM: 0.909244
 83 - ShimatteIkouze_vol01     . 	PSNR: 32.592570 dB, 	SSIM: 0.964085
 84 - ShimatteIkouze_vol26     . 	PSNR: 28.257601 dB, 	SSIM: 0.949236
 85 - SonokiDeABC              . 	PSNR: 33.166287 dB, 	SSIM: 0.939051
 86 - SyabondamaKieta          . 	PSNR: 28.769128 dB, 	SSIM: 0.880868
 87 - TaiyouNiSmash            . 	PSNR: 36.525884 dB, 	SSIM: 0.956197
 88 - TapkunNoTanteisitsu      . 	PSNR: 34.520039 dB, 	SSIM: 0.965445
 89 - TasogareTsushin          . 	PSNR: 30.921558 dB, 	SSIM: 0.930107
 90 - TennenSenshiG            . 	PSNR: 26.361914 dB, 	SSIM: 0.876209
 91 - TensiNoHaneToAkumaNoShippo. 	PSNR: 29.678541 dB, 	SSIM: 0.929163
 92 - TetsuSan                 . 	PSNR: 28.304423 dB, 	SSIM: 0.954315
 93 - ThatsIzumiko_000         . 	PSNR: 21.326672 dB, 	SSIM: 0.753543
 94 - TotteokiNoABC            . 	PSNR: 34.574000 dB, 	SSIM: 0.959590
 95 - ToutaMairimasu           . 	PSNR: 27.276259 dB, 	SSIM: 0.895237
 96 - TouyouKidan              . 	PSNR: 30.644562 dB, 	SSIM: 0.915814
 97 - TsubasaNoKioku           . 	PSNR: 32.816284 dB, 	SSIM: 0.878374
 98 - UchiNoNyansDiary_000     . 	PSNR: 30.164379 dB, 	SSIM: 0.971738
 99 - UchuKigekiM774           . 	PSNR: 25.694487 dB, 	SSIM: 0.761402
100 - UltraEleven              . 	PSNR: 24.356555 dB, 	SSIM: 0.905166
101 - UnbalanceTokyo           . 	PSNR: 27.653084 dB, 	SSIM: 0.908253
102 - WarewareHaOniDearu       . 	PSNR: 23.796745 dB, 	SSIM: 0.856832
103 - YamatoNoHane             . 	PSNR: 38.281130 dB, 	SSIM: 0.979672
104 - YasasiiAkuma             . 	PSNR: 29.288740 dB, 	SSIM: 0.915535
105 - YouchienBoueigumi        . 	PSNR: 34.840533 dB, 	SSIM: 0.980046
106 - YoumaKourin              . 	PSNR: 30.088631 dB, 	SSIM: 0.895172
107 - YukiNoFuruMachi          . 	PSNR: 36.856368 dB, 	SSIM: 0.937912
108 - YumeNoKayoiji            . 	PSNR: 31.905575 dB, 	SSIM: 0.867123
109 - YumeiroCooking           . 	PSNR: 28.770998 dB, 	SSIM: 0.920929
Average: PSNR: 31.198893 dB, SSIM: 0.917078
