Testing Y channel.
  1 - baby                     . 	PSNR: 33.968925 dB, 	SSIM: 0.896659
  2 - bird                     . 	PSNR: 35.770600 dB, 	SSIM: 0.950982
  3 - butterfly                . 	PSNR: 29.379575 dB, 	SSIM: 0.934117
  4 - head                     . 	PSNR: 33.020539 dB, 	SSIM: 0.799407
  5 - woman                    . 	PSNR: 31.241964 dB, 	SSIM: 0.921596
Average: PSNR: 32.676320 dB, SSIM: 0.900552
Testing Y channel.
  1 - baboon                   . 	PSNR: 23.121629 dB, 	SSIM: 0.546979
  2 - barbara                  . 	PSNR: 26.475495 dB, 	SSIM: 0.768150
  3 - bridge                   . 	PSNR: 25.512147 dB, 	SSIM: 0.648428
  4 - coastguard               . 	PSNR: 26.102517 dB, 	SSIM: 0.571014
  5 - comic                    . 	PSNR: 23.822900 dB, 	SSIM: 0.749878
  6 - face                     . 	PSNR: 33.058785 dB, 	SSIM: 0.798814
  7 - flowers                  . 	PSNR: 28.624208 dB, 	SSIM: 0.828056
  8 - foreman                  . 	PSNR: 34.204727 dB, 	SSIM: 0.933950
  9 - lenna                    . 	PSNR: 32.865521 dB, 	SSIM: 0.869587
 10 - man                      . 	PSNR: 27.509574 dB, 	SSIM: 0.756143
 11 - monarch                  . 	PSNR: 33.802710 dB, 	SSIM: 0.950427
 12 - pepper                   . 	PSNR: 34.544486 dB, 	SSIM: 0.883859
 13 - ppt3                     . 	PSNR: 27.282870 dB, 	SSIM: 0.959666
 14 - zebra                    . 	PSNR: 27.971246 dB, 	SSIM: 0.790347
Average: PSNR: 28.921344 dB, SSIM: 0.789664
Testing Y channel.
  1 - 101085                   . 	PSNR: 24.187499 dB, 	SSIM: 0.587352
  2 - 101087                   . 	PSNR: 28.921619 dB, 	SSIM: 0.815686
  3 - 102061                   . 	PSNR: 26.963534 dB, 	SSIM: 0.823180
  4 - 103070                   . 	PSNR: 30.847649 dB, 	SSIM: 0.849684
  5 - 105025                   . 	PSNR: 26.334173 dB, 	SSIM: 0.715375
  6 - 106024                   . 	PSNR: 34.265790 dB, 	SSIM: 0.899389
  7 - 108005                   . 	PSNR: 26.602792 dB, 	SSIM: 0.760702
  8 - 108070                   . 	PSNR: 23.138275 dB, 	SSIM: 0.595779
  9 - 108082                   . 	PSNR: 27.646463 dB, 	SSIM: 0.794094
 10 - 109053                   . 	PSNR: 29.418890 dB, 	SSIM: 0.806069
 11 - 119082                   . 	PSNR: 25.261890 dB, 	SSIM: 0.761538
 12 - 12084                    . 	PSNR: 28.161793 dB, 	SSIM: 0.760918
 13 - 123074                   . 	PSNR: 30.167310 dB, 	SSIM: 0.814442
 14 - 126007                   . 	PSNR: 29.731672 dB, 	SSIM: 0.840645
 15 - 130026                   . 	PSNR: 25.131900 dB, 	SSIM: 0.678096
 16 - 134035                   . 	PSNR: 25.170307 dB, 	SSIM: 0.775036
 17 - 14037                    . 	PSNR: 35.016230 dB, 	SSIM: 0.898589
 18 - 143090                   . 	PSNR: 33.290918 dB, 	SSIM: 0.895624
 19 - 145086                   . 	PSNR: 26.386965 dB, 	SSIM: 0.746452
 20 - 147091                   . 	PSNR: 26.095505 dB, 	SSIM: 0.803546
 21 - 148026                   . 	PSNR: 22.341886 dB, 	SSIM: 0.713675
 22 - 148089                   . 	PSNR: 24.262453 dB, 	SSIM: 0.651027
 23 - 156065                   . 	PSNR: 24.860339 dB, 	SSIM: 0.569987
 24 - 157055                   . 	PSNR: 26.827092 dB, 	SSIM: 0.805324
 25 - 159008                   . 	PSNR: 27.867333 dB, 	SSIM: 0.833055
 26 - 160068                   . 	PSNR: 27.143835 dB, 	SSIM: 0.837500
 27 - 16077                    . 	PSNR: 27.892860 dB, 	SSIM: 0.741572
 28 - 163085                   . 	PSNR: 29.748323 dB, 	SSIM: 0.806605
 29 - 167062                   . 	PSNR: 32.907623 dB, 	SSIM: 0.904627
 30 - 167083                   . 	PSNR: 19.897333 dB, 	SSIM: 0.506013
 31 - 170057                   . 	PSNR: 29.956472 dB, 	SSIM: 0.823087
 32 - 175032                   . 	PSNR: 21.001716 dB, 	SSIM: 0.445676
 33 - 175043                   . 	PSNR: 25.310165 dB, 	SSIM: 0.678241
 34 - 182053                   . 	PSNR: 24.672172 dB, 	SSIM: 0.771608
 35 - 189080                   . 	PSNR: 35.518552 dB, 	SSIM: 0.895957
 36 - 19021                    . 	PSNR: 27.193861 dB, 	SSIM: 0.753281
 37 - 196073                   . 	PSNR: 27.980842 dB, 	SSIM: 0.512754
 38 - 197017                   . 	PSNR: 28.427564 dB, 	SSIM: 0.726407
 39 - 208001                   . 	PSNR: 28.665127 dB, 	SSIM: 0.758568
 40 - 210088                   . 	PSNR: 37.563095 dB, 	SSIM: 0.966653
 41 - 21077                    . 	PSNR: 26.880779 dB, 	SSIM: 0.753997
 42 - 216081                   . 	PSNR: 26.140484 dB, 	SSIM: 0.737296
 43 - 219090                   . 	PSNR: 27.032141 dB, 	SSIM: 0.765859
 44 - 220075                   . 	PSNR: 28.426619 dB, 	SSIM: 0.884696
 45 - 223061                   . 	PSNR: 25.232463 dB, 	SSIM: 0.719720
 46 - 227092                   . 	PSNR: 34.970884 dB, 	SSIM: 0.873183
 47 - 229036                   . 	PSNR: 23.010543 dB, 	SSIM: 0.638874
 48 - 236037                   . 	PSNR: 25.047861 dB, 	SSIM: 0.639544
 49 - 24077                    . 	PSNR: 27.861612 dB, 	SSIM: 0.886081
 50 - 241004                   . 	PSNR: 32.348363 dB, 	SSIM: 0.843531
 51 - 241048                   . 	PSNR: 25.002524 dB, 	SSIM: 0.624639
 52 - 253027                   . 	PSNR: 23.148975 dB, 	SSIM: 0.719448
 53 - 253055                   . 	PSNR: 32.750989 dB, 	SSIM: 0.852762
 54 - 260058                   . 	PSNR: 32.618942 dB, 	SSIM: 0.800680
 55 - 271035                   . 	PSNR: 28.193576 dB, 	SSIM: 0.792556
 56 - 285079                   . 	PSNR: 25.874555 dB, 	SSIM: 0.705464
 57 - 291000                   . 	PSNR: 21.548746 dB, 	SSIM: 0.444579
 58 - 295087                   . 	PSNR: 27.617045 dB, 	SSIM: 0.729967
 59 - 296007                   . 	PSNR: 32.056515 dB, 	SSIM: 0.794541
 60 - 296059                   . 	PSNR: 31.466545 dB, 	SSIM: 0.793115
 61 - 299086                   . 	PSNR: 31.905069 dB, 	SSIM: 0.817372
 62 - 300091                   . 	PSNR: 29.167258 dB, 	SSIM: 0.793578
 63 - 302008                   . 	PSNR: 34.786193 dB, 	SSIM: 0.954076
 64 - 304034                   . 	PSNR: 24.461691 dB, 	SSIM: 0.678842
 65 - 304074                   . 	PSNR: 26.106473 dB, 	SSIM: 0.625944
 66 - 306005                   . 	PSNR: 28.482893 dB, 	SSIM: 0.796622
 67 - 3096                     . 	PSNR: 40.610666 dB, 	SSIM: 0.982010
 68 - 33039                    . 	PSNR: 21.218429 dB, 	SSIM: 0.594343
 69 - 351093                   . 	PSNR: 22.833132 dB, 	SSIM: 0.653854
 70 - 361010                   . 	PSNR: 29.297685 dB, 	SSIM: 0.823422
 71 - 37073                    . 	PSNR: 31.214546 dB, 	SSIM: 0.837086
 72 - 376043                   . 	PSNR: 25.539489 dB, 	SSIM: 0.600731
 73 - 38082                    . 	PSNR: 27.235146 dB, 	SSIM: 0.605868
 74 - 38092                    . 	PSNR: 26.381695 dB, 	SSIM: 0.700847
 75 - 385039                   . 	PSNR: 24.318580 dB, 	SSIM: 0.709958
 76 - 41033                    . 	PSNR: 30.768436 dB, 	SSIM: 0.791980
 77 - 41069                    . 	PSNR: 23.681859 dB, 	SSIM: 0.484196
 78 - 42012                    . 	PSNR: 30.047377 dB, 	SSIM: 0.822110
 79 - 42049                    . 	PSNR: 33.410137 dB, 	SSIM: 0.955206
 80 - 43074                    . 	PSNR: 29.787545 dB, 	SSIM: 0.820899
 81 - 45096                    . 	PSNR: 36.085313 dB, 	SSIM: 0.941503
 82 - 54082                    . 	PSNR: 28.653978 dB, 	SSIM: 0.720844
 83 - 55073                    . 	PSNR: 22.330581 dB, 	SSIM: 0.538435
 84 - 58060                    . 	PSNR: 21.114953 dB, 	SSIM: 0.615652
 85 - 62096                    . 	PSNR: 25.771501 dB, 	SSIM: 0.803291
 86 - 65033                    . 	PSNR: 25.137437 dB, 	SSIM: 0.607577
 87 - 66053                    . 	PSNR: 27.486585 dB, 	SSIM: 0.705211
 88 - 69015                    . 	PSNR: 31.057442 dB, 	SSIM: 0.816855
 89 - 69020                    . 	PSNR: 27.295043 dB, 	SSIM: 0.566628
 90 - 69040                    . 	PSNR: 25.388128 dB, 	SSIM: 0.667334
 91 - 76053                    . 	PSNR: 29.140058 dB, 	SSIM: 0.714568
 92 - 78004                    . 	PSNR: 27.553654 dB, 	SSIM: 0.783232
 93 - 8023                     . 	PSNR: 31.145082 dB, 	SSIM: 0.879826
 94 - 85048                    . 	PSNR: 26.175877 dB, 	SSIM: 0.727307
 95 - 86000                    . 	PSNR: 26.935715 dB, 	SSIM: 0.826886
 96 - 86016                    . 	PSNR: 21.971983 dB, 	SSIM: 0.326354
 97 - 86068                    . 	PSNR: 27.090173 dB, 	SSIM: 0.564208
 98 - 87046                    . 	PSNR: 26.442743 dB, 	SSIM: 0.782377
 99 - 89072                    . 	PSNR: 27.042442 dB, 	SSIM: 0.742081
100 - 97033                    . 	PSNR: 25.302507 dB, 	SSIM: 0.738728
Average: PSNR: 27.803855 dB, SSIM: 0.744422
Testing Y channel.
  1 - img001                   . 	PSNR: 28.415846 dB, 	SSIM: 0.790071
  2 - img002                   . 	PSNR: 28.121914 dB, 	SSIM: 0.860213
  3 - img003                   . 	PSNR: 24.245810 dB, 	SSIM: 0.712802
  4 - img004                   . 	PSNR: 25.818066 dB, 	SSIM: 0.885744
  5 - img005                   . 	PSNR: 30.189797 dB, 	SSIM: 0.965556
  6 - img006                   . 	PSNR: 23.056743 dB, 	SSIM: 0.652712
  7 - img007                   . 	PSNR: 30.154442 dB, 	SSIM: 0.876445
  8 - img008                   . 	PSNR: 22.026376 dB, 	SSIM: 0.704714
  9 - img009                   . 	PSNR: 34.916424 dB, 	SSIM: 0.937654
 10 - img010                   . 	PSNR: 28.412130 dB, 	SSIM: 0.906507
 11 - img011                   . 	PSNR: 18.997244 dB, 	SSIM: 0.838461
 12 - img012                   . 	PSNR: 24.376506 dB, 	SSIM: 0.766402
 13 - img013                   . 	PSNR: 30.234667 dB, 	SSIM: 0.858448
 14 - img014                   . 	PSNR: 22.762528 dB, 	SSIM: 0.719534
 15 - img015                   . 	PSNR: 27.062971 dB, 	SSIM: 0.762597
 16 - img016                   . 	PSNR: 31.513122 dB, 	SSIM: 0.924565
 17 - img017                   . 	PSNR: 26.481817 dB, 	SSIM: 0.853473
 18 - img018                   . 	PSNR: 26.545221 dB, 	SSIM: 0.722634
 19 - img019                   . 	PSNR: 23.213695 dB, 	SSIM: 0.843736
 20 - img020                   . 	PSNR: 22.325420 dB, 	SSIM: 0.732288
 21 - img021                   . 	PSNR: 30.271951 dB, 	SSIM: 0.803498
 22 - img022                   . 	PSNR: 26.296310 dB, 	SSIM: 0.769860
 23 - img023                   . 	PSNR: 31.256588 dB, 	SSIM: 0.928064
 24 - img024                   . 	PSNR: 21.640833 dB, 	SSIM: 0.728094
 25 - img025                   . 	PSNR: 33.201518 dB, 	SSIM: 0.916724
 26 - img026                   . 	PSNR: 28.850461 dB, 	SSIM: 0.730725
 27 - img027                   . 	PSNR: 28.782766 dB, 	SSIM: 0.813748
 28 - img028                   . 	PSNR: 31.939409 dB, 	SSIM: 0.885551
 29 - img029                   . 	PSNR: 28.039076 dB, 	SSIM: 0.891001
 30 - img030                   . 	PSNR: 25.605754 dB, 	SSIM: 0.850206
 31 - img031                   . 	PSNR: 24.560267 dB, 	SSIM: 0.808317
 32 - img032                   . 	PSNR: 30.089454 dB, 	SSIM: 0.876817
 33 - img033                   . 	PSNR: 28.517082 dB, 	SSIM: 0.850134
 34 - img034                   . 	PSNR: 23.479220 dB, 	SSIM: 0.604895
 35 - img035                   . 	PSNR: 30.491756 dB, 	SSIM: 0.902341
 36 - img036                   . 	PSNR: 29.691389 dB, 	SSIM: 0.899095
 37 - img037                   . 	PSNR: 26.823626 dB, 	SSIM: 0.813327
 38 - img038                   . 	PSNR: 27.684759 dB, 	SSIM: 0.717980
 39 - img039                   . 	PSNR: 24.012973 dB, 	SSIM: 0.795528
 40 - img040                   . 	PSNR: 29.590472 dB, 	SSIM: 0.960723
 41 - img041                   . 	PSNR: 27.325828 dB, 	SSIM: 0.902418
 42 - img042                   . 	PSNR: 29.777394 dB, 	SSIM: 0.905169
 43 - img043                   . 	PSNR: 33.803286 dB, 	SSIM: 0.943263
 44 - img044                   . 	PSNR: 33.332730 dB, 	SSIM: 0.904513
 45 - img045                   . 	PSNR: 25.281225 dB, 	SSIM: 0.760508
 46 - img046                   . 	PSNR: 24.148920 dB, 	SSIM: 0.786096
 47 - img047                   . 	PSNR: 22.547860 dB, 	SSIM: 0.802695
 48 - img048                   . 	PSNR: 20.610110 dB, 	SSIM: 0.832038
 49 - img049                   . 	PSNR: 24.223756 dB, 	SSIM: 0.780303
 50 - img050                   . 	PSNR: 25.694990 dB, 	SSIM: 0.798867
 51 - img051                   . 	PSNR: 28.046557 dB, 	SSIM: 0.866836
 52 - img052                   . 	PSNR: 30.149094 dB, 	SSIM: 0.927604
 53 - img053                   . 	PSNR: 23.114712 dB, 	SSIM: 0.763628
 54 - img054                   . 	PSNR: 21.643016 dB, 	SSIM: 0.685909
 55 - img055                   . 	PSNR: 34.357752 dB, 	SSIM: 0.955512
 56 - img056                   . 	PSNR: 25.845428 dB, 	SSIM: 0.814461
 57 - img057                   . 	PSNR: 32.063539 dB, 	SSIM: 0.914128
 58 - img058                   . 	PSNR: 26.914807 dB, 	SSIM: 0.883505
 59 - img059                   . 	PSNR: 23.144347 dB, 	SSIM: 0.804150
 60 - img060                   . 	PSNR: 22.988052 dB, 	SSIM: 0.604730
 61 - img061                   . 	PSNR: 25.466980 dB, 	SSIM: 0.794599
 62 - img062                   . 	PSNR: 23.067864 dB, 	SSIM: 0.859995
 63 - img063                   . 	PSNR: 22.771752 dB, 	SSIM: 0.633150
 64 - img064                   . 	PSNR: 27.302587 dB, 	SSIM: 0.807701
 65 - img065                   . 	PSNR: 26.011238 dB, 	SSIM: 0.756423
 66 - img066                   . 	PSNR: 22.479386 dB, 	SSIM: 0.663401
 67 - img067                   . 	PSNR: 21.371412 dB, 	SSIM: 0.912383
 68 - img068                   . 	PSNR: 31.945692 dB, 	SSIM: 0.917809
 69 - img069                   . 	PSNR: 25.369936 dB, 	SSIM: 0.783472
 70 - img070                   . 	PSNR: 22.402252 dB, 	SSIM: 0.615779
 71 - img071                   . 	PSNR: 28.514260 dB, 	SSIM: 0.692066
 72 - img072                   . 	PSNR: 21.774994 dB, 	SSIM: 0.870500
 73 - img073                   . 	PSNR: 21.470019 dB, 	SSIM: 0.636369
 74 - img074                   . 	PSNR: 24.575639 dB, 	SSIM: 0.760440
 75 - img075                   . 	PSNR: 33.145760 dB, 	SSIM: 0.904310
 76 - img076                   . 	PSNR: 24.668248 dB, 	SSIM: 0.804476
 77 - img077                   . 	PSNR: 22.877979 dB, 	SSIM: 0.689142
 78 - img078                   . 	PSNR: 28.705556 dB, 	SSIM: 0.806598
 79 - img079                   . 	PSNR: 25.926434 dB, 	SSIM: 0.718593
 80 - img080                   . 	PSNR: 36.452281 dB, 	SSIM: 0.959526
 81 - img081                   . 	PSNR: 39.456014 dB, 	SSIM: 0.978954
 82 - img082                   . 	PSNR: 34.449207 dB, 	SSIM: 0.950697
 83 - img083                   . 	PSNR: 22.903328 dB, 	SSIM: 0.742269
 84 - img084                   . 	PSNR: 29.468527 dB, 	SSIM: 0.834444
 85 - img085                   . 	PSNR: 29.072025 dB, 	SSIM: 0.916624
 86 - img086                   . 	PSNR: 31.000930 dB, 	SSIM: 0.896808
 87 - img087                   . 	PSNR: 29.633973 dB, 	SSIM: 0.916709
 88 - img088                   . 	PSNR: 19.970472 dB, 	SSIM: 0.596263
 89 - img089                   . 	PSNR: 27.097352 dB, 	SSIM: 0.740405
 90 - img090                   . 	PSNR: 39.966407 dB, 	SSIM: 0.981980
 91 - img091                   . 	PSNR: 24.225823 dB, 	SSIM: 0.696273
 92 - img092                   . 	PSNR: 19.706250 dB, 	SSIM: 0.698509
 93 - img093                   . 	PSNR: 31.310957 dB, 	SSIM: 0.942446
 94 - img094                   . 	PSNR: 27.614999 dB, 	SSIM: 0.802708
 95 - img095                   . 	PSNR: 20.667760 dB, 	SSIM: 0.492265
 96 - img096                   . 	PSNR: 27.220807 dB, 	SSIM: 0.904685
 97 - img097                   . 	PSNR: 25.466449 dB, 	SSIM: 0.793644
 98 - img098                   . 	PSNR: 21.116455 dB, 	SSIM: 0.570627
 99 - img099                   . 	PSNR: 26.684478 dB, 	SSIM: 0.834907
100 - img100                   . 	PSNR: 27.228540 dB, 	SSIM: 0.777178
Average: PSNR: 26.952708 dB, SSIM: 0.811526
Testing Y channel.
  1 - ARMS                     . 	PSNR: 29.264657 dB, 	SSIM: 0.840413
  2 - AisazuNihaIrarenai       . 	PSNR: 31.203671 dB, 	SSIM: 0.819490
  3 - AkkeraKanjinchou         . 	PSNR: 28.875073 dB, 	SSIM: 0.857034
  4 - Akuhamu                  . 	PSNR: 36.623098 dB, 	SSIM: 0.951403
  5 - AosugiruHaru             . 	PSNR: 40.909018 dB, 	SSIM: 0.982492
  6 - AppareKappore            . 	PSNR: 30.884082 dB, 	SSIM: 0.924353
  7 - Arisa                    . 	PSNR: 34.254414 dB, 	SSIM: 0.962289
  8 - BEMADER_P                . 	PSNR: 27.971155 dB, 	SSIM: 0.903220
  9 - BakuretsuKungFuGirl      . 	PSNR: 31.748974 dB, 	SSIM: 0.936972
 10 - Belmondo                 . 	PSNR: 30.354408 dB, 	SSIM: 0.908078
 11 - BokuHaSitatakaKun        . 	PSNR: 31.067755 dB, 	SSIM: 0.959498
 12 - BurariTessenTorimonocho  . 	PSNR: 28.724494 dB, 	SSIM: 0.877427
 13 - ByebyeC-BOY              . 	PSNR: 35.115397 dB, 	SSIM: 0.969877
 14 - Count3DeKimeteAgeru      . 	PSNR: 33.240576 dB, 	SSIM: 0.909788
 15 - DollGun                  . 	PSNR: 30.444704 dB, 	SSIM: 0.932951
 16 - Donburakokko             . 	PSNR: 28.166743 dB, 	SSIM: 0.916667
 17 - DualJustice              . 	PSNR: 32.751563 dB, 	SSIM: 0.969661
 18 - EienNoWith               . 	PSNR: 35.211047 dB, 	SSIM: 0.979450
 19 - EvaLady                  . 	PSNR: 31.438070 dB, 	SSIM: 0.907638
 20 - EverydayOsakanaChan      . 	PSNR: 34.100990 dB, 	SSIM: 0.981014
 21 - GOOD_KISS_Ver2           . 	PSNR: 32.631660 dB, 	SSIM: 0.929859
 22 - GakuenNoise              . 	PSNR: 32.674945 dB, 	SSIM: 0.941383
 23 - GarakutayaManta          . 	PSNR: 31.191370 dB, 	SSIM: 0.926332
 24 - GinNoChimera             . 	PSNR: 38.655358 dB, 	SSIM: 0.974319
 25 - Hamlet                   . 	PSNR: 29.526168 dB, 	SSIM: 0.960323
 26 - HanzaiKousyouninMinegishiEitarou. 	PSNR: 31.798844 dB, 	SSIM: 0.947027
 27 - HaruichibanNoFukukoro    . 	PSNR: 39.840254 dB, 	SSIM: 0.981025
 28 - HarukaRefrain            . 	PSNR: 32.466438 dB, 	SSIM: 0.939125
 29 - HealingPlanet            . 	PSNR: 34.521255 dB, 	SSIM: 0.964049
 30 - HeiseiJimen              . 	PSNR: 32.154194 dB, 	SSIM: 0.948863
 31 - HighschoolKimengumi_vol01. 	PSNR: 28.231215 dB, 	SSIM: 0.952660
 32 - HighschoolKimengumi_vol20. 	PSNR: 28.837258 dB, 	SSIM: 0.944892
 33 - HinagikuKenzan           . 	PSNR: 33.202080 dB, 	SSIM: 0.905242
 34 - HisokaReturns            . 	PSNR: 29.196572 dB, 	SSIM: 0.757478
 35 - JangiriPonpon            . 	PSNR: 27.081337 dB, 	SSIM: 0.880654
 36 - JijiBabaFight            . 	PSNR: 32.498292 dB, 	SSIM: 0.918872
 37 - Joouari                  . 	PSNR: 28.274749 dB, 	SSIM: 0.874322
 38 - Jyovolley                . 	PSNR: 36.666475 dB, 	SSIM: 0.976399
 39 - KarappoHighschool        . 	PSNR: 35.837612 dB, 	SSIM: 0.967515
 40 - KimiHaBokuNoTaiyouDa     . 	PSNR: 28.994929 dB, 	SSIM: 0.915511
 41 - KoukouNoHitotachi        . 	PSNR: 31.606331 dB, 	SSIM: 0.875076
 42 - KuroidoGanka             . 	PSNR: 33.538239 dB, 	SSIM: 0.922256
 43 - KyokugenCyclone          . 	PSNR: 21.265839 dB, 	SSIM: 0.768689
 44 - LancelotFullThrottle     . 	PSNR: 36.429797 dB, 	SSIM: 0.982743
 45 - LoveHina_vol01           . 	PSNR: 25.616494 dB, 	SSIM: 0.925419
 46 - LoveHina_vol14           . 	PSNR: 28.712086 dB, 	SSIM: 0.916582
 47 - MAD_STONE                . 	PSNR: 35.420153 dB, 	SSIM: 0.959490
 48 - MadouTaiga               . 	PSNR: 27.855326 dB, 	SSIM: 0.883803
 49 - MagicStarGakuin          . 	PSNR: 29.605039 dB, 	SSIM: 0.929203
 50 - MagicianLoad             . 	PSNR: 27.319029 dB, 	SSIM: 0.778967
 51 - MariaSamaNihaNaisyo      . 	PSNR: 31.272348 dB, 	SSIM: 0.952596
 52 - MayaNoAkaiKutsu          . 	PSNR: 34.072093 dB, 	SSIM: 0.952578
 53 - MemorySeijin             . 	PSNR: 36.649955 dB, 	SSIM: 0.906978
 54 - MeteoSanStrikeDesu       . 	PSNR: 36.732694 dB, 	SSIM: 0.969398
 55 - MiraiSan                 . 	PSNR: 22.761461 dB, 	SSIM: 0.739037
 56 - MisutenaideDaisy         . 	PSNR: 33.844502 dB, 	SSIM: 0.969361
 57 - MoeruOnisan_vol01        . 	PSNR: 32.130777 dB, 	SSIM: 0.953167
 58 - MoeruOnisan_vol19        . 	PSNR: 33.295136 dB, 	SSIM: 0.955171
 59 - MomoyamaHaikagura        . 	PSNR: 23.963981 dB, 	SSIM: 0.785094
 60 - MukoukizuNoChonbo        . 	PSNR: 34.548842 dB, 	SSIM: 0.973129
 61 - MutekiBoukenSyakuma      . 	PSNR: 33.000024 dB, 	SSIM: 0.954026
 62 - Nekodama                 . 	PSNR: 32.084292 dB, 	SSIM: 0.959276
 63 - NichijouSoup             . 	PSNR: 36.310242 dB, 	SSIM: 0.973064
 64 - Ningyoushi               . 	PSNR: 34.567364 dB, 	SSIM: 0.931632
 65 - OL_Lunch                 . 	PSNR: 26.747618 dB, 	SSIM: 0.950566
 66 - OhWareraRettouSeitokai   . 	PSNR: 33.459189 dB, 	SSIM: 0.947271
 67 - PLANET7                  . 	PSNR: 34.240023 dB, 	SSIM: 0.938876
 68 - ParaisoRoad              . 	PSNR: 32.724531 dB, 	SSIM: 0.949428
 69 - PikaruGenkiDesu          . 	PSNR: 29.170359 dB, 	SSIM: 0.934381
 70 - PlatinumJungle           . 	PSNR: 31.942498 dB, 	SSIM: 0.944860
 71 - PrayerHaNemurenai        . 	PSNR: 28.200157 dB, 	SSIM: 0.722902
 72 - PrismHeart               . 	PSNR: 35.680023 dB, 	SSIM: 0.962676
 73 - PsychoStaff              . 	PSNR: 35.194298 dB, 	SSIM: 0.959391
 74 - Raphael                  . 	PSNR: 28.957898 dB, 	SSIM: 0.899944
 75 - ReveryEarth              . 	PSNR: 30.134946 dB, 	SSIM: 0.908727
 76 - RinToSiteSippuNoNaka     . 	PSNR: 31.190085 dB, 	SSIM: 0.935989
 77 - RisingGirl               . 	PSNR: 30.551906 dB, 	SSIM: 0.886641
 78 - Saisoku                  . 	PSNR: 28.996463 dB, 	SSIM: 0.819694
 79 - SaladDays_vol01          . 	PSNR: 31.897628 dB, 	SSIM: 0.946097
 80 - SaladDays_vol18          . 	PSNR: 31.671624 dB, 	SSIM: 0.949692
 81 - SamayoeruSyonenNiJunaiWo . 	PSNR: 30.736009 dB, 	SSIM: 0.888667
 82 - SeisinkiVulnus           . 	PSNR: 32.525995 dB, 	SSIM: 0.911434
 83 - ShimatteIkouze_vol01     . 	PSNR: 32.854532 dB, 	SSIM: 0.964875
 84 - ShimatteIkouze_vol26     . 	PSNR: 28.551686 dB, 	SSIM: 0.951024
 85 - SonokiDeABC              . 	PSNR: 33.649920 dB, 	SSIM: 0.942813
 86 - SyabondamaKieta          . 	PSNR: 28.861936 dB, 	SSIM: 0.882630
 87 - TaiyouNiSmash            . 	PSNR: 36.876900 dB, 	SSIM: 0.957455
 88 - TapkunNoTanteisitsu      . 	PSNR: 34.986039 dB, 	SSIM: 0.966736
 89 - TasogareTsushin          . 	PSNR: 31.121490 dB, 	SSIM: 0.931922
 90 - TennenSenshiG            . 	PSNR: 26.454609 dB, 	SSIM: 0.877339
 91 - TensiNoHaneToAkumaNoShippo. 	PSNR: 29.923532 dB, 	SSIM: 0.933167
 92 - TetsuSan                 . 	PSNR: 28.040172 dB, 	SSIM: 0.952890
 93 - ThatsIzumiko_000         . 	PSNR: 21.436740 dB, 	SSIM: 0.758492
 94 - TotteokiNoABC            . 	PSNR: 34.736660 dB, 	SSIM: 0.959723
 95 - ToutaMairimasu           . 	PSNR: 27.358641 dB, 	SSIM: 0.896101
 96 - TouyouKidan              . 	PSNR: 30.831778 dB, 	SSIM: 0.918049
 97 - TsubasaNoKioku           . 	PSNR: 32.846083 dB, 	SSIM: 0.878879
 98 - UchiNoNyansDiary_000     . 	PSNR: 30.586724 dB, 	SSIM: 0.973493
 99 - UchuKigekiM774           . 	PSNR: 25.800301 dB, 	SSIM: 0.765712
100 - UltraEleven              . 	PSNR: 24.393377 dB, 	SSIM: 0.906892
101 - UnbalanceTokyo           . 	PSNR: 27.816240 dB, 	SSIM: 0.910887
102 - WarewareHaOniDearu       . 	PSNR: 23.433391 dB, 	SSIM: 0.847090
103 - YamatoNoHane             . 	PSNR: 39.008312 dB, 	SSIM: 0.981059
104 - YasasiiAkuma             . 	PSNR: 29.638557 dB, 	SSIM: 0.918569
105 - YouchienBoueigumi        . 	PSNR: 34.871774 dB, 	SSIM: 0.980669
106 - YoumaKourin              . 	PSNR: 30.209688 dB, 	SSIM: 0.897136
107 - YukiNoFuruMachi          . 	PSNR: 37.900229 dB, 	SSIM: 0.940782
108 - YumeNoKayoiji            . 	PSNR: 31.944905 dB, 	SSIM: 0.868214
109 - YumeiroCooking           . 	PSNR: 29.997532 dB, 	SSIM: 0.938283
Average: PSNR: 31.443908 dB, SSIM: 0.918995
Testing Y channel.
  1 - baby                     . 	PSNR: 33.968925 dB, 	SSIM: 0.896659
  2 - bird                     . 	PSNR: 35.770600 dB, 	SSIM: 0.950982
  3 - butterfly                . 	PSNR: 29.379575 dB, 	SSIM: 0.934117
  4 - head                     . 	PSNR: 33.020539 dB, 	SSIM: 0.799407
  5 - woman                    . 	PSNR: 31.241964 dB, 	SSIM: 0.921596
Average: PSNR: 32.676320 dB, SSIM: 0.900552
Testing Y channel.
  1 - baboon                   . 	PSNR: 23.121629 dB, 	SSIM: 0.546979
  2 - barbara                  . 	PSNR: 26.475495 dB, 	SSIM: 0.768150
  3 - bridge                   . 	PSNR: 25.512147 dB, 	SSIM: 0.648428
  4 - coastguard               . 	PSNR: 26.102517 dB, 	SSIM: 0.571014
  5 - comic                    . 	PSNR: 23.822900 dB, 	SSIM: 0.749878
  6 - face                     . 	PSNR: 33.058785 dB, 	SSIM: 0.798814
  7 - flowers                  . 	PSNR: 28.624208 dB, 	SSIM: 0.828056
  8 - foreman                  . 	PSNR: 34.204727 dB, 	SSIM: 0.933950
  9 - lenna                    . 	PSNR: 32.865521 dB, 	SSIM: 0.869587
 10 - man                      . 	PSNR: 27.509574 dB, 	SSIM: 0.756143
 11 - monarch                  . 	PSNR: 33.802710 dB, 	SSIM: 0.950427
 12 - pepper                   . 	PSNR: 34.544486 dB, 	SSIM: 0.883859
 13 - ppt3                     . 	PSNR: 27.282870 dB, 	SSIM: 0.959666
 14 - zebra                    . 	PSNR: 27.971246 dB, 	SSIM: 0.790347
Average: PSNR: 28.921344 dB, SSIM: 0.789664
Testing Y channel.
  1 - 101085                   . 	PSNR: 24.187499 dB, 	SSIM: 0.587352
  2 - 101087                   . 	PSNR: 28.921619 dB, 	SSIM: 0.815686
  3 - 102061                   . 	PSNR: 26.963534 dB, 	SSIM: 0.823180
  4 - 103070                   . 	PSNR: 30.847649 dB, 	SSIM: 0.849684
  5 - 105025                   . 	PSNR: 26.334173 dB, 	SSIM: 0.715375
  6 - 106024                   . 	PSNR: 34.265790 dB, 	SSIM: 0.899389
  7 - 108005                   . 	PSNR: 26.602792 dB, 	SSIM: 0.760702
  8 - 108070                   . 	PSNR: 23.138275 dB, 	SSIM: 0.595779
  9 - 108082                   . 	PSNR: 27.646463 dB, 	SSIM: 0.794094
 10 - 109053                   . 	PSNR: 29.418890 dB, 	SSIM: 0.806069
 11 - 119082                   . 	PSNR: 25.261890 dB, 	SSIM: 0.761538
 12 - 12084                    . 	PSNR: 28.161793 dB, 	SSIM: 0.760918
 13 - 123074                   . 	PSNR: 30.167310 dB, 	SSIM: 0.814442
 14 - 126007                   . 	PSNR: 29.731672 dB, 	SSIM: 0.840645
 15 - 130026                   . 	PSNR: 25.131900 dB, 	SSIM: 0.678096
 16 - 134035                   . 	PSNR: 25.170307 dB, 	SSIM: 0.775036
 17 - 14037                    . 	PSNR: 35.016230 dB, 	SSIM: 0.898589
 18 - 143090                   . 	PSNR: 33.290918 dB, 	SSIM: 0.895624
 19 - 145086                   . 	PSNR: 26.386965 dB, 	SSIM: 0.746452
 20 - 147091                   . 	PSNR: 26.095505 dB, 	SSIM: 0.803546
 21 - 148026                   . 	PSNR: 22.341886 dB, 	SSIM: 0.713675
 22 - 148089                   . 	PSNR: 24.262453 dB, 	SSIM: 0.651027
 23 - 156065                   . 	PSNR: 24.860339 dB, 	SSIM: 0.569987
 24 - 157055                   . 	PSNR: 26.827092 dB, 	SSIM: 0.805324
 25 - 159008                   . 	PSNR: 27.867333 dB, 	SSIM: 0.833055
 26 - 160068                   . 	PSNR: 27.143835 dB, 	SSIM: 0.837500
 27 - 16077                    . 	PSNR: 27.892860 dB, 	SSIM: 0.741572
 28 - 163085                   . 	PSNR: 29.748323 dB, 	SSIM: 0.806605
 29 - 167062                   . 	PSNR: 32.907623 dB, 	SSIM: 0.904627
 30 - 167083                   . 	PSNR: 19.897333 dB, 	SSIM: 0.506013
 31 - 170057                   . 	PSNR: 29.956472 dB, 	SSIM: 0.823087
 32 - 175032                   . 	PSNR: 21.001716 dB, 	SSIM: 0.445676
 33 - 175043                   . 	PSNR: 25.310165 dB, 	SSIM: 0.678241
 34 - 182053                   . 	PSNR: 24.672172 dB, 	SSIM: 0.771608
 35 - 189080                   . 	PSNR: 35.518552 dB, 	SSIM: 0.895957
 36 - 19021                    . 	PSNR: 27.193861 dB, 	SSIM: 0.753281
 37 - 196073                   . 	PSNR: 27.980842 dB, 	SSIM: 0.512754
 38 - 197017                   . 	PSNR: 28.427564 dB, 	SSIM: 0.726407
 39 - 208001                   . 	PSNR: 28.665127 dB, 	SSIM: 0.758568
 40 - 210088                   . 	PSNR: 37.563095 dB, 	SSIM: 0.966653
 41 - 21077                    . 	PSNR: 26.880779 dB, 	SSIM: 0.753997
 42 - 216081                   . 	PSNR: 26.140484 dB, 	SSIM: 0.737296
 43 - 219090                   . 	PSNR: 27.032141 dB, 	SSIM: 0.765859
 44 - 220075                   . 	PSNR: 28.426619 dB, 	SSIM: 0.884696
 45 - 223061                   . 	PSNR: 25.232463 dB, 	SSIM: 0.719720
 46 - 227092                   . 	PSNR: 34.970884 dB, 	SSIM: 0.873183
 47 - 229036                   . 	PSNR: 23.010543 dB, 	SSIM: 0.638874
 48 - 236037                   . 	PSNR: 25.047861 dB, 	SSIM: 0.639544
 49 - 24077                    . 	PSNR: 27.861612 dB, 	SSIM: 0.886081
 50 - 241004                   . 	PSNR: 32.348363 dB, 	SSIM: 0.843531
 51 - 241048                   . 	PSNR: 25.002524 dB, 	SSIM: 0.624639
 52 - 253027                   . 	PSNR: 23.148975 dB, 	SSIM: 0.719448
 53 - 253055                   . 	PSNR: 32.750989 dB, 	SSIM: 0.852762
 54 - 260058                   . 	PSNR: 32.618942 dB, 	SSIM: 0.800680
 55 - 271035                   . 	PSNR: 28.193576 dB, 	SSIM: 0.792556
 56 - 285079                   . 	PSNR: 25.874555 dB, 	SSIM: 0.705464
 57 - 291000                   . 	PSNR: 21.548746 dB, 	SSIM: 0.444579
 58 - 295087                   . 	PSNR: 27.617045 dB, 	SSIM: 0.729967
 59 - 296007                   . 	PSNR: 32.056515 dB, 	SSIM: 0.794541
 60 - 296059                   . 	PSNR: 31.466545 dB, 	SSIM: 0.793115
 61 - 299086                   . 	PSNR: 31.905069 dB, 	SSIM: 0.817372
 62 - 300091                   . 	PSNR: 29.167258 dB, 	SSIM: 0.793578
 63 - 302008                   . 	PSNR: 34.786193 dB, 	SSIM: 0.954076
 64 - 304034                   . 	PSNR: 24.461691 dB, 	SSIM: 0.678842
 65 - 304074                   . 	PSNR: 26.106473 dB, 	SSIM: 0.625944
 66 - 306005                   . 	PSNR: 28.482893 dB, 	SSIM: 0.796622
 67 - 3096                     . 	PSNR: 40.610666 dB, 	SSIM: 0.982010
 68 - 33039                    . 	PSNR: 21.218429 dB, 	SSIM: 0.594343
 69 - 351093                   . 	PSNR: 22.833132 dB, 	SSIM: 0.653854
 70 - 361010                   . 	PSNR: 29.297685 dB, 	SSIM: 0.823422
 71 - 37073                    . 	PSNR: 31.214546 dB, 	SSIM: 0.837086
 72 - 376043                   . 	PSNR: 25.539489 dB, 	SSIM: 0.600731
 73 - 38082                    . 	PSNR: 27.235146 dB, 	SSIM: 0.605868
 74 - 38092                    . 	PSNR: 26.381695 dB, 	SSIM: 0.700847
 75 - 385039                   . 	PSNR: 24.318580 dB, 	SSIM: 0.709958
 76 - 41033                    . 	PSNR: 30.768436 dB, 	SSIM: 0.791980
 77 - 41069                    . 	PSNR: 23.681859 dB, 	SSIM: 0.484196
 78 - 42012                    . 	PSNR: 30.047377 dB, 	SSIM: 0.822110
 79 - 42049                    . 	PSNR: 33.410137 dB, 	SSIM: 0.955206
 80 - 43074                    . 	PSNR: 29.787545 dB, 	SSIM: 0.820899
 81 - 45096                    . 	PSNR: 36.085313 dB, 	SSIM: 0.941503
 82 - 54082                    . 	PSNR: 28.653978 dB, 	SSIM: 0.720844
 83 - 55073                    . 	PSNR: 22.330581 dB, 	SSIM: 0.538435
 84 - 58060                    . 	PSNR: 21.114953 dB, 	SSIM: 0.615652
 85 - 62096                    . 	PSNR: 25.771501 dB, 	SSIM: 0.803291
 86 - 65033                    . 	PSNR: 25.137437 dB, 	SSIM: 0.607577
 87 - 66053                    . 	PSNR: 27.486585 dB, 	SSIM: 0.705211
 88 - 69015                    . 	PSNR: 31.057442 dB, 	SSIM: 0.816855
 89 - 69020                    . 	PSNR: 27.295043 dB, 	SSIM: 0.566628
 90 - 69040                    . 	PSNR: 25.388128 dB, 	SSIM: 0.667334
 91 - 76053                    . 	PSNR: 29.140058 dB, 	SSIM: 0.714568
 92 - 78004                    . 	PSNR: 27.553654 dB, 	SSIM: 0.783232
 93 - 8023                     . 	PSNR: 31.145082 dB, 	SSIM: 0.879826
 94 - 85048                    . 	PSNR: 26.175877 dB, 	SSIM: 0.727307
 95 - 86000                    . 	PSNR: 26.935715 dB, 	SSIM: 0.826886
 96 - 86016                    . 	PSNR: 21.971983 dB, 	SSIM: 0.326354
 97 - 86068                    . 	PSNR: 27.090173 dB, 	SSIM: 0.564208
 98 - 87046                    . 	PSNR: 26.442743 dB, 	SSIM: 0.782377
 99 - 89072                    . 	PSNR: 27.042442 dB, 	SSIM: 0.742081
100 - 97033                    . 	PSNR: 25.302507 dB, 	SSIM: 0.738728
Average: PSNR: 27.803855 dB, SSIM: 0.744422
Testing Y channel.
  1 - img001                   . 	PSNR: 28.415846 dB, 	SSIM: 0.790071
  2 - img002                   . 	PSNR: 28.121914 dB, 	SSIM: 0.860213
  3 - img003                   . 	PSNR: 24.245810 dB, 	SSIM: 0.712802
  4 - img004                   . 	PSNR: 25.818066 dB, 	SSIM: 0.885744
  5 - img005                   . 	PSNR: 30.189797 dB, 	SSIM: 0.965556
  6 - img006                   . 	PSNR: 23.056743 dB, 	SSIM: 0.652712
  7 - img007                   . 	PSNR: 30.154442 dB, 	SSIM: 0.876445
  8 - img008                   . 	PSNR: 22.026376 dB, 	SSIM: 0.704714
  9 - img009                   . 	PSNR: 34.916424 dB, 	SSIM: 0.937654
 10 - img010                   . 	PSNR: 28.412130 dB, 	SSIM: 0.906507
 11 - img011                   . 	PSNR: 18.997244 dB, 	SSIM: 0.838461
 12 - img012                   . 	PSNR: 24.376506 dB, 	SSIM: 0.766402
 13 - img013                   . 	PSNR: 30.234667 dB, 	SSIM: 0.858448
 14 - img014                   . 	PSNR: 22.762528 dB, 	SSIM: 0.719534
 15 - img015                   . 	PSNR: 27.062971 dB, 	SSIM: 0.762597
 16 - img016                   . 	PSNR: 31.513122 dB, 	SSIM: 0.924565
 17 - img017                   . 	PSNR: 26.481817 dB, 	SSIM: 0.853473
 18 - img018                   . 	PSNR: 26.545221 dB, 	SSIM: 0.722634
 19 - img019                   . 	PSNR: 23.213695 dB, 	SSIM: 0.843736
 20 - img020                   . 	PSNR: 22.325420 dB, 	SSIM: 0.732288
 21 - img021                   . 	PSNR: 30.271951 dB, 	SSIM: 0.803498
 22 - img022                   . 	PSNR: 26.296310 dB, 	SSIM: 0.769860
 23 - img023                   . 	PSNR: 31.256588 dB, 	SSIM: 0.928064
 24 - img024                   . 	PSNR: 21.640833 dB, 	SSIM: 0.728094
 25 - img025                   . 	PSNR: 33.201518 dB, 	SSIM: 0.916724
 26 - img026                   . 	PSNR: 28.850461 dB, 	SSIM: 0.730725
 27 - img027                   . 	PSNR: 28.782766 dB, 	SSIM: 0.813748
 28 - img028                   . 	PSNR: 31.939409 dB, 	SSIM: 0.885551
 29 - img029                   . 	PSNR: 28.039076 dB, 	SSIM: 0.891001
 30 - img030                   . 	PSNR: 25.605754 dB, 	SSIM: 0.850206
 31 - img031                   . 	PSNR: 24.560267 dB, 	SSIM: 0.808317
 32 - img032                   . 	PSNR: 30.089454 dB, 	SSIM: 0.876817
 33 - img033                   . 	PSNR: 28.517082 dB, 	SSIM: 0.850134
 34 - img034                   . 	PSNR: 23.479220 dB, 	SSIM: 0.604895
 35 - img035                   . 	PSNR: 30.491756 dB, 	SSIM: 0.902341
 36 - img036                   . 	PSNR: 29.691389 dB, 	SSIM: 0.899095
 37 - img037                   . 	PSNR: 26.823626 dB, 	SSIM: 0.813327
 38 - img038                   . 	PSNR: 27.684759 dB, 	SSIM: 0.717980
 39 - img039                   . 	PSNR: 24.012973 dB, 	SSIM: 0.795528
 40 - img040                   . 	PSNR: 29.590472 dB, 	SSIM: 0.960723
 41 - img041                   . 	PSNR: 27.325828 dB, 	SSIM: 0.902418
 42 - img042                   . 	PSNR: 29.777394 dB, 	SSIM: 0.905169
 43 - img043                   . 	PSNR: 33.803286 dB, 	SSIM: 0.943263
 44 - img044                   . 	PSNR: 33.332730 dB, 	SSIM: 0.904513
 45 - img045                   . 	PSNR: 25.281225 dB, 	SSIM: 0.760508
 46 - img046                   . 	PSNR: 24.148920 dB, 	SSIM: 0.786096
 47 - img047                   . 	PSNR: 22.547860 dB, 	SSIM: 0.802695
 48 - img048                   . 	PSNR: 20.610110 dB, 	SSIM: 0.832038
 49 - img049                   . 	PSNR: 24.223756 dB, 	SSIM: 0.780303
 50 - img050                   . 	PSNR: 25.694990 dB, 	SSIM: 0.798867
 51 - img051                   . 	PSNR: 28.046557 dB, 	SSIM: 0.866836
 52 - img052                   . 	PSNR: 30.149094 dB, 	SSIM: 0.927604
 53 - img053                   . 	PSNR: 23.114712 dB, 	SSIM: 0.763628
 54 - img054                   . 	PSNR: 21.643016 dB, 	SSIM: 0.685909
 55 - img055                   . 	PSNR: 34.357752 dB, 	SSIM: 0.955512
 56 - img056                   . 	PSNR: 25.845428 dB, 	SSIM: 0.814461
 57 - img057                   . 	PSNR: 32.063539 dB, 	SSIM: 0.914128
 58 - img058                   . 	PSNR: 26.914807 dB, 	SSIM: 0.883505
 59 - img059                   . 	PSNR: 23.144347 dB, 	SSIM: 0.804150
 60 - img060                   . 	PSNR: 22.988052 dB, 	SSIM: 0.604730
 61 - img061                   . 	PSNR: 25.466980 dB, 	SSIM: 0.794599
 62 - img062                   . 	PSNR: 23.067864 dB, 	SSIM: 0.859995
 63 - img063                   . 	PSNR: 22.771752 dB, 	SSIM: 0.633150
 64 - img064                   . 	PSNR: 27.302587 dB, 	SSIM: 0.807701
 65 - img065                   . 	PSNR: 26.011238 dB, 	SSIM: 0.756423
 66 - img066                   . 	PSNR: 22.479386 dB, 	SSIM: 0.663401
 67 - img067                   . 	PSNR: 21.371412 dB, 	SSIM: 0.912383
 68 - img068                   . 	PSNR: 31.945692 dB, 	SSIM: 0.917809
 69 - img069                   . 	PSNR: 25.369936 dB, 	SSIM: 0.783472
 70 - img070                   . 	PSNR: 22.402252 dB, 	SSIM: 0.615779
 71 - img071                   . 	PSNR: 28.514260 dB, 	SSIM: 0.692066
 72 - img072                   . 	PSNR: 21.774994 dB, 	SSIM: 0.870500
 73 - img073                   . 	PSNR: 21.470019 dB, 	SSIM: 0.636369
 74 - img074                   . 	PSNR: 24.575639 dB, 	SSIM: 0.760440
 75 - img075                   . 	PSNR: 33.145760 dB, 	SSIM: 0.904310
 76 - img076                   . 	PSNR: 24.668248 dB, 	SSIM: 0.804476
 77 - img077                   . 	PSNR: 22.877979 dB, 	SSIM: 0.689142
 78 - img078                   . 	PSNR: 28.705556 dB, 	SSIM: 0.806598
 79 - img079                   . 	PSNR: 25.926434 dB, 	SSIM: 0.718593
 80 - img080                   . 	PSNR: 36.452281 dB, 	SSIM: 0.959526
 81 - img081                   . 	PSNR: 39.456014 dB, 	SSIM: 0.978954
 82 - img082                   . 	PSNR: 34.449207 dB, 	SSIM: 0.950697
 83 - img083                   . 	PSNR: 22.903328 dB, 	SSIM: 0.742269
 84 - img084                   . 	PSNR: 29.468527 dB, 	SSIM: 0.834444
 85 - img085                   . 	PSNR: 29.072025 dB, 	SSIM: 0.916624
 86 - img086                   . 	PSNR: 31.000930 dB, 	SSIM: 0.896808
 87 - img087                   . 	PSNR: 29.633973 dB, 	SSIM: 0.916709
 88 - img088                   . 	PSNR: 19.970472 dB, 	SSIM: 0.596263
 89 - img089                   . 	PSNR: 27.097352 dB, 	SSIM: 0.740405
 90 - img090                   . 	PSNR: 39.966407 dB, 	SSIM: 0.981980
 91 - img091                   . 	PSNR: 24.225823 dB, 	SSIM: 0.696273
 92 - img092                   . 	PSNR: 19.706250 dB, 	SSIM: 0.698509
 93 - img093                   . 	PSNR: 31.310957 dB, 	SSIM: 0.942446
 94 - img094                   . 	PSNR: 27.614999 dB, 	SSIM: 0.802708
 95 - img095                   . 	PSNR: 20.667760 dB, 	SSIM: 0.492265
 96 - img096                   . 	PSNR: 27.220807 dB, 	SSIM: 0.904685
 97 - img097                   . 	PSNR: 25.466449 dB, 	SSIM: 0.793644
 98 - img098                   . 	PSNR: 21.116455 dB, 	SSIM: 0.570627
 99 - img099                   . 	PSNR: 26.684478 dB, 	SSIM: 0.834907
100 - img100                   . 	PSNR: 27.228540 dB, 	SSIM: 0.777178
Average: PSNR: 26.952708 dB, SSIM: 0.811526
Testing Y channel.
  1 - ARMS                     . 	PSNR: 29.264657 dB, 	SSIM: 0.840413
  2 - AisazuNihaIrarenai       . 	PSNR: 31.203671 dB, 	SSIM: 0.819490
  3 - AkkeraKanjinchou         . 	PSNR: 28.875073 dB, 	SSIM: 0.857034
  4 - Akuhamu                  . 	PSNR: 36.623098 dB, 	SSIM: 0.951403
  5 - AosugiruHaru             . 	PSNR: 40.909018 dB, 	SSIM: 0.982492
  6 - AppareKappore            . 	PSNR: 30.884082 dB, 	SSIM: 0.924353
  7 - Arisa                    . 	PSNR: 34.254414 dB, 	SSIM: 0.962289
  8 - BEMADER_P                . 	PSNR: 27.971155 dB, 	SSIM: 0.903220
  9 - BakuretsuKungFuGirl      . 	PSNR: 31.748974 dB, 	SSIM: 0.936972
 10 - Belmondo                 . 	PSNR: 30.354408 dB, 	SSIM: 0.908078
 11 - BokuHaSitatakaKun        . 	PSNR: 31.067755 dB, 	SSIM: 0.959498
 12 - BurariTessenTorimonocho  . 	PSNR: 28.724494 dB, 	SSIM: 0.877427
 13 - ByebyeC-BOY              . 	PSNR: 35.115397 dB, 	SSIM: 0.969877
 14 - Count3DeKimeteAgeru      . 	PSNR: 33.240576 dB, 	SSIM: 0.909788
 15 - DollGun                  . 	PSNR: 30.444704 dB, 	SSIM: 0.932951
 16 - Donburakokko             . 	PSNR: 28.166743 dB, 	SSIM: 0.916667
 17 - DualJustice              . 	PSNR: 32.751563 dB, 	SSIM: 0.969661
 18 - EienNoWith               . 	PSNR: 35.211047 dB, 	SSIM: 0.979450
 19 - EvaLady                  . 	PSNR: 31.438070 dB, 	SSIM: 0.907638
 20 - EverydayOsakanaChan      . 	PSNR: 34.100990 dB, 	SSIM: 0.981014
 21 - GOOD_KISS_Ver2           . 	PSNR: 32.631660 dB, 	SSIM: 0.929859
 22 - GakuenNoise              . 	PSNR: 32.674945 dB, 	SSIM: 0.941383
 23 - GarakutayaManta          . 	PSNR: 31.191370 dB, 	SSIM: 0.926332
 24 - GinNoChimera             . 	PSNR: 38.655358 dB, 	SSIM: 0.974319
 25 - Hamlet                   . 	PSNR: 29.526168 dB, 	SSIM: 0.960323
 26 - HanzaiKousyouninMinegishiEitarou. 	PSNR: 31.798844 dB, 	SSIM: 0.947027
 27 - HaruichibanNoFukukoro    . 	PSNR: 39.840254 dB, 	SSIM: 0.981025
 28 - HarukaRefrain            . 	PSNR: 32.466438 dB, 	SSIM: 0.939125
 29 - HealingPlanet            . 	PSNR: 34.521255 dB, 	SSIM: 0.964049
 30 - HeiseiJimen              . 	PSNR: 32.154194 dB, 	SSIM: 0.948863
 31 - HighschoolKimengumi_vol01. 	PSNR: 28.231215 dB, 	SSIM: 0.952660
 32 - HighschoolKimengumi_vol20. 	PSNR: 28.837258 dB, 	SSIM: 0.944892
 33 - HinagikuKenzan           . 	PSNR: 33.202080 dB, 	SSIM: 0.905242
 34 - HisokaReturns            . 	PSNR: 29.196572 dB, 	SSIM: 0.757478
 35 - JangiriPonpon            . 	PSNR: 27.081337 dB, 	SSIM: 0.880654
 36 - JijiBabaFight            . 	PSNR: 32.498292 dB, 	SSIM: 0.918872
 37 - Joouari                  . 	PSNR: 28.274749 dB, 	SSIM: 0.874322
 38 - Jyovolley                . 	PSNR: 36.666475 dB, 	SSIM: 0.976399
 39 - KarappoHighschool        . 	PSNR: 35.837612 dB, 	SSIM: 0.967515
 40 - KimiHaBokuNoTaiyouDa     . 	PSNR: 28.994929 dB, 	SSIM: 0.915511
 41 - KoukouNoHitotachi        . 	PSNR: 31.606331 dB, 	SSIM: 0.875076
 42 - KuroidoGanka             . 	PSNR: 33.538239 dB, 	SSIM: 0.922256
 43 - KyokugenCyclone          . 	PSNR: 21.265839 dB, 	SSIM: 0.768689
 44 - LancelotFullThrottle     . 	PSNR: 36.429797 dB, 	SSIM: 0.982743
 45 - LoveHina_vol01           . 	PSNR: 25.616494 dB, 	SSIM: 0.925419
 46 - LoveHina_vol14           . 	PSNR: 28.712086 dB, 	SSIM: 0.916582
 47 - MAD_STONE                . 	PSNR: 35.420153 dB, 	SSIM: 0.959490
 48 - MadouTaiga               . 	PSNR: 27.855326 dB, 	SSIM: 0.883803
 49 - MagicStarGakuin          . 	PSNR: 29.605039 dB, 	SSIM: 0.929203
 50 - MagicianLoad             . 	PSNR: 27.319029 dB, 	SSIM: 0.778967
 51 - MariaSamaNihaNaisyo      . 	PSNR: 31.272348 dB, 	SSIM: 0.952596
 52 - MayaNoAkaiKutsu          . 	PSNR: 34.072093 dB, 	SSIM: 0.952578
 53 - MemorySeijin             . 	PSNR: 36.649955 dB, 	SSIM: 0.906978
 54 - MeteoSanStrikeDesu       . 	PSNR: 36.732694 dB, 	SSIM: 0.969398
 55 - MiraiSan                 . 	PSNR: 22.761461 dB, 	SSIM: 0.739037
 56 - MisutenaideDaisy         . 	PSNR: 33.844502 dB, 	SSIM: 0.969361
 57 - MoeruOnisan_vol01        . 	PSNR: 32.130777 dB, 	SSIM: 0.953167
 58 - MoeruOnisan_vol19        . 	PSNR: 33.295136 dB, 	SSIM: 0.955171
 59 - MomoyamaHaikagura        . 	PSNR: 23.963981 dB, 	SSIM: 0.785094
 60 - MukoukizuNoChonbo        . 	PSNR: 34.548842 dB, 	SSIM: 0.973129
 61 - MutekiBoukenSyakuma      . 	PSNR: 33.000024 dB, 	SSIM: 0.954026
 62 - Nekodama                 . 	PSNR: 32.084292 dB, 	SSIM: 0.959276
 63 - NichijouSoup             . 	PSNR: 36.310242 dB, 	SSIM: 0.973064
 64 - Ningyoushi               . 	PSNR: 34.567364 dB, 	SSIM: 0.931632
 65 - OL_Lunch                 . 	PSNR: 26.747618 dB, 	SSIM: 0.950566
 66 - OhWareraRettouSeitokai   . 	PSNR: 33.459189 dB, 	SSIM: 0.947271
 67 - PLANET7                  . 	PSNR: 34.240023 dB, 	SSIM: 0.938876
 68 - ParaisoRoad              . 	PSNR: 32.724531 dB, 	SSIM: 0.949428
 69 - PikaruGenkiDesu          . 	PSNR: 29.170359 dB, 	SSIM: 0.934381
 70 - PlatinumJungle           . 	PSNR: 31.942498 dB, 	SSIM: 0.944860
 71 - PrayerHaNemurenai        . 	PSNR: 28.200157 dB, 	SSIM: 0.722902
 72 - PrismHeart               . 	PSNR: 35.680023 dB, 	SSIM: 0.962676
 73 - PsychoStaff              . 	PSNR: 35.194298 dB, 	SSIM: 0.959391
 74 - Raphael                  . 	PSNR: 28.957898 dB, 	SSIM: 0.899944
 75 - ReveryEarth              . 	PSNR: 30.134946 dB, 	SSIM: 0.908727
 76 - RinToSiteSippuNoNaka     . 	PSNR: 31.190085 dB, 	SSIM: 0.935989
 77 - RisingGirl               . 	PSNR: 30.551906 dB, 	SSIM: 0.886641
 78 - Saisoku                  . 	PSNR: 28.996463 dB, 	SSIM: 0.819694
 79 - SaladDays_vol01          . 	PSNR: 31.897628 dB, 	SSIM: 0.946097
 80 - SaladDays_vol18          . 	PSNR: 31.671624 dB, 	SSIM: 0.949692
 81 - SamayoeruSyonenNiJunaiWo . 	PSNR: 30.736009 dB, 	SSIM: 0.888667
 82 - SeisinkiVulnus           . 	PSNR: 32.525995 dB, 	SSIM: 0.911434
 83 - ShimatteIkouze_vol01     . 	PSNR: 32.854532 dB, 	SSIM: 0.964875
 84 - ShimatteIkouze_vol26     . 	PSNR: 28.551686 dB, 	SSIM: 0.951024
 85 - SonokiDeABC              . 	PSNR: 33.649920 dB, 	SSIM: 0.942813
 86 - SyabondamaKieta          . 	PSNR: 28.861936 dB, 	SSIM: 0.882630
 87 - TaiyouNiSmash            . 	PSNR: 36.876900 dB, 	SSIM: 0.957455
 88 - TapkunNoTanteisitsu      . 	PSNR: 34.986039 dB, 	SSIM: 0.966736
 89 - TasogareTsushin          . 	PSNR: 31.121490 dB, 	SSIM: 0.931922
 90 - TennenSenshiG            . 	PSNR: 26.454609 dB, 	SSIM: 0.877339
 91 - TensiNoHaneToAkumaNoShippo. 	PSNR: 29.923532 dB, 	SSIM: 0.933167
 92 - TetsuSan                 . 	PSNR: 28.040172 dB, 	SSIM: 0.952890
 93 - ThatsIzumiko_000         . 	PSNR: 21.436740 dB, 	SSIM: 0.758492
 94 - TotteokiNoABC            . 	PSNR: 34.736660 dB, 	SSIM: 0.959723
 95 - ToutaMairimasu           . 	PSNR: 27.358641 dB, 	SSIM: 0.896101
 96 - TouyouKidan              . 	PSNR: 30.831778 dB, 	SSIM: 0.918049
 97 - TsubasaNoKioku           . 	PSNR: 32.846083 dB, 	SSIM: 0.878879
 98 - UchiNoNyansDiary_000     . 	PSNR: 30.586724 dB, 	SSIM: 0.973493
 99 - UchuKigekiM774           . 	PSNR: 25.800301 dB, 	SSIM: 0.765712
100 - UltraEleven              . 	PSNR: 24.393377 dB, 	SSIM: 0.906892
101 - UnbalanceTokyo           . 	PSNR: 27.816240 dB, 	SSIM: 0.910887
102 - WarewareHaOniDearu       . 	PSNR: 23.433391 dB, 	SSIM: 0.847090
103 - YamatoNoHane             . 	PSNR: 39.008312 dB, 	SSIM: 0.981059
104 - YasasiiAkuma             . 	PSNR: 29.638557 dB, 	SSIM: 0.918569
105 - YouchienBoueigumi        . 	PSNR: 34.871774 dB, 	SSIM: 0.980669
106 - YoumaKourin              . 	PSNR: 30.209688 dB, 	SSIM: 0.897136
107 - YukiNoFuruMachi          . 	PSNR: 37.900229 dB, 	SSIM: 0.940782
108 - YumeNoKayoiji            . 	PSNR: 31.944905 dB, 	SSIM: 0.868214
109 - YumeiroCooking           . 	PSNR: 29.997532 dB, 	SSIM: 0.938283
Average: PSNR: 31.443908 dB, SSIM: 0.918995
