Testing Y channel.
  1 - baby                     . 	PSNR: 33.960834 dB, 	SSIM: 0.896499
  2 - bird                     . 	PSNR: 35.678458 dB, 	SSIM: 0.950419
  3 - butterfly                . 	PSNR: 29.205788 dB, 	SSIM: 0.931200
  4 - head                     . 	PSNR: 33.042885 dB, 	SSIM: 0.799526
  5 - woman                    . 	PSNR: 31.175773 dB, 	SSIM: 0.921322
Average: PSNR: 32.612748 dB, SSIM: 0.899793
Testing Y channel.
  1 - baboon                   . 	PSNR: 23.104883 dB, 	SSIM: 0.544857
  2 - barbara                  . 	PSNR: 26.494653 dB, 	SSIM: 0.768795
  3 - bridge                   . 	PSNR: 25.528984 dB, 	SSIM: 0.648470
  4 - coastguard               . 	PSNR: 26.263974 dB, 	SSIM: 0.572361
  5 - comic                    . 	PSNR: 23.805820 dB, 	SSIM: 0.748431
  6 - face                     . 	PSNR: 33.050191 dB, 	SSIM: 0.798668
  7 - flowers                  . 	PSNR: 28.606121 dB, 	SSIM: 0.826907
  8 - foreman                  . 	PSNR: 34.052176 dB, 	SSIM: 0.933094
  9 - lenna                    . 	PSNR: 32.905585 dB, 	SSIM: 0.869905
 10 - man                      . 	PSNR: 27.502241 dB, 	SSIM: 0.755885
 11 - monarch                  . 	PSNR: 33.621355 dB, 	SSIM: 0.949482
 12 - pepper                   . 	PSNR: 34.477698 dB, 	SSIM: 0.883142
 13 - ppt3                     . 	PSNR: 27.166029 dB, 	SSIM: 0.957136
 14 - zebra                    . 	PSNR: 27.993200 dB, 	SSIM: 0.789958
Average: PSNR: 28.898065 dB, SSIM: 0.789078
Testing Y channel.
  1 - 101085                   . 	PSNR: 24.167818 dB, 	SSIM: 0.586178
  2 - 101087                   . 	PSNR: 28.890380 dB, 	SSIM: 0.815377
  3 - 102061                   . 	PSNR: 26.935744 dB, 	SSIM: 0.822057
  4 - 103070                   . 	PSNR: 30.810002 dB, 	SSIM: 0.848988
  5 - 105025                   . 	PSNR: 26.328474 dB, 	SSIM: 0.714841
  6 - 106024                   . 	PSNR: 34.234261 dB, 	SSIM: 0.899396
  7 - 108005                   . 	PSNR: 26.585612 dB, 	SSIM: 0.759661
  8 - 108070                   . 	PSNR: 23.140585 dB, 	SSIM: 0.595434
  9 - 108082                   . 	PSNR: 27.651884 dB, 	SSIM: 0.793890
 10 - 109053                   . 	PSNR: 29.402158 dB, 	SSIM: 0.805939
 11 - 119082                   . 	PSNR: 25.218364 dB, 	SSIM: 0.759641
 12 - 12084                    . 	PSNR: 28.199640 dB, 	SSIM: 0.762237
 13 - 123074                   . 	PSNR: 30.154710 dB, 	SSIM: 0.814233
 14 - 126007                   . 	PSNR: 29.761708 dB, 	SSIM: 0.840934
 15 - 130026                   . 	PSNR: 25.130195 dB, 	SSIM: 0.677807
 16 - 134035                   . 	PSNR: 25.185004 dB, 	SSIM: 0.774171
 17 - 14037                    . 	PSNR: 35.009234 dB, 	SSIM: 0.899056
 18 - 143090                   . 	PSNR: 33.294210 dB, 	SSIM: 0.895695
 19 - 145086                   . 	PSNR: 26.370269 dB, 	SSIM: 0.745561
 20 - 147091                   . 	PSNR: 26.097737 dB, 	SSIM: 0.803073
 21 - 148026                   . 	PSNR: 22.316464 dB, 	SSIM: 0.712702
 22 - 148089                   . 	PSNR: 24.219286 dB, 	SSIM: 0.650255
 23 - 156065                   . 	PSNR: 24.857039 dB, 	SSIM: 0.569890
 24 - 157055                   . 	PSNR: 26.798849 dB, 	SSIM: 0.804759
 25 - 159008                   . 	PSNR: 27.867998 dB, 	SSIM: 0.832798
 26 - 160068                   . 	PSNR: 27.154384 dB, 	SSIM: 0.837402
 27 - 16077                    . 	PSNR: 27.878228 dB, 	SSIM: 0.741084
 28 - 163085                   . 	PSNR: 29.772569 dB, 	SSIM: 0.806746
 29 - 167062                   . 	PSNR: 32.717393 dB, 	SSIM: 0.903416
 30 - 167083                   . 	PSNR: 19.908989 dB, 	SSIM: 0.505414
 31 - 170057                   . 	PSNR: 29.940477 dB, 	SSIM: 0.822876
 32 - 175032                   . 	PSNR: 20.996571 dB, 	SSIM: 0.446145
 33 - 175043                   . 	PSNR: 25.291335 dB, 	SSIM: 0.678185
 34 - 182053                   . 	PSNR: 24.702679 dB, 	SSIM: 0.772515
 35 - 189080                   . 	PSNR: 35.440295 dB, 	SSIM: 0.895376
 36 - 19021                    . 	PSNR: 27.184037 dB, 	SSIM: 0.753176
 37 - 196073                   . 	PSNR: 27.971204 dB, 	SSIM: 0.512374
 38 - 197017                   . 	PSNR: 28.407227 dB, 	SSIM: 0.725671
 39 - 208001                   . 	PSNR: 28.667568 dB, 	SSIM: 0.758815
 40 - 210088                   . 	PSNR: 37.473924 dB, 	SSIM: 0.965978
 41 - 21077                    . 	PSNR: 27.025511 dB, 	SSIM: 0.756286
 42 - 216081                   . 	PSNR: 26.096749 dB, 	SSIM: 0.736084
 43 - 219090                   . 	PSNR: 27.032349 dB, 	SSIM: 0.764738
 44 - 220075                   . 	PSNR: 28.372277 dB, 	SSIM: 0.884207
 45 - 223061                   . 	PSNR: 25.212549 dB, 	SSIM: 0.718096
 46 - 227092                   . 	PSNR: 34.936250 dB, 	SSIM: 0.872779
 47 - 229036                   . 	PSNR: 23.027891 dB, 	SSIM: 0.638582
 48 - 236037                   . 	PSNR: 25.046650 dB, 	SSIM: 0.638780
 49 - 24077                    . 	PSNR: 27.848572 dB, 	SSIM: 0.885733
 50 - 241004                   . 	PSNR: 32.338019 dB, 	SSIM: 0.843294
 51 - 241048                   . 	PSNR: 25.001402 dB, 	SSIM: 0.623797
 52 - 253027                   . 	PSNR: 23.074885 dB, 	SSIM: 0.718589
 53 - 253055                   . 	PSNR: 32.766800 dB, 	SSIM: 0.853131
 54 - 260058                   . 	PSNR: 32.624917 dB, 	SSIM: 0.800688
 55 - 271035                   . 	PSNR: 28.138017 dB, 	SSIM: 0.790962
 56 - 285079                   . 	PSNR: 25.856841 dB, 	SSIM: 0.704624
 57 - 291000                   . 	PSNR: 21.532387 dB, 	SSIM: 0.441080
 58 - 295087                   . 	PSNR: 27.612047 dB, 	SSIM: 0.729377
 59 - 296007                   . 	PSNR: 32.047701 dB, 	SSIM: 0.794056
 60 - 296059                   . 	PSNR: 31.426173 dB, 	SSIM: 0.792418
 61 - 299086                   . 	PSNR: 31.881376 dB, 	SSIM: 0.817106
 62 - 300091                   . 	PSNR: 29.206388 dB, 	SSIM: 0.794225
 63 - 302008                   . 	PSNR: 34.821152 dB, 	SSIM: 0.954004
 64 - 304034                   . 	PSNR: 24.455116 dB, 	SSIM: 0.678387
 65 - 304074                   . 	PSNR: 26.098041 dB, 	SSIM: 0.625402
 66 - 306005                   . 	PSNR: 28.472576 dB, 	SSIM: 0.795976
 67 - 3096                     . 	PSNR: 40.464399 dB, 	SSIM: 0.981694
 68 - 33039                    . 	PSNR: 21.224874 dB, 	SSIM: 0.594815
 69 - 351093                   . 	PSNR: 22.835768 dB, 	SSIM: 0.653328
 70 - 361010                   . 	PSNR: 29.272679 dB, 	SSIM: 0.823146
 71 - 37073                    . 	PSNR: 31.173099 dB, 	SSIM: 0.836240
 72 - 376043                   . 	PSNR: 25.530446 dB, 	SSIM: 0.600638
 73 - 38082                    . 	PSNR: 27.235050 dB, 	SSIM: 0.605902
 74 - 38092                    . 	PSNR: 26.375105 dB, 	SSIM: 0.700299
 75 - 385039                   . 	PSNR: 24.285768 dB, 	SSIM: 0.709506
 76 - 41033                    . 	PSNR: 30.768560 dB, 	SSIM: 0.791817
 77 - 41069                    . 	PSNR: 23.698005 dB, 	SSIM: 0.483835
 78 - 42012                    . 	PSNR: 30.029886 dB, 	SSIM: 0.821568
 79 - 42049                    . 	PSNR: 33.209716 dB, 	SSIM: 0.953441
 80 - 43074                    . 	PSNR: 29.790741 dB, 	SSIM: 0.820744
 81 - 45096                    . 	PSNR: 36.096070 dB, 	SSIM: 0.941427
 82 - 54082                    . 	PSNR: 28.644359 dB, 	SSIM: 0.720751
 83 - 55073                    . 	PSNR: 22.337489 dB, 	SSIM: 0.538262
 84 - 58060                    . 	PSNR: 21.110128 dB, 	SSIM: 0.614689
 85 - 62096                    . 	PSNR: 25.771837 dB, 	SSIM: 0.803194
 86 - 65033                    . 	PSNR: 25.136931 dB, 	SSIM: 0.607429
 87 - 66053                    . 	PSNR: 27.487506 dB, 	SSIM: 0.705777
 88 - 69015                    . 	PSNR: 31.043076 dB, 	SSIM: 0.816419
 89 - 69020                    . 	PSNR: 27.298324 dB, 	SSIM: 0.566580
 90 - 69040                    . 	PSNR: 25.371777 dB, 	SSIM: 0.666034
 91 - 76053                    . 	PSNR: 29.223951 dB, 	SSIM: 0.716173
 92 - 78004                    . 	PSNR: 27.516656 dB, 	SSIM: 0.781018
 93 - 8023                     . 	PSNR: 31.167512 dB, 	SSIM: 0.879997
 94 - 85048                    . 	PSNR: 26.193852 dB, 	SSIM: 0.727823
 95 - 86000                    . 	PSNR: 26.895710 dB, 	SSIM: 0.825216
 96 - 86016                    . 	PSNR: 21.967126 dB, 	SSIM: 0.325966
 97 - 86068                    . 	PSNR: 27.085334 dB, 	SSIM: 0.564022
 98 - 87046                    . 	PSNR: 26.450530 dB, 	SSIM: 0.782517
 99 - 89072                    . 	PSNR: 27.035377 dB, 	SSIM: 0.741492
100 - 97033                    . 	PSNR: 25.317004 dB, 	SSIM: 0.738295
Average: PSNR: 27.791318 dB, SSIM: 0.744022
Testing Y channel.
  1 - img001                   . 	PSNR: 28.330780 dB, 	SSIM: 0.788208
  2 - img002                   . 	PSNR: 28.019788 dB, 	SSIM: 0.858260
  3 - img003                   . 	PSNR: 24.203882 dB, 	SSIM: 0.709903
  4 - img004                   . 	PSNR: 25.771553 dB, 	SSIM: 0.884645
  5 - img005                   . 	PSNR: 29.836265 dB, 	SSIM: 0.962612
  6 - img006                   . 	PSNR: 23.034070 dB, 	SSIM: 0.651927
  7 - img007                   . 	PSNR: 30.106467 dB, 	SSIM: 0.875583
  8 - img008                   . 	PSNR: 21.938168 dB, 	SSIM: 0.701559
  9 - img009                   . 	PSNR: 35.056002 dB, 	SSIM: 0.937814
 10 - img010                   . 	PSNR: 27.990428 dB, 	SSIM: 0.900915
 11 - img011                   . 	PSNR: 19.353742 dB, 	SSIM: 0.844256
 12 - img012                   . 	PSNR: 24.311854 dB, 	SSIM: 0.761951
 13 - img013                   . 	PSNR: 30.127254 dB, 	SSIM: 0.856236
 14 - img014                   . 	PSNR: 22.692226 dB, 	SSIM: 0.716914
 15 - img015                   . 	PSNR: 26.758210 dB, 	SSIM: 0.756523
 16 - img016                   . 	PSNR: 31.596192 dB, 	SSIM: 0.924785
 17 - img017                   . 	PSNR: 26.507026 dB, 	SSIM: 0.853934
 18 - img018                   . 	PSNR: 26.544790 dB, 	SSIM: 0.722376
 19 - img019                   . 	PSNR: 23.042367 dB, 	SSIM: 0.839590
 20 - img020                   . 	PSNR: 22.281866 dB, 	SSIM: 0.728856
 21 - img021                   . 	PSNR: 30.322637 dB, 	SSIM: 0.803570
 22 - img022                   . 	PSNR: 26.280704 dB, 	SSIM: 0.769067
 23 - img023                   . 	PSNR: 31.196874 dB, 	SSIM: 0.927509
 24 - img024                   . 	PSNR: 21.795780 dB, 	SSIM: 0.732956
 25 - img025                   . 	PSNR: 32.467069 dB, 	SSIM: 0.910988
 26 - img026                   . 	PSNR: 28.824923 dB, 	SSIM: 0.729228
 27 - img027                   . 	PSNR: 28.715455 dB, 	SSIM: 0.812185
 28 - img028                   . 	PSNR: 31.971635 dB, 	SSIM: 0.885105
 29 - img029                   . 	PSNR: 27.819024 dB, 	SSIM: 0.884907
 30 - img030                   . 	PSNR: 25.609373 dB, 	SSIM: 0.849347
 31 - img031                   . 	PSNR: 24.534404 dB, 	SSIM: 0.806608
 32 - img032                   . 	PSNR: 29.975301 dB, 	SSIM: 0.874524
 33 - img033                   . 	PSNR: 28.296734 dB, 	SSIM: 0.844220
 34 - img034                   . 	PSNR: 23.457140 dB, 	SSIM: 0.603045
 35 - img035                   . 	PSNR: 29.970211 dB, 	SSIM: 0.893170
 36 - img036                   . 	PSNR: 29.460424 dB, 	SSIM: 0.896846
 37 - img037                   . 	PSNR: 26.785108 dB, 	SSIM: 0.812126
 38 - img038                   . 	PSNR: 27.701526 dB, 	SSIM: 0.717566
 39 - img039                   . 	PSNR: 23.875991 dB, 	SSIM: 0.790777
 40 - img040                   . 	PSNR: 29.030343 dB, 	SSIM: 0.955111
 41 - img041                   . 	PSNR: 27.023098 dB, 	SSIM: 0.896151
 42 - img042                   . 	PSNR: 29.840661 dB, 	SSIM: 0.905034
 43 - img043                   . 	PSNR: 32.279687 dB, 	SSIM: 0.936055
 44 - img044                   . 	PSNR: 33.495704 dB, 	SSIM: 0.907675
 45 - img045                   . 	PSNR: 25.466933 dB, 	SSIM: 0.768900
 46 - img046                   . 	PSNR: 24.108053 dB, 	SSIM: 0.783755
 47 - img047                   . 	PSNR: 22.371805 dB, 	SSIM: 0.796118
 48 - img048                   . 	PSNR: 20.589639 dB, 	SSIM: 0.828635
 49 - img049                   . 	PSNR: 24.140294 dB, 	SSIM: 0.777975
 50 - img050                   . 	PSNR: 25.669867 dB, 	SSIM: 0.794651
 51 - img051                   . 	PSNR: 28.020370 dB, 	SSIM: 0.866457
 52 - img052                   . 	PSNR: 29.757789 dB, 	SSIM: 0.921559
 53 - img053                   . 	PSNR: 23.116059 dB, 	SSIM: 0.761956
 54 - img054                   . 	PSNR: 21.623368 dB, 	SSIM: 0.683565
 55 - img055                   . 	PSNR: 34.178627 dB, 	SSIM: 0.955112
 56 - img056                   . 	PSNR: 25.821460 dB, 	SSIM: 0.812816
 57 - img057                   . 	PSNR: 31.813720 dB, 	SSIM: 0.910792
 58 - img058                   . 	PSNR: 26.796852 dB, 	SSIM: 0.882558
 59 - img059                   . 	PSNR: 23.020383 dB, 	SSIM: 0.798301
 60 - img060                   . 	PSNR: 22.959106 dB, 	SSIM: 0.601852
 61 - img061                   . 	PSNR: 25.428696 dB, 	SSIM: 0.790886
 62 - img062                   . 	PSNR: 22.787034 dB, 	SSIM: 0.853205
 63 - img063                   . 	PSNR: 22.673089 dB, 	SSIM: 0.632876
 64 - img064                   . 	PSNR: 27.242662 dB, 	SSIM: 0.805215
 65 - img065                   . 	PSNR: 25.986527 dB, 	SSIM: 0.756584
 66 - img066                   . 	PSNR: 22.539721 dB, 	SSIM: 0.665753
 67 - img067                   . 	PSNR: 21.438485 dB, 	SSIM: 0.912575
 68 - img068                   . 	PSNR: 32.101128 dB, 	SSIM: 0.918884
 69 - img069                   . 	PSNR: 25.324944 dB, 	SSIM: 0.780657
 70 - img070                   . 	PSNR: 22.379458 dB, 	SSIM: 0.614149
 71 - img071                   . 	PSNR: 28.472577 dB, 	SSIM: 0.689296
 72 - img072                   . 	PSNR: 21.549293 dB, 	SSIM: 0.861135
 73 - img073                   . 	PSNR: 21.411527 dB, 	SSIM: 0.632090
 74 - img074                   . 	PSNR: 24.478463 dB, 	SSIM: 0.755034
 75 - img075                   . 	PSNR: 32.825630 dB, 	SSIM: 0.901007
 76 - img076                   . 	PSNR: 24.675470 dB, 	SSIM: 0.802830
 77 - img077                   . 	PSNR: 22.874127 dB, 	SSIM: 0.688484
 78 - img078                   . 	PSNR: 28.698520 dB, 	SSIM: 0.805365
 79 - img079                   . 	PSNR: 25.887928 dB, 	SSIM: 0.716936
 80 - img080                   . 	PSNR: 36.331310 dB, 	SSIM: 0.958948
 81 - img081                   . 	PSNR: 38.411511 dB, 	SSIM: 0.975551
 82 - img082                   . 	PSNR: 34.301613 dB, 	SSIM: 0.949639
 83 - img083                   . 	PSNR: 22.865337 dB, 	SSIM: 0.739155
 84 - img084                   . 	PSNR: 29.465504 dB, 	SSIM: 0.834411
 85 - img085                   . 	PSNR: 29.096263 dB, 	SSIM: 0.916713
 86 - img086                   . 	PSNR: 31.016616 dB, 	SSIM: 0.897097
 87 - img087                   . 	PSNR: 29.451183 dB, 	SSIM: 0.914226
 88 - img088                   . 	PSNR: 19.994917 dB, 	SSIM: 0.594320
 89 - img089                   . 	PSNR: 27.110427 dB, 	SSIM: 0.740680
 90 - img090                   . 	PSNR: 39.654881 dB, 	SSIM: 0.981191
 91 - img091                   . 	PSNR: 24.241729 dB, 	SSIM: 0.695305
 92 - img092                   . 	PSNR: 19.569417 dB, 	SSIM: 0.688535
 93 - img093                   . 	PSNR: 31.252025 dB, 	SSIM: 0.940396
 94 - img094                   . 	PSNR: 27.606157 dB, 	SSIM: 0.802800
 95 - img095                   . 	PSNR: 20.703218 dB, 	SSIM: 0.494544
 96 - img096                   . 	PSNR: 26.907378 dB, 	SSIM: 0.898728
 97 - img097                   . 	PSNR: 25.451424 dB, 	SSIM: 0.792154
 98 - img098                   . 	PSNR: 21.095162 dB, 	SSIM: 0.568480
 99 - img099                   . 	PSNR: 26.456467 dB, 	SSIM: 0.826882
100 - img100                   . 	PSNR: 27.082738 dB, 	SSIM: 0.773624
Average: PSNR: 26.845276 dB, SSIM: 0.809320
Testing Y channel.
  1 - ARMS                     . 	PSNR: 29.268436 dB, 	SSIM: 0.838757
  2 - AisazuNihaIrarenai       . 	PSNR: 31.242965 dB, 	SSIM: 0.819208
  3 - AkkeraKanjinchou         . 	PSNR: 28.910387 dB, 	SSIM: 0.856353
  4 - Akuhamu                  . 	PSNR: 36.669677 dB, 	SSIM: 0.951386
  5 - AosugiruHaru             . 	PSNR: 40.548391 dB, 	SSIM: 0.981090
  6 - AppareKappore            . 	PSNR: 30.874740 dB, 	SSIM: 0.923670
  7 - Arisa                    . 	PSNR: 34.394014 dB, 	SSIM: 0.961881
  8 - BEMADER_P                . 	PSNR: 28.051653 dB, 	SSIM: 0.902638
  9 - BakuretsuKungFuGirl      . 	PSNR: 31.848990 dB, 	SSIM: 0.936742
 10 - Belmondo                 . 	PSNR: 30.637967 dB, 	SSIM: 0.908755
 11 - BokuHaSitatakaKun        . 	PSNR: 31.101544 dB, 	SSIM: 0.959105
 12 - BurariTessenTorimonocho  . 	PSNR: 28.811123 dB, 	SSIM: 0.877210
 13 - ByebyeC-BOY              . 	PSNR: 35.109734 dB, 	SSIM: 0.969399
 14 - Count3DeKimeteAgeru      . 	PSNR: 33.188996 dB, 	SSIM: 0.909075
 15 - DollGun                  . 	PSNR: 30.387226 dB, 	SSIM: 0.932155
 16 - Donburakokko             . 	PSNR: 28.133516 dB, 	SSIM: 0.915451
 17 - DualJustice              . 	PSNR: 32.867755 dB, 	SSIM: 0.969388
 18 - EienNoWith               . 	PSNR: 35.247034 dB, 	SSIM: 0.979400
 19 - EvaLady                  . 	PSNR: 31.364163 dB, 	SSIM: 0.907148
 20 - EverydayOsakanaChan      . 	PSNR: 34.088487 dB, 	SSIM: 0.980383
 21 - GOOD_KISS_Ver2           . 	PSNR: 32.598841 dB, 	SSIM: 0.928188
 22 - GakuenNoise              . 	PSNR: 32.641507 dB, 	SSIM: 0.939364
 23 - GarakutayaManta          . 	PSNR: 31.339145 dB, 	SSIM: 0.926943
 24 - GinNoChimera             . 	PSNR: 38.538321 dB, 	SSIM: 0.973905
 25 - Hamlet                   . 	PSNR: 29.421710 dB, 	SSIM: 0.958953
 26 - HanzaiKousyouninMinegishiEitarou. 	PSNR: 31.876805 dB, 	SSIM: 0.947004
 27 - HaruichibanNoFukukoro    . 	PSNR: 39.825793 dB, 	SSIM: 0.980603
 28 - HarukaRefrain            . 	PSNR: 32.592332 dB, 	SSIM: 0.939825
 29 - HealingPlanet            . 	PSNR: 34.783163 dB, 	SSIM: 0.963998
 30 - HeiseiJimen              . 	PSNR: 32.269758 dB, 	SSIM: 0.948869
 31 - HighschoolKimengumi_vol01. 	PSNR: 28.315821 dB, 	SSIM: 0.951839
 32 - HighschoolKimengumi_vol20. 	PSNR: 29.083289 dB, 	SSIM: 0.943968
 33 - HinagikuKenzan           . 	PSNR: 33.275596 dB, 	SSIM: 0.905676
 34 - HisokaReturns            . 	PSNR: 29.239945 dB, 	SSIM: 0.756925
 35 - JangiriPonpon            . 	PSNR: 27.208965 dB, 	SSIM: 0.881445
 36 - JijiBabaFight            . 	PSNR: 32.582928 dB, 	SSIM: 0.918523
 37 - Joouari                  . 	PSNR: 28.227677 dB, 	SSIM: 0.873239
 38 - Jyovolley                . 	PSNR: 36.421378 dB, 	SSIM: 0.975698
 39 - KarappoHighschool        . 	PSNR: 36.096312 dB, 	SSIM: 0.967869
 40 - KimiHaBokuNoTaiyouDa     . 	PSNR: 29.035716 dB, 	SSIM: 0.913710
 41 - KoukouNoHitotachi        . 	PSNR: 31.736982 dB, 	SSIM: 0.875468
 42 - KuroidoGanka             . 	PSNR: 33.658197 dB, 	SSIM: 0.922341
 43 - KyokugenCyclone          . 	PSNR: 21.297448 dB, 	SSIM: 0.767310
 44 - LancelotFullThrottle     . 	PSNR: 36.570643 dB, 	SSIM: 0.982540
 45 - LoveHina_vol01           . 	PSNR: 25.606361 dB, 	SSIM: 0.924248
 46 - LoveHina_vol14           . 	PSNR: 28.824312 dB, 	SSIM: 0.917729
 47 - MAD_STONE                . 	PSNR: 35.473057 dB, 	SSIM: 0.959266
 48 - MadouTaiga               . 	PSNR: 27.870857 dB, 	SSIM: 0.883115
 49 - MagicStarGakuin          . 	PSNR: 29.578703 dB, 	SSIM: 0.928141
 50 - MagicianLoad             . 	PSNR: 27.273037 dB, 	SSIM: 0.777411
 51 - MariaSamaNihaNaisyo      . 	PSNR: 31.378433 dB, 	SSIM: 0.952286
 52 - MayaNoAkaiKutsu          . 	PSNR: 34.110580 dB, 	SSIM: 0.952420
 53 - MemorySeijin             . 	PSNR: 36.626937 dB, 	SSIM: 0.906859
 54 - MeteoSanStrikeDesu       . 	PSNR: 36.786848 dB, 	SSIM: 0.969153
 55 - MiraiSan                 . 	PSNR: 22.744323 dB, 	SSIM: 0.736447
 56 - MisutenaideDaisy         . 	PSNR: 33.791120 dB, 	SSIM: 0.969052
 57 - MoeruOnisan_vol01        . 	PSNR: 32.207870 dB, 	SSIM: 0.953139
 58 - MoeruOnisan_vol19        . 	PSNR: 33.393330 dB, 	SSIM: 0.954672
 59 - MomoyamaHaikagura        . 	PSNR: 23.927226 dB, 	SSIM: 0.782541
 60 - MukoukizuNoChonbo        . 	PSNR: 34.457990 dB, 	SSIM: 0.972522
 61 - MutekiBoukenSyakuma      . 	PSNR: 33.039743 dB, 	SSIM: 0.953729
 62 - Nekodama                 . 	PSNR: 32.188052 dB, 	SSIM: 0.958868
 63 - NichijouSoup             . 	PSNR: 36.324517 dB, 	SSIM: 0.972887
 64 - Ningyoushi               . 	PSNR: 34.624031 dB, 	SSIM: 0.931801
 65 - OL_Lunch                 . 	PSNR: 26.553076 dB, 	SSIM: 0.946653
 66 - OhWareraRettouSeitokai   . 	PSNR: 33.451442 dB, 	SSIM: 0.947068
 67 - PLANET7                  . 	PSNR: 34.226542 dB, 	SSIM: 0.938492
 68 - ParaisoRoad              . 	PSNR: 32.763730 dB, 	SSIM: 0.949032
 69 - PikaruGenkiDesu          . 	PSNR: 29.211599 dB, 	SSIM: 0.933716
 70 - PlatinumJungle           . 	PSNR: 32.000395 dB, 	SSIM: 0.944790
 71 - PrayerHaNemurenai        . 	PSNR: 28.221358 dB, 	SSIM: 0.722954
 72 - PrismHeart               . 	PSNR: 35.720682 dB, 	SSIM: 0.962235
 73 - PsychoStaff              . 	PSNR: 35.175292 dB, 	SSIM: 0.958816
 74 - Raphael                  . 	PSNR: 28.929782 dB, 	SSIM: 0.899296
 75 - ReveryEarth              . 	PSNR: 30.170833 dB, 	SSIM: 0.908140
 76 - RinToSiteSippuNoNaka     . 	PSNR: 31.327383 dB, 	SSIM: 0.935475
 77 - RisingGirl               . 	PSNR: 30.458094 dB, 	SSIM: 0.885496
 78 - Saisoku                  . 	PSNR: 28.888673 dB, 	SSIM: 0.818119
 79 - SaladDays_vol01          . 	PSNR: 31.767087 dB, 	SSIM: 0.944735
 80 - SaladDays_vol18          . 	PSNR: 31.825683 dB, 	SSIM: 0.950553
 81 - SamayoeruSyonenNiJunaiWo . 	PSNR: 30.742057 dB, 	SSIM: 0.888500
 82 - SeisinkiVulnus           . 	PSNR: 32.557613 dB, 	SSIM: 0.911397
 83 - ShimatteIkouze_vol01     . 	PSNR: 32.876451 dB, 	SSIM: 0.963934
 84 - ShimatteIkouze_vol26     . 	PSNR: 28.600459 dB, 	SSIM: 0.950342
 85 - SonokiDeABC              . 	PSNR: 33.702025 dB, 	SSIM: 0.943110
 86 - SyabondamaKieta          . 	PSNR: 28.868723 dB, 	SSIM: 0.882851
 87 - TaiyouNiSmash            . 	PSNR: 36.776454 dB, 	SSIM: 0.956862
 88 - TapkunNoTanteisitsu      . 	PSNR: 34.962418 dB, 	SSIM: 0.966189
 89 - TasogareTsushin          . 	PSNR: 31.094691 dB, 	SSIM: 0.931472
 90 - TennenSenshiG            . 	PSNR: 26.290026 dB, 	SSIM: 0.873963
 91 - TensiNoHaneToAkumaNoShippo. 	PSNR: 29.939301 dB, 	SSIM: 0.932518
 92 - TetsuSan                 . 	PSNR: 27.417685 dB, 	SSIM: 0.947738
 93 - ThatsIzumiko_000         . 	PSNR: 21.426667 dB, 	SSIM: 0.755791
 94 - TotteokiNoABC            . 	PSNR: 34.827548 dB, 	SSIM: 0.959634
 95 - ToutaMairimasu           . 	PSNR: 27.180652 dB, 	SSIM: 0.893613
 96 - TouyouKidan              . 	PSNR: 31.039529 dB, 	SSIM: 0.916786
 97 - TsubasaNoKioku           . 	PSNR: 32.887283 dB, 	SSIM: 0.878888
 98 - UchiNoNyansDiary_000     . 	PSNR: 30.259329 dB, 	SSIM: 0.970725
 99 - UchuKigekiM774           . 	PSNR: 26.021625 dB, 	SSIM: 0.770035
100 - UltraEleven              . 	PSNR: 24.377367 dB, 	SSIM: 0.904199
101 - UnbalanceTokyo           . 	PSNR: 27.854409 dB, 	SSIM: 0.910147
102 - WarewareHaOniDearu       . 	PSNR: 21.865503 dB, 	SSIM: 0.792052
103 - YamatoNoHane             . 	PSNR: 38.938776 dB, 	SSIM: 0.980480
104 - YasasiiAkuma             . 	PSNR: 29.580069 dB, 	SSIM: 0.918357
105 - YouchienBoueigumi        . 	PSNR: 33.962062 dB, 	SSIM: 0.976509
106 - YoumaKourin              . 	PSNR: 30.292711 dB, 	SSIM: 0.897251
107 - YukiNoFuruMachi          . 	PSNR: 38.137092 dB, 	SSIM: 0.941231
108 - YumeNoKayoiji            . 	PSNR: 32.037555 dB, 	SSIM: 0.869023
109 - YumeiroCooking           . 	PSNR: 30.046698 dB, 	SSIM: 0.937855
Average: PSNR: 31.439145 dB, SSIM: 0.917860
