Testing Y channel.
  1 - baby                     . 	PSNR: 33.895576 dB, 	SSIM: 0.895712
  2 - bird                     . 	PSNR: 35.387130 dB, 	SSIM: 0.948611
  3 - butterfly                . 	PSNR: 29.568559 dB, 	SSIM: 0.936079
  4 - head                     . 	PSNR: 33.072461 dB, 	SSIM: 0.800176
  5 - woman                    . 	PSNR: 30.996282 dB, 	SSIM: 0.920149
Average: PSNR: 32.584002 dB, SSIM: 0.900145
Testing Y channel.
  1 - baboon                   . 	PSNR: 23.102435 dB, 	SSIM: 0.547280
  2 - barbara                  . 	PSNR: 26.358624 dB, 	SSIM: 0.768882
  3 - bridge                   . 	PSNR: 25.462759 dB, 	SSIM: 0.644382
  4 - coastguard               . 	PSNR: 26.148989 dB, 	SSIM: 0.568653
  5 - comic                    . 	PSNR: 23.770683 dB, 	SSIM: 0.750458
  6 - face                     . 	PSNR: 32.976494 dB, 	SSIM: 0.797825
  7 - flowers                  . 	PSNR: 28.588451 dB, 	SSIM: 0.829836
  8 - foreman                  . 	PSNR: 34.063655 dB, 	SSIM: 0.932175
  9 - lenna                    . 	PSNR: 32.651396 dB, 	SSIM: 0.867154
 10 - man                      . 	PSNR: 27.494642 dB, 	SSIM: 0.754817
 11 - monarch                  . 	PSNR: 33.938397 dB, 	SSIM: 0.951150
 12 - pepper                   . 	PSNR: 34.562547 dB, 	SSIM: 0.883518
 13 - ppt3                     . 	PSNR: 27.217600 dB, 	SSIM: 0.957946
 14 - zebra                    . 	PSNR: 27.888655 dB, 	SSIM: 0.789628
Average: PSNR: 28.873238 dB, SSIM: 0.788836
Testing Y channel.
  1 - 101085                   . 	PSNR: 24.169865 dB, 	SSIM: 0.589892
  2 - 101087                   . 	PSNR: 28.977940 dB, 	SSIM: 0.817615
  3 - 102061                   . 	PSNR: 26.850143 dB, 	SSIM: 0.821943
  4 - 103070                   . 	PSNR: 30.783769 dB, 	SSIM: 0.847793
  5 - 105025                   . 	PSNR: 26.292240 dB, 	SSIM: 0.712669
  6 - 106024                   . 	PSNR: 34.314804 dB, 	SSIM: 0.899024
  7 - 108005                   . 	PSNR: 26.497764 dB, 	SSIM: 0.755900
  8 - 108070                   . 	PSNR: 23.112955 dB, 	SSIM: 0.594287
  9 - 108082                   . 	PSNR: 27.624288 dB, 	SSIM: 0.794181
 10 - 109053                   . 	PSNR: 29.405735 dB, 	SSIM: 0.805148
 11 - 119082                   . 	PSNR: 25.325016 dB, 	SSIM: 0.753368
 12 - 12084                    . 	PSNR: 28.120124 dB, 	SSIM: 0.759056
 13 - 123074                   . 	PSNR: 30.129398 dB, 	SSIM: 0.812951
 14 - 126007                   . 	PSNR: 29.851098 dB, 	SSIM: 0.841429
 15 - 130026                   . 	PSNR: 25.136626 dB, 	SSIM: 0.677957
 16 - 134035                   . 	PSNR: 24.960577 dB, 	SSIM: 0.769893
 17 - 14037                    . 	PSNR: 35.035538 dB, 	SSIM: 0.899588
 18 - 143090                   . 	PSNR: 33.293457 dB, 	SSIM: 0.894597
 19 - 145086                   . 	PSNR: 26.292400 dB, 	SSIM: 0.746400
 20 - 147091                   . 	PSNR: 26.153719 dB, 	SSIM: 0.804201
 21 - 148026                   . 	PSNR: 22.330350 dB, 	SSIM: 0.714248
 22 - 148089                   . 	PSNR: 24.111869 dB, 	SSIM: 0.644907
 23 - 156065                   . 	PSNR: 24.864099 dB, 	SSIM: 0.570448
 24 - 157055                   . 	PSNR: 26.825802 dB, 	SSIM: 0.803792
 25 - 159008                   . 	PSNR: 27.789966 dB, 	SSIM: 0.831132
 26 - 160068                   . 	PSNR: 27.093305 dB, 	SSIM: 0.836461
 27 - 16077                    . 	PSNR: 27.897100 dB, 	SSIM: 0.742716
 28 - 163085                   . 	PSNR: 29.755544 dB, 	SSIM: 0.806026
 29 - 167062                   . 	PSNR: 32.875377 dB, 	SSIM: 0.904909
 30 - 167083                   . 	PSNR: 19.941661 dB, 	SSIM: 0.508646
 31 - 170057                   . 	PSNR: 29.923386 dB, 	SSIM: 0.821965
 32 - 175032                   . 	PSNR: 21.002013 dB, 	SSIM: 0.445306
 33 - 175043                   . 	PSNR: 25.272111 dB, 	SSIM: 0.676498
 34 - 182053                   . 	PSNR: 24.806861 dB, 	SSIM: 0.777613
 35 - 189080                   . 	PSNR: 35.532513 dB, 	SSIM: 0.895464
 36 - 19021                    . 	PSNR: 27.201083 dB, 	SSIM: 0.753280
 37 - 196073                   . 	PSNR: 27.878021 dB, 	SSIM: 0.510994
 38 - 197017                   . 	PSNR: 28.407726 dB, 	SSIM: 0.725857
 39 - 208001                   . 	PSNR: 28.666093 dB, 	SSIM: 0.758630
 40 - 210088                   . 	PSNR: 36.611855 dB, 	SSIM: 0.964072
 41 - 21077                    . 	PSNR: 27.065690 dB, 	SSIM: 0.756257
 42 - 216081                   . 	PSNR: 25.980772 dB, 	SSIM: 0.733236
 43 - 219090                   . 	PSNR: 26.946980 dB, 	SSIM: 0.764201
 44 - 220075                   . 	PSNR: 28.205671 dB, 	SSIM: 0.881555
 45 - 223061                   . 	PSNR: 25.173296 dB, 	SSIM: 0.716847
 46 - 227092                   . 	PSNR: 34.888522 dB, 	SSIM: 0.871234
 47 - 229036                   . 	PSNR: 22.880945 dB, 	SSIM: 0.636821
 48 - 236037                   . 	PSNR: 25.013044 dB, 	SSIM: 0.636111
 49 - 24077                    . 	PSNR: 27.894017 dB, 	SSIM: 0.886010
 50 - 241004                   . 	PSNR: 32.366073 dB, 	SSIM: 0.843968
 51 - 241048                   . 	PSNR: 24.992798 dB, 	SSIM: 0.625100
 52 - 253027                   . 	PSNR: 22.771237 dB, 	SSIM: 0.711389
 53 - 253055                   . 	PSNR: 32.640887 dB, 	SSIM: 0.851641
 54 - 260058                   . 	PSNR: 32.609581 dB, 	SSIM: 0.800665
 55 - 271035                   . 	PSNR: 28.093658 dB, 	SSIM: 0.789665
 56 - 285079                   . 	PSNR: 25.794629 dB, 	SSIM: 0.703375
 57 - 291000                   . 	PSNR: 21.502541 dB, 	SSIM: 0.439030
 58 - 295087                   . 	PSNR: 27.576850 dB, 	SSIM: 0.729653
 59 - 296007                   . 	PSNR: 32.019872 dB, 	SSIM: 0.793147
 60 - 296059                   . 	PSNR: 31.475727 dB, 	SSIM: 0.793481
 61 - 299086                   . 	PSNR: 31.838677 dB, 	SSIM: 0.815575
 62 - 300091                   . 	PSNR: 29.223947 dB, 	SSIM: 0.792653
 63 - 302008                   . 	PSNR: 34.336348 dB, 	SSIM: 0.953165
 64 - 304034                   . 	PSNR: 24.452141 dB, 	SSIM: 0.678400
 65 - 304074                   . 	PSNR: 26.103720 dB, 	SSIM: 0.625671
 66 - 306005                   . 	PSNR: 28.331787 dB, 	SSIM: 0.792094
 67 - 3096                     . 	PSNR: 40.875609 dB, 	SSIM: 0.982511
 68 - 33039                    . 	PSNR: 21.172686 dB, 	SSIM: 0.592917
 69 - 351093                   . 	PSNR: 22.843149 dB, 	SSIM: 0.654379
 70 - 361010                   . 	PSNR: 29.179332 dB, 	SSIM: 0.822544
 71 - 37073                    . 	PSNR: 31.393835 dB, 	SSIM: 0.840248
 72 - 376043                   . 	PSNR: 25.531600 dB, 	SSIM: 0.600635
 73 - 38082                    . 	PSNR: 27.228030 dB, 	SSIM: 0.605709
 74 - 38092                    . 	PSNR: 26.359658 dB, 	SSIM: 0.700391
 75 - 385039                   . 	PSNR: 24.241677 dB, 	SSIM: 0.710312
 76 - 41033                    . 	PSNR: 30.741542 dB, 	SSIM: 0.790514
 77 - 41069                    . 	PSNR: 23.687624 dB, 	SSIM: 0.482219
 78 - 42012                    . 	PSNR: 30.009887 dB, 	SSIM: 0.821186
 79 - 42049                    . 	PSNR: 33.211038 dB, 	SSIM: 0.955451
 80 - 43074                    . 	PSNR: 29.795446 dB, 	SSIM: 0.821220
 81 - 45096                    . 	PSNR: 36.120796 dB, 	SSIM: 0.941361
 82 - 54082                    . 	PSNR: 28.678077 dB, 	SSIM: 0.720789
 83 - 55073                    . 	PSNR: 22.334936 dB, 	SSIM: 0.540077
 84 - 58060                    . 	PSNR: 21.088227 dB, 	SSIM: 0.617280
 85 - 62096                    . 	PSNR: 25.603895 dB, 	SSIM: 0.799234
 86 - 65033                    . 	PSNR: 25.121029 dB, 	SSIM: 0.608044
 87 - 66053                    . 	PSNR: 27.441825 dB, 	SSIM: 0.702813
 88 - 69015                    . 	PSNR: 30.957424 dB, 	SSIM: 0.814883
 89 - 69020                    . 	PSNR: 27.268608 dB, 	SSIM: 0.564523
 90 - 69040                    . 	PSNR: 25.327145 dB, 	SSIM: 0.663709
 91 - 76053                    . 	PSNR: 29.204403 dB, 	SSIM: 0.716629
 92 - 78004                    . 	PSNR: 27.310139 dB, 	SSIM: 0.776792
 93 - 8023                     . 	PSNR: 31.093584 dB, 	SSIM: 0.880098
 94 - 85048                    . 	PSNR: 26.199435 dB, 	SSIM: 0.727777
 95 - 86000                    . 	PSNR: 27.057543 dB, 	SSIM: 0.828834
 96 - 86016                    . 	PSNR: 21.928109 dB, 	SSIM: 0.319734
 97 - 86068                    . 	PSNR: 27.082694 dB, 	SSIM: 0.563853
 98 - 87046                    . 	PSNR: 26.390457 dB, 	SSIM: 0.781404
 99 - 89072                    . 	PSNR: 27.049904 dB, 	SSIM: 0.741587
100 - 97033                    . 	PSNR: 25.295944 dB, 	SSIM: 0.739759
Average: PSNR: 27.761189 dB, SSIM: 0.743412
Testing Y channel.
  1 - img001                   . 	PSNR: 28.478515 dB, 	SSIM: 0.792081
  2 - img002                   . 	PSNR: 28.045053 dB, 	SSIM: 0.859606
  3 - img003                   . 	PSNR: 24.229158 dB, 	SSIM: 0.710612
  4 - img004                   . 	PSNR: 25.727931 dB, 	SSIM: 0.887318
  5 - img005                   . 	PSNR: 30.611566 dB, 	SSIM: 0.968550
  6 - img006                   . 	PSNR: 23.081990 dB, 	SSIM: 0.656758
  7 - img007                   . 	PSNR: 30.151661 dB, 	SSIM: 0.875717
  8 - img008                   . 	PSNR: 22.169169 dB, 	SSIM: 0.707106
  9 - img009                   . 	PSNR: 34.854798 dB, 	SSIM: 0.936612
 10 - img010                   . 	PSNR: 28.743792 dB, 	SSIM: 0.909770
 11 - img011                   . 	PSNR: 18.365741 dB, 	SSIM: 0.822138
 12 - img012                   . 	PSNR: 24.423840 dB, 	SSIM: 0.771692
 13 - img013                   . 	PSNR: 30.237624 dB, 	SSIM: 0.857919
 14 - img014                   . 	PSNR: 22.764325 dB, 	SSIM: 0.721552
 15 - img015                   . 	PSNR: 27.313723 dB, 	SSIM: 0.767526
 16 - img016                   . 	PSNR: 30.966530 dB, 	SSIM: 0.924011
 17 - img017                   . 	PSNR: 26.467836 dB, 	SSIM: 0.853472
 18 - img018                   . 	PSNR: 26.307781 dB, 	SSIM: 0.713036
 19 - img019                   . 	PSNR: 23.365152 dB, 	SSIM: 0.845159
 20 - img020                   . 	PSNR: 22.408549 dB, 	SSIM: 0.741713
 21 - img021                   . 	PSNR: 30.277790 dB, 	SSIM: 0.804752
 22 - img022                   . 	PSNR: 26.244253 dB, 	SSIM: 0.768307
 23 - img023                   . 	PSNR: 31.541831 dB, 	SSIM: 0.932543
 24 - img024                   . 	PSNR: 21.269741 dB, 	SSIM: 0.718961
 25 - img025                   . 	PSNR: 33.660275 dB, 	SSIM: 0.919603
 26 - img026                   . 	PSNR: 29.053046 dB, 	SSIM: 0.731052
 27 - img027                   . 	PSNR: 28.802647 dB, 	SSIM: 0.813648
 28 - img028                   . 	PSNR: 31.806939 dB, 	SSIM: 0.882198
 29 - img029                   . 	PSNR: 28.126716 dB, 	SSIM: 0.894338
 30 - img030                   . 	PSNR: 25.721331 dB, 	SSIM: 0.857221
 31 - img031                   . 	PSNR: 24.550715 dB, 	SSIM: 0.809438
 32 - img032                   . 	PSNR: 30.006362 dB, 	SSIM: 0.878566
 33 - img033                   . 	PSNR: 28.422063 dB, 	SSIM: 0.839925
 34 - img034                   . 	PSNR: 23.475861 dB, 	SSIM: 0.607482
 35 - img035                   . 	PSNR: 31.089916 dB, 	SSIM: 0.908044
 36 - img036                   . 	PSNR: 29.543406 dB, 	SSIM: 0.898968
 37 - img037                   . 	PSNR: 26.830194 dB, 	SSIM: 0.813460
 38 - img038                   . 	PSNR: 27.833910 dB, 	SSIM: 0.724143
 39 - img039                   . 	PSNR: 24.135953 dB, 	SSIM: 0.800444
 40 - img040                   . 	PSNR: 29.570575 dB, 	SSIM: 0.960685
 41 - img041                   . 	PSNR: 27.945299 dB, 	SSIM: 0.909964
 42 - img042                   . 	PSNR: 30.164084 dB, 	SSIM: 0.912850
 43 - img043                   . 	PSNR: 34.239694 dB, 	SSIM: 0.942042
 44 - img044                   . 	PSNR: 32.809197 dB, 	SSIM: 0.901700
 45 - img045                   . 	PSNR: 25.909639 dB, 	SSIM: 0.781772
 46 - img046                   . 	PSNR: 24.042897 dB, 	SSIM: 0.782961
 47 - img047                   . 	PSNR: 22.697673 dB, 	SSIM: 0.811344
 48 - img048                   . 	PSNR: 20.460661 dB, 	SSIM: 0.828142
 49 - img049                   . 	PSNR: 24.149614 dB, 	SSIM: 0.781145
 50 - img050                   . 	PSNR: 25.660293 dB, 	SSIM: 0.801126
 51 - img051                   . 	PSNR: 27.962465 dB, 	SSIM: 0.864519
 52 - img052                   . 	PSNR: 30.152067 dB, 	SSIM: 0.929349
 53 - img053                   . 	PSNR: 23.075532 dB, 	SSIM: 0.760760
 54 - img054                   . 	PSNR: 21.638947 dB, 	SSIM: 0.684472
 55 - img055                   . 	PSNR: 34.543109 dB, 	SSIM: 0.956364
 56 - img056                   . 	PSNR: 25.806181 dB, 	SSIM: 0.811949
 57 - img057                   . 	PSNR: 32.293885 dB, 	SSIM: 0.918190
 58 - img058                   . 	PSNR: 27.173874 dB, 	SSIM: 0.889566
 59 - img059                   . 	PSNR: 23.517112 dB, 	SSIM: 0.813380
 60 - img060                   . 	PSNR: 22.947323 dB, 	SSIM: 0.604661
 61 - img061                   . 	PSNR: 25.244191 dB, 	SSIM: 0.786761
 62 - img062                   . 	PSNR: 23.086738 dB, 	SSIM: 0.865257
 63 - img063                   . 	PSNR: 22.962381 dB, 	SSIM: 0.638663
 64 - img064                   . 	PSNR: 26.880016 dB, 	SSIM: 0.796710
 65 - img065                   . 	PSNR: 25.826846 dB, 	SSIM: 0.747858
 66 - img066                   . 	PSNR: 22.509110 dB, 	SSIM: 0.660625
 67 - img067                   . 	PSNR: 21.450223 dB, 	SSIM: 0.910280
 68 - img068                   . 	PSNR: 31.493278 dB, 	SSIM: 0.913259
 69 - img069                   . 	PSNR: 25.369655 dB, 	SSIM: 0.781089
 70 - img070                   . 	PSNR: 22.318425 dB, 	SSIM: 0.613058
 71 - img071                   . 	PSNR: 28.415525 dB, 	SSIM: 0.685636
 72 - img072                   . 	PSNR: 21.718593 dB, 	SSIM: 0.868404
 73 - img073                   . 	PSNR: 21.175531 dB, 	SSIM: 0.621302
 74 - img074                   . 	PSNR: 24.906721 dB, 	SSIM: 0.776888
 75 - img075                   . 	PSNR: 33.322441 dB, 	SSIM: 0.905772
 76 - img076                   . 	PSNR: 24.246377 dB, 	SSIM: 0.786302
 77 - img077                   . 	PSNR: 22.835423 dB, 	SSIM: 0.690143
 78 - img078                   . 	PSNR: 28.545352 dB, 	SSIM: 0.803583
 79 - img079                   . 	PSNR: 25.761967 dB, 	SSIM: 0.713837
 80 - img080                   . 	PSNR: 36.337145 dB, 	SSIM: 0.960497
 81 - img081                   . 	PSNR: 39.549336 dB, 	SSIM: 0.979134
 82 - img082                   . 	PSNR: 34.202282 dB, 	SSIM: 0.949999
 83 - img083                   . 	PSNR: 22.710535 dB, 	SSIM: 0.731614
 84 - img084                   . 	PSNR: 29.412698 dB, 	SSIM: 0.833482
 85 - img085                   . 	PSNR: 28.714393 dB, 	SSIM: 0.913577
 86 - img086                   . 	PSNR: 30.941412 dB, 	SSIM: 0.893073
 87 - img087                   . 	PSNR: 29.551385 dB, 	SSIM: 0.916907
 88 - img088                   . 	PSNR: 19.986034 dB, 	SSIM: 0.597344
 89 - img089                   . 	PSNR: 27.062754 dB, 	SSIM: 0.739075
 90 - img090                   . 	PSNR: 40.301246 dB, 	SSIM: 0.982234
 91 - img091                   . 	PSNR: 24.026388 dB, 	SSIM: 0.699795
 92 - img092                   . 	PSNR: 19.911459 dB, 	SSIM: 0.708530
 93 - img093                   . 	PSNR: 31.574266 dB, 	SSIM: 0.944394
 94 - img094                   . 	PSNR: 27.589696 dB, 	SSIM: 0.800704
 95 - img095                   . 	PSNR: 20.473810 dB, 	SSIM: 0.480050
 96 - img096                   . 	PSNR: 27.166717 dB, 	SSIM: 0.904155
 97 - img097                   . 	PSNR: 25.276030 dB, 	SSIM: 0.788520
 98 - img098                   . 	PSNR: 21.101085 dB, 	SSIM: 0.568481
 99 - img099                   . 	PSNR: 27.010640 dB, 	SSIM: 0.841004
100 - img100                   . 	PSNR: 27.010735 dB, 	SSIM: 0.771443
Average: PSNR: 26.958466 dB, SSIM: 0.811418
Testing Y channel.
  1 - ARMS                     . 	PSNR: 29.190512 dB, 	SSIM: 0.839303
  2 - AisazuNihaIrarenai       . 	PSNR: 31.086645 dB, 	SSIM: 0.817818
  3 - AkkeraKanjinchou         . 	PSNR: 28.898121 dB, 	SSIM: 0.856837
  4 - Akuhamu                  . 	PSNR: 36.405149 dB, 	SSIM: 0.950903
  5 - AosugiruHaru             . 	PSNR: 41.068116 dB, 	SSIM: 0.981772
  6 - AppareKappore            . 	PSNR: 30.642736 dB, 	SSIM: 0.922940
  7 - Arisa                    . 	PSNR: 33.854653 dB, 	SSIM: 0.961752
  8 - BEMADER_P                . 	PSNR: 28.063038 dB, 	SSIM: 0.904736
  9 - BakuretsuKungFuGirl      . 	PSNR: 31.481431 dB, 	SSIM: 0.935680
 10 - Belmondo                 . 	PSNR: 30.716474 dB, 	SSIM: 0.909478
 11 - BokuHaSitatakaKun        . 	PSNR: 30.641338 dB, 	SSIM: 0.959680
 12 - BurariTessenTorimonocho  . 	PSNR: 28.552864 dB, 	SSIM: 0.878476
 13 - ByebyeC-BOY              . 	PSNR: 35.059503 dB, 	SSIM: 0.969771
 14 - Count3DeKimeteAgeru      . 	PSNR: 33.070442 dB, 	SSIM: 0.909801
 15 - DollGun                  . 	PSNR: 30.176896 dB, 	SSIM: 0.932297
 16 - Donburakokko             . 	PSNR: 28.097719 dB, 	SSIM: 0.918124
 17 - DualJustice              . 	PSNR: 32.626859 dB, 	SSIM: 0.970519
 18 - EienNoWith               . 	PSNR: 35.755598 dB, 	SSIM: 0.980422
 19 - EvaLady                  . 	PSNR: 31.637406 dB, 	SSIM: 0.909735
 20 - EverydayOsakanaChan      . 	PSNR: 33.970519 dB, 	SSIM: 0.981429
 21 - GOOD_KISS_Ver2           . 	PSNR: 32.775773 dB, 	SSIM: 0.932350
 22 - GakuenNoise              . 	PSNR: 32.451629 dB, 	SSIM: 0.940150
 23 - GarakutayaManta          . 	PSNR: 31.043143 dB, 	SSIM: 0.925779
 24 - GinNoChimera             . 	PSNR: 39.085118 dB, 	SSIM: 0.974878
 25 - Hamlet                   . 	PSNR: 29.345847 dB, 	SSIM: 0.959206
 26 - HanzaiKousyouninMinegishiEitarou. 	PSNR: 31.727634 dB, 	SSIM: 0.946276
 27 - HaruichibanNoFukukoro    . 	PSNR: 39.500170 dB, 	SSIM: 0.980623
 28 - HarukaRefrain            . 	PSNR: 32.279867 dB, 	SSIM: 0.939084
 29 - HealingPlanet            . 	PSNR: 34.513471 dB, 	SSIM: 0.964043
 30 - HeiseiJimen              . 	PSNR: 32.295114 dB, 	SSIM: 0.950134
 31 - HighschoolKimengumi_vol01. 	PSNR: 27.577269 dB, 	SSIM: 0.951775
 32 - HighschoolKimengumi_vol20. 	PSNR: 29.057206 dB, 	SSIM: 0.949353
 33 - HinagikuKenzan           . 	PSNR: 33.080705 dB, 	SSIM: 0.906270
 34 - HisokaReturns            . 	PSNR: 29.127382 dB, 	SSIM: 0.758533
 35 - JangiriPonpon            . 	PSNR: 26.580502 dB, 	SSIM: 0.875947
 36 - JijiBabaFight            . 	PSNR: 32.360781 dB, 	SSIM: 0.918512
 37 - Joouari                  . 	PSNR: 28.411017 dB, 	SSIM: 0.876678
 38 - Jyovolley                . 	PSNR: 36.071737 dB, 	SSIM: 0.975582
 39 - KarappoHighschool        . 	PSNR: 35.771591 dB, 	SSIM: 0.967620
 40 - KimiHaBokuNoTaiyouDa     . 	PSNR: 29.161347 dB, 	SSIM: 0.918475
 41 - KoukouNoHitotachi        . 	PSNR: 30.649737 dB, 	SSIM: 0.867221
 42 - KuroidoGanka             . 	PSNR: 33.495750 dB, 	SSIM: 0.925200
 43 - KyokugenCyclone          . 	PSNR: 21.244901 dB, 	SSIM: 0.770814
 44 - LancelotFullThrottle     . 	PSNR: 36.008197 dB, 	SSIM: 0.982551
 45 - LoveHina_vol01           . 	PSNR: 25.533721 dB, 	SSIM: 0.924732
 46 - LoveHina_vol14           . 	PSNR: 28.575736 dB, 	SSIM: 0.916903
 47 - MAD_STONE                . 	PSNR: 34.782451 dB, 	SSIM: 0.956782
 48 - MadouTaiga               . 	PSNR: 27.905082 dB, 	SSIM: 0.883384
 49 - MagicStarGakuin          . 	PSNR: 29.565340 dB, 	SSIM: 0.931126
 50 - MagicianLoad             . 	PSNR: 27.221975 dB, 	SSIM: 0.780385
 51 - MariaSamaNihaNaisyo      . 	PSNR: 31.509052 dB, 	SSIM: 0.953688
 52 - MayaNoAkaiKutsu          . 	PSNR: 33.824712 dB, 	SSIM: 0.951045
 53 - MemorySeijin             . 	PSNR: 36.619200 dB, 	SSIM: 0.906599
 54 - MeteoSanStrikeDesu       . 	PSNR: 36.818686 dB, 	SSIM: 0.969396
 55 - MiraiSan                 . 	PSNR: 22.840483 dB, 	SSIM: 0.750889
 56 - MisutenaideDaisy         . 	PSNR: 33.578634 dB, 	SSIM: 0.969551
 57 - MoeruOnisan_vol01        . 	PSNR: 31.712425 dB, 	SSIM: 0.951314
 58 - MoeruOnisan_vol19        . 	PSNR: 33.183852 dB, 	SSIM: 0.955529
 59 - MomoyamaHaikagura        . 	PSNR: 24.168292 dB, 	SSIM: 0.793029
 60 - MukoukizuNoChonbo        . 	PSNR: 34.263419 dB, 	SSIM: 0.973019
 61 - MutekiBoukenSyakuma      . 	PSNR: 32.902050 dB, 	SSIM: 0.954720
 62 - Nekodama                 . 	PSNR: 31.813506 dB, 	SSIM: 0.958722
 63 - NichijouSoup             . 	PSNR: 36.163847 dB, 	SSIM: 0.972847
 64 - Ningyoushi               . 	PSNR: 34.416237 dB, 	SSIM: 0.931193
 65 - OL_Lunch                 . 	PSNR: 26.791472 dB, 	SSIM: 0.951903
 66 - OhWareraRettouSeitokai   . 	PSNR: 33.056654 dB, 	SSIM: 0.945588
 67 - PLANET7                  . 	PSNR: 33.722254 dB, 	SSIM: 0.937267
 68 - ParaisoRoad              . 	PSNR: 32.532110 dB, 	SSIM: 0.949748
 69 - PikaruGenkiDesu          . 	PSNR: 28.626271 dB, 	SSIM: 0.930639
 70 - PlatinumJungle           . 	PSNR: 31.596588 dB, 	SSIM: 0.945172
 71 - PrayerHaNemurenai        . 	PSNR: 28.206032 dB, 	SSIM: 0.724505
 72 - PrismHeart               . 	PSNR: 35.400189 dB, 	SSIM: 0.962152
 73 - PsychoStaff              . 	PSNR: 34.577515 dB, 	SSIM: 0.956030
 74 - Raphael                  . 	PSNR: 28.834062 dB, 	SSIM: 0.900916
 75 - ReveryEarth              . 	PSNR: 30.153540 dB, 	SSIM: 0.910282
 76 - RinToSiteSippuNoNaka     . 	PSNR: 30.962557 dB, 	SSIM: 0.934323
 77 - RisingGirl               . 	PSNR: 30.513740 dB, 	SSIM: 0.885790
 78 - Saisoku                  . 	PSNR: 29.096719 dB, 	SSIM: 0.821811
 79 - SaladDays_vol01          . 	PSNR: 31.663564 dB, 	SSIM: 0.945229
 80 - SaladDays_vol18          . 	PSNR: 31.840631 dB, 	SSIM: 0.952613
 81 - SamayoeruSyonenNiJunaiWo . 	PSNR: 30.542916 dB, 	SSIM: 0.888035
 82 - SeisinkiVulnus           . 	PSNR: 32.354625 dB, 	SSIM: 0.909888
 83 - ShimatteIkouze_vol01     . 	PSNR: 32.464058 dB, 	SSIM: 0.964144
 84 - ShimatteIkouze_vol26     . 	PSNR: 28.516754 dB, 	SSIM: 0.951502
 85 - SonokiDeABC              . 	PSNR: 33.355949 dB, 	SSIM: 0.942140
 86 - SyabondamaKieta          . 	PSNR: 28.806481 dB, 	SSIM: 0.882318
 87 - TaiyouNiSmash            . 	PSNR: 36.340710 dB, 	SSIM: 0.954634
 88 - TapkunNoTanteisitsu      . 	PSNR: 34.794966 dB, 	SSIM: 0.966914
 89 - TasogareTsushin          . 	PSNR: 31.286602 dB, 	SSIM: 0.933415
 90 - TennenSenshiG            . 	PSNR: 26.430333 dB, 	SSIM: 0.877635
 91 - TensiNoHaneToAkumaNoShippo. 	PSNR: 29.786573 dB, 	SSIM: 0.934510
 92 - TetsuSan                 . 	PSNR: 28.332060 dB, 	SSIM: 0.954641
 93 - ThatsIzumiko_000         . 	PSNR: 21.509098 dB, 	SSIM: 0.764876
 94 - TotteokiNoABC            . 	PSNR: 35.266415 dB, 	SSIM: 0.960554
 95 - ToutaMairimasu           . 	PSNR: 27.515375 dB, 	SSIM: 0.898822
 96 - TouyouKidan              . 	PSNR: 30.939128 dB, 	SSIM: 0.918460
 97 - TsubasaNoKioku           . 	PSNR: 32.840751 dB, 	SSIM: 0.878657
 98 - UchiNoNyansDiary_000     . 	PSNR: 30.831816 dB, 	SSIM: 0.974710
 99 - UchuKigekiM774           . 	PSNR: 25.622691 dB, 	SSIM: 0.764062
100 - UltraEleven              . 	PSNR: 24.266610 dB, 	SSIM: 0.908589
101 - UnbalanceTokyo           . 	PSNR: 27.744364 dB, 	SSIM: 0.910948
102 - WarewareHaOniDearu       . 	PSNR: 22.820576 dB, 	SSIM: 0.830866
103 - YamatoNoHane             . 	PSNR: 38.298586 dB, 	SSIM: 0.980142
104 - YasasiiAkuma             . 	PSNR: 29.435475 dB, 	SSIM: 0.917070
105 - YouchienBoueigumi        . 	PSNR: 35.378534 dB, 	SSIM: 0.981055
106 - YoumaKourin              . 	PSNR: 30.166462 dB, 	SSIM: 0.897799
107 - YukiNoFuruMachi          . 	PSNR: 37.703792 dB, 	SSIM: 0.940111
108 - YumeNoKayoiji            . 	PSNR: 31.879793 dB, 	SSIM: 0.868248
109 - YumeiroCooking           . 	PSNR: 29.451531 dB, 	SSIM: 0.935262
Average: PSNR: 31.323555 dB, SSIM: 0.919058
