Testing Y channel.
  1 - baby                     . 	PSNR: 33.941934 dB, 	SSIM: 0.896648
  2 - bird                     . 	PSNR: 35.842909 dB, 	SSIM: 0.951555
  3 - butterfly                . 	PSNR: 29.653612 dB, 	SSIM: 0.936985
  4 - head                     . 	PSNR: 33.072026 dB, 	SSIM: 0.800411
  5 - woman                    . 	PSNR: 31.035189 dB, 	SSIM: 0.920601
Average: PSNR: 32.709134 dB, SSIM: 0.901240
Testing Y channel.
  1 - baboon                   . 	PSNR: 23.140748 dB, 	SSIM: 0.549054
  2 - barbara                  . 	PSNR: 26.330167 dB, 	SSIM: 0.766202
  3 - bridge                   . 	PSNR: 25.486222 dB, 	SSIM: 0.646609
  4 - coastguard               . 	PSNR: 26.210968 dB, 	SSIM: 0.572984
  5 - comic                    . 	PSNR: 23.914187 dB, 	SSIM: 0.754002
  6 - face                     . 	PSNR: 33.057840 dB, 	SSIM: 0.799437
  7 - flowers                  . 	PSNR: 28.720571 dB, 	SSIM: 0.831930
  8 - foreman                  . 	PSNR: 34.485299 dB, 	SSIM: 0.935334
  9 - lenna                    . 	PSNR: 32.814379 dB, 	SSIM: 0.869332
 10 - man                      . 	PSNR: 27.506351 dB, 	SSIM: 0.755361
 11 - monarch                  . 	PSNR: 34.028166 dB, 	SSIM: 0.951799
 12 - pepper                   . 	PSNR: 34.656967 dB, 	SSIM: 0.884413
 13 - ppt3                     . 	PSNR: 27.387993 dB, 	SSIM: 0.959854
 14 - zebra                    . 	PSNR: 28.099108 dB, 	SSIM: 0.792887
Average: PSNR: 28.988498 dB, SSIM: 0.790657
Testing Y channel.
  1 - 101085                   . 	PSNR: 24.243297 dB, 	SSIM: 0.591677
  2 - 101087                   . 	PSNR: 28.995142 dB, 	SSIM: 0.818421
  3 - 102061                   . 	PSNR: 27.051656 dB, 	SSIM: 0.825293
  4 - 103070                   . 	PSNR: 30.800469 dB, 	SSIM: 0.848648
  5 - 105025                   . 	PSNR: 26.317924 dB, 	SSIM: 0.714511
  6 - 106024                   . 	PSNR: 34.325424 dB, 	SSIM: 0.899518
  7 - 108005                   . 	PSNR: 26.534674 dB, 	SSIM: 0.757829
  8 - 108070                   . 	PSNR: 23.148893 dB, 	SSIM: 0.596428
  9 - 108082                   . 	PSNR: 27.678338 dB, 	SSIM: 0.795294
 10 - 109053                   . 	PSNR: 29.432219 dB, 	SSIM: 0.806499
 11 - 119082                   . 	PSNR: 25.389152 dB, 	SSIM: 0.758942
 12 - 12084                    . 	PSNR: 28.207072 dB, 	SSIM: 0.761553
 13 - 123074                   . 	PSNR: 30.158910 dB, 	SSIM: 0.814102
 14 - 126007                   . 	PSNR: 29.913561 dB, 	SSIM: 0.843606
 15 - 130026                   . 	PSNR: 25.165376 dB, 	SSIM: 0.679348
 16 - 134035                   . 	PSNR: 25.051851 dB, 	SSIM: 0.772902
 17 - 14037                    . 	PSNR: 35.097778 dB, 	SSIM: 0.899937
 18 - 143090                   . 	PSNR: 33.383931 dB, 	SSIM: 0.896871
 19 - 145086                   . 	PSNR: 26.437170 dB, 	SSIM: 0.748658
 20 - 147091                   . 	PSNR: 26.137934 dB, 	SSIM: 0.804333
 21 - 148026                   . 	PSNR: 22.438559 dB, 	SSIM: 0.718446
 22 - 148089                   . 	PSNR: 24.238275 dB, 	SSIM: 0.649868
 23 - 156065                   . 	PSNR: 24.876538 dB, 	SSIM: 0.571817
 24 - 157055                   . 	PSNR: 26.897392 dB, 	SSIM: 0.808411
 25 - 159008                   . 	PSNR: 27.880028 dB, 	SSIM: 0.833132
 26 - 160068                   . 	PSNR: 27.125526 dB, 	SSIM: 0.837115
 27 - 16077                    . 	PSNR: 27.952962 dB, 	SSIM: 0.744889
 28 - 163085                   . 	PSNR: 29.822964 dB, 	SSIM: 0.808634
 29 - 167062                   . 	PSNR: 33.000253 dB, 	SSIM: 0.905824
 30 - 167083                   . 	PSNR: 19.945670 dB, 	SSIM: 0.508979
 31 - 170057                   . 	PSNR: 29.982516 dB, 	SSIM: 0.823741
 32 - 175032                   . 	PSNR: 21.045713 dB, 	SSIM: 0.449540
 33 - 175043                   . 	PSNR: 25.319804 dB, 	SSIM: 0.679526
 34 - 182053                   . 	PSNR: 24.878760 dB, 	SSIM: 0.780409
 35 - 189080                   . 	PSNR: 35.516477 dB, 	SSIM: 0.895998
 36 - 19021                    . 	PSNR: 27.237345 dB, 	SSIM: 0.754391
 37 - 196073                   . 	PSNR: 27.935814 dB, 	SSIM: 0.512411
 38 - 197017                   . 	PSNR: 28.487083 dB, 	SSIM: 0.728738
 39 - 208001                   . 	PSNR: 28.718627 dB, 	SSIM: 0.760601
 40 - 210088                   . 	PSNR: 37.450929 dB, 	SSIM: 0.966864
 41 - 21077                    . 	PSNR: 27.013155 dB, 	SSIM: 0.757900
 42 - 216081                   . 	PSNR: 26.042094 dB, 	SSIM: 0.735540
 43 - 219090                   . 	PSNR: 27.048444 dB, 	SSIM: 0.767048
 44 - 220075                   . 	PSNR: 28.362710 dB, 	SSIM: 0.884140
 45 - 223061                   . 	PSNR: 25.246057 dB, 	SSIM: 0.719307
 46 - 227092                   . 	PSNR: 34.943519 dB, 	SSIM: 0.872522
 47 - 229036                   . 	PSNR: 22.935442 dB, 	SSIM: 0.637996
 48 - 236037                   . 	PSNR: 25.040390 dB, 	SSIM: 0.639237
 49 - 24077                    . 	PSNR: 27.968100 dB, 	SSIM: 0.887731
 50 - 241004                   . 	PSNR: 32.387832 dB, 	SSIM: 0.844275
 51 - 241048                   . 	PSNR: 25.055610 dB, 	SSIM: 0.628024
 52 - 253027                   . 	PSNR: 22.984383 dB, 	SSIM: 0.717269
 53 - 253055                   . 	PSNR: 32.747632 dB, 	SSIM: 0.853313
 54 - 260058                   . 	PSNR: 32.649775 dB, 	SSIM: 0.801942
 55 - 271035                   . 	PSNR: 28.214649 dB, 	SSIM: 0.792825
 56 - 285079                   . 	PSNR: 25.869163 dB, 	SSIM: 0.707274
 57 - 291000                   . 	PSNR: 21.543239 dB, 	SSIM: 0.442519
 58 - 295087                   . 	PSNR: 27.616659 dB, 	SSIM: 0.731651
 59 - 296007                   . 	PSNR: 32.067072 dB, 	SSIM: 0.794744
 60 - 296059                   . 	PSNR: 31.473765 dB, 	SSIM: 0.793642
 61 - 299086                   . 	PSNR: 31.884274 dB, 	SSIM: 0.816775
 62 - 300091                   . 	PSNR: 29.263102 dB, 	SSIM: 0.794075
 63 - 302008                   . 	PSNR: 34.251081 dB, 	SSIM: 0.952969
 64 - 304034                   . 	PSNR: 24.493759 dB, 	SSIM: 0.681255
 65 - 304074                   . 	PSNR: 26.142648 dB, 	SSIM: 0.627524
 66 - 306005                   . 	PSNR: 28.385262 dB, 	SSIM: 0.794005
 67 - 3096                     . 	PSNR: 40.881176 dB, 	SSIM: 0.982543
 68 - 33039                    . 	PSNR: 21.228443 dB, 	SSIM: 0.597570
 69 - 351093                   . 	PSNR: 22.850194 dB, 	SSIM: 0.654509
 70 - 361010                   . 	PSNR: 29.235756 dB, 	SSIM: 0.822390
 71 - 37073                    . 	PSNR: 31.420189 dB, 	SSIM: 0.840464
 72 - 376043                   . 	PSNR: 25.551245 dB, 	SSIM: 0.601944
 73 - 38082                    . 	PSNR: 27.241670 dB, 	SSIM: 0.607286
 74 - 38092                    . 	PSNR: 26.378977 dB, 	SSIM: 0.701427
 75 - 385039                   . 	PSNR: 24.355207 dB, 	SSIM: 0.713679
 76 - 41033                    . 	PSNR: 30.782334 dB, 	SSIM: 0.791738
 77 - 41069                    . 	PSNR: 23.703268 dB, 	SSIM: 0.485411
 78 - 42012                    . 	PSNR: 30.022168 dB, 	SSIM: 0.822203
 79 - 42049                    . 	PSNR: 33.448457 dB, 	SSIM: 0.956335
 80 - 43074                    . 	PSNR: 29.804780 dB, 	SSIM: 0.821512
 81 - 45096                    . 	PSNR: 36.166295 dB, 	SSIM: 0.941584
 82 - 54082                    . 	PSNR: 28.693826 dB, 	SSIM: 0.721529
 83 - 55073                    . 	PSNR: 22.340278 dB, 	SSIM: 0.540147
 84 - 58060                    . 	PSNR: 21.135046 dB, 	SSIM: 0.616429
 85 - 62096                    . 	PSNR: 25.755471 dB, 	SSIM: 0.803189
 86 - 65033                    . 	PSNR: 25.145313 dB, 	SSIM: 0.609829
 87 - 66053                    . 	PSNR: 27.500904 dB, 	SSIM: 0.706831
 88 - 69015                    . 	PSNR: 31.027706 dB, 	SSIM: 0.816545
 89 - 69020                    . 	PSNR: 27.289287 dB, 	SSIM: 0.565873
 90 - 69040                    . 	PSNR: 25.404568 dB, 	SSIM: 0.668405
 91 - 76053                    . 	PSNR: 29.267761 dB, 	SSIM: 0.718957
 92 - 78004                    . 	PSNR: 27.303771 dB, 	SSIM: 0.778255
 93 - 8023                     . 	PSNR: 31.167389 dB, 	SSIM: 0.881375
 94 - 85048                    . 	PSNR: 26.337102 dB, 	SSIM: 0.733187
 95 - 86000                    . 	PSNR: 27.269030 dB, 	SSIM: 0.835032
 96 - 86016                    . 	PSNR: 21.982455 dB, 	SSIM: 0.324815
 97 - 86068                    . 	PSNR: 27.095106 dB, 	SSIM: 0.564813
 98 - 87046                    . 	PSNR: 26.441266 dB, 	SSIM: 0.782888
 99 - 89072                    . 	PSNR: 27.079503 dB, 	SSIM: 0.743490
100 - 97033                    . 	PSNR: 25.391564 dB, 	SSIM: 0.743379
Average: PSNR: 27.825493 dB, SSIM: 0.745448
Testing Y channel.
  1 - img001                   . 	PSNR: 28.512498 dB, 	SSIM: 0.792943
  2 - img002                   . 	PSNR: 28.250081 dB, 	SSIM: 0.865501
  3 - img003                   . 	PSNR: 24.237672 dB, 	SSIM: 0.712598
  4 - img004                   . 	PSNR: 25.635521 dB, 	SSIM: 0.886390
  5 - img005                   . 	PSNR: 30.886222 dB, 	SSIM: 0.969748
  6 - img006                   . 	PSNR: 23.168582 dB, 	SSIM: 0.660745
  7 - img007                   . 	PSNR: 30.289386 dB, 	SSIM: 0.878830
  8 - img008                   . 	PSNR: 22.254141 dB, 	SSIM: 0.715790
  9 - img009                   . 	PSNR: 35.126437 dB, 	SSIM: 0.939132
 10 - img010                   . 	PSNR: 29.006197 dB, 	SSIM: 0.913731
 11 - img011                   . 	PSNR: 18.185311 dB, 	SSIM: 0.817678
 12 - img012                   . 	PSNR: 24.495545 dB, 	SSIM: 0.773293
 13 - img013                   . 	PSNR: 30.338388 dB, 	SSIM: 0.860151
 14 - img014                   . 	PSNR: 22.858664 dB, 	SSIM: 0.727567
 15 - img015                   . 	PSNR: 27.315501 dB, 	SSIM: 0.766461
 16 - img016                   . 	PSNR: 31.917431 dB, 	SSIM: 0.928628
 17 - img017                   . 	PSNR: 26.592592 dB, 	SSIM: 0.856514
 18 - img018                   . 	PSNR: 26.522933 dB, 	SSIM: 0.722094
 19 - img019                   . 	PSNR: 23.559788 dB, 	SSIM: 0.850873
 20 - img020                   . 	PSNR: 22.525309 dB, 	SSIM: 0.746330
 21 - img021                   . 	PSNR: 30.437040 dB, 	SSIM: 0.807819
 22 - img022                   . 	PSNR: 26.294326 dB, 	SSIM: 0.769681
 23 - img023                   . 	PSNR: 31.667026 dB, 	SSIM: 0.933528
 24 - img024                   . 	PSNR: 21.438644 dB, 	SSIM: 0.722838
 25 - img025                   . 	PSNR: 33.701334 dB, 	SSIM: 0.920328
 26 - img026                   . 	PSNR: 29.087831 dB, 	SSIM: 0.732144
 27 - img027                   . 	PSNR: 28.939641 dB, 	SSIM: 0.817417
 28 - img028                   . 	PSNR: 32.011517 dB, 	SSIM: 0.886653
 29 - img029                   . 	PSNR: 28.367425 dB, 	SSIM: 0.897207
 30 - img030                   . 	PSNR: 26.018861 dB, 	SSIM: 0.863110
 31 - img031                   . 	PSNR: 24.645103 dB, 	SSIM: 0.812038
 32 - img032                   . 	PSNR: 30.141538 dB, 	SSIM: 0.880926
 33 - img033                   . 	PSNR: 28.663788 dB, 	SSIM: 0.855100
 34 - img034                   . 	PSNR: 23.581529 dB, 	SSIM: 0.610524
 35 - img035                   . 	PSNR: 31.334920 dB, 	SSIM: 0.912039
 36 - img036                   . 	PSNR: 29.689031 dB, 	SSIM: 0.900564
 37 - img037                   . 	PSNR: 26.979984 dB, 	SSIM: 0.816807
 38 - img038                   . 	PSNR: 27.897679 dB, 	SSIM: 0.725897
 39 - img039                   . 	PSNR: 24.238661 dB, 	SSIM: 0.804246
 40 - img040                   . 	PSNR: 29.427666 dB, 	SSIM: 0.960954
 41 - img041                   . 	PSNR: 28.152711 dB, 	SSIM: 0.913760
 42 - img042                   . 	PSNR: 30.512759 dB, 	SSIM: 0.917086
 43 - img043                   . 	PSNR: 34.881155 dB, 	SSIM: 0.947278
 44 - img044                   . 	PSNR: 34.041937 dB, 	SSIM: 0.916519
 45 - img045                   . 	PSNR: 25.946572 dB, 	SSIM: 0.783731
 46 - img046                   . 	PSNR: 24.126448 dB, 	SSIM: 0.786190
 47 - img047                   . 	PSNR: 22.844496 dB, 	SSIM: 0.814028
 48 - img048                   . 	PSNR: 20.726772 dB, 	SSIM: 0.835599
 49 - img049                   . 	PSNR: 24.296929 dB, 	SSIM: 0.785029
 50 - img050                   . 	PSNR: 25.729131 dB, 	SSIM: 0.803509
 51 - img051                   . 	PSNR: 28.153661 dB, 	SSIM: 0.868961
 52 - img052                   . 	PSNR: 30.370396 dB, 	SSIM: 0.931251
 53 - img053                   . 	PSNR: 23.233361 dB, 	SSIM: 0.767190
 54 - img054                   . 	PSNR: 21.812333 dB, 	SSIM: 0.693846
 55 - img055                   . 	PSNR: 34.705917 dB, 	SSIM: 0.957039
 56 - img056                   . 	PSNR: 25.935217 dB, 	SSIM: 0.816547
 57 - img057                   . 	PSNR: 32.450452 dB, 	SSIM: 0.920256
 58 - img058                   . 	PSNR: 27.343849 dB, 	SSIM: 0.892606
 59 - img059                   . 	PSNR: 23.412834 dB, 	SSIM: 0.812426
 60 - img060                   . 	PSNR: 22.985025 dB, 	SSIM: 0.605675
 61 - img061                   . 	PSNR: 25.383779 dB, 	SSIM: 0.792890
 62 - img062                   . 	PSNR: 22.885855 dB, 	SSIM: 0.862903
 63 - img063                   . 	PSNR: 23.003469 dB, 	SSIM: 0.639076
 64 - img064                   . 	PSNR: 27.206177 dB, 	SSIM: 0.806070
 65 - img065                   . 	PSNR: 26.021931 dB, 	SSIM: 0.757270
 66 - img066                   . 	PSNR: 22.563684 dB, 	SSIM: 0.662978
 67 - img067                   . 	PSNR: 21.542688 dB, 	SSIM: 0.911535
 68 - img068                   . 	PSNR: 32.050795 dB, 	SSIM: 0.920667
 69 - img069                   . 	PSNR: 25.444032 dB, 	SSIM: 0.784177
 70 - img070                   . 	PSNR: 22.427439 dB, 	SSIM: 0.617593
 71 - img071                   . 	PSNR: 28.753266 dB, 	SSIM: 0.701033
 72 - img072                   . 	PSNR: 21.801101 dB, 	SSIM: 0.871808
 73 - img073                   . 	PSNR: 21.270024 dB, 	SSIM: 0.628708
 74 - img074                   . 	PSNR: 24.984108 dB, 	SSIM: 0.776945
 75 - img075                   . 	PSNR: 33.433449 dB, 	SSIM: 0.906643
 76 - img076                   . 	PSNR: 24.471754 dB, 	SSIM: 0.794028
 77 - img077                   . 	PSNR: 22.918551 dB, 	SSIM: 0.694112
 78 - img078                   . 	PSNR: 28.704909 dB, 	SSIM: 0.806491
 79 - img079                   . 	PSNR: 25.892695 dB, 	SSIM: 0.718433
 80 - img080                   . 	PSNR: 36.375698 dB, 	SSIM: 0.960885
 81 - img081                   . 	PSNR: 39.891362 dB, 	SSIM: 0.980658
 82 - img082                   . 	PSNR: 34.026395 dB, 	SSIM: 0.950050
 83 - img083                   . 	PSNR: 22.809965 dB, 	SSIM: 0.736728
 84 - img084                   . 	PSNR: 29.552761 dB, 	SSIM: 0.837062
 85 - img085                   . 	PSNR: 28.938241 dB, 	SSIM: 0.916310
 86 - img086                   . 	PSNR: 31.148676 dB, 	SSIM: 0.899392
 87 - img087                   . 	PSNR: 29.759355 dB, 	SSIM: 0.918884
 88 - img088                   . 	PSNR: 20.157555 dB, 	SSIM: 0.604744
 89 - img089                   . 	PSNR: 27.146437 dB, 	SSIM: 0.745043
 90 - img090                   . 	PSNR: 40.991451 dB, 	SSIM: 0.983908
 91 - img091                   . 	PSNR: 24.322299 dB, 	SSIM: 0.710421
 92 - img092                   . 	PSNR: 19.562068 dB, 	SSIM: 0.696666
 93 - img093                   . 	PSNR: 31.655959 dB, 	SSIM: 0.945490
 94 - img094                   . 	PSNR: 27.677095 dB, 	SSIM: 0.803651
 95 - img095                   . 	PSNR: 20.492893 dB, 	SSIM: 0.480468
 96 - img096                   . 	PSNR: 27.256328 dB, 	SSIM: 0.907948
 97 - img097                   . 	PSNR: 25.492385 dB, 	SSIM: 0.794702
 98 - img098                   . 	PSNR: 21.187791 dB, 	SSIM: 0.574152
 99 - img099                   . 	PSNR: 27.145835 dB, 	SSIM: 0.843893
100 - img100                   . 	PSNR: 27.265646 dB, 	SSIM: 0.777614
Average: PSNR: 27.115196 dB, SSIM: 0.815054
Testing Y channel.
  1 - ARMS                     . 	PSNR: 29.410088 dB, 	SSIM: 0.846652
  2 - AisazuNihaIrarenai       . 	PSNR: 31.268350 dB, 	SSIM: 0.821304
  3 - AkkeraKanjinchou         . 	PSNR: 28.968491 dB, 	SSIM: 0.859975
  4 - Akuhamu                  . 	PSNR: 36.626999 dB, 	SSIM: 0.951677
  5 - AosugiruHaru             . 	PSNR: 41.284829 dB, 	SSIM: 0.982808
  6 - AppareKappore            . 	PSNR: 30.919708 dB, 	SSIM: 0.925642
  7 - Arisa                    . 	PSNR: 34.181837 dB, 	SSIM: 0.963184
  8 - BEMADER_P                . 	PSNR: 28.199319 dB, 	SSIM: 0.905985
  9 - BakuretsuKungFuGirl      . 	PSNR: 31.748794 dB, 	SSIM: 0.937965
 10 - Belmondo                 . 	PSNR: 30.833989 dB, 	SSIM: 0.911633
 11 - BokuHaSitatakaKun        . 	PSNR: 30.834531 dB, 	SSIM: 0.961224
 12 - BurariTessenTorimonocho  . 	PSNR: 28.959417 dB, 	SSIM: 0.883618
 13 - ByebyeC-BOY              . 	PSNR: 35.414883 dB, 	SSIM: 0.971118
 14 - Count3DeKimeteAgeru      . 	PSNR: 33.221531 dB, 	SSIM: 0.910649
 15 - DollGun                  . 	PSNR: 30.415520 dB, 	SSIM: 0.934609
 16 - Donburakokko             . 	PSNR: 28.379325 dB, 	SSIM: 0.920861
 17 - DualJustice              . 	PSNR: 33.051814 dB, 	SSIM: 0.972465
 18 - EienNoWith               . 	PSNR: 35.951823 dB, 	SSIM: 0.980783
 19 - EvaLady                  . 	PSNR: 31.659811 dB, 	SSIM: 0.910514
 20 - EverydayOsakanaChan      . 	PSNR: 34.195046 dB, 	SSIM: 0.982016
 21 - GOOD_KISS_Ver2           . 	PSNR: 33.162807 dB, 	SSIM: 0.935623
 22 - GakuenNoise              . 	PSNR: 32.636009 dB, 	SSIM: 0.940627
 23 - GarakutayaManta          . 	PSNR: 31.291234 dB, 	SSIM: 0.928243
 24 - GinNoChimera             . 	PSNR: 39.353850 dB, 	SSIM: 0.975662
 25 - Hamlet                   . 	PSNR: 29.556656 dB, 	SSIM: 0.960289
 26 - HanzaiKousyouninMinegishiEitarou. 	PSNR: 31.818650 dB, 	SSIM: 0.947564
 27 - HaruichibanNoFukukoro    . 	PSNR: 39.907843 dB, 	SSIM: 0.981391
 28 - HarukaRefrain            . 	PSNR: 32.297596 dB, 	SSIM: 0.939328
 29 - HealingPlanet            . 	PSNR: 34.817671 dB, 	SSIM: 0.965374
 30 - HeiseiJimen              . 	PSNR: 32.479119 dB, 	SSIM: 0.951326
 31 - HighschoolKimengumi_vol01. 	PSNR: 27.735810 dB, 	SSIM: 0.953234
 32 - HighschoolKimengumi_vol20. 	PSNR: 29.232079 dB, 	SSIM: 0.950654
 33 - HinagikuKenzan           . 	PSNR: 33.352239 dB, 	SSIM: 0.908786
 34 - HisokaReturns            . 	PSNR: 29.245548 dB, 	SSIM: 0.759703
 35 - JangiriPonpon            . 	PSNR: 27.019726 dB, 	SSIM: 0.881616
 36 - JijiBabaFight            . 	PSNR: 32.610919 dB, 	SSIM: 0.921358
 37 - Joouari                  . 	PSNR: 28.475312 dB, 	SSIM: 0.877745
 38 - Jyovolley                . 	PSNR: 36.486656 dB, 	SSIM: 0.976615
 39 - KarappoHighschool        . 	PSNR: 36.344540 dB, 	SSIM: 0.969510
 40 - KimiHaBokuNoTaiyouDa     . 	PSNR: 29.283131 dB, 	SSIM: 0.921203
 41 - KoukouNoHitotachi        . 	PSNR: 31.241622 dB, 	SSIM: 0.873293
 42 - KuroidoGanka             . 	PSNR: 33.663514 dB, 	SSIM: 0.926922
 43 - KyokugenCyclone          . 	PSNR: 21.341864 dB, 	SSIM: 0.773751
 44 - LancelotFullThrottle     . 	PSNR: 36.991350 dB, 	SSIM: 0.984809
 45 - LoveHina_vol01           . 	PSNR: 25.558936 dB, 	SSIM: 0.925241
 46 - LoveHina_vol14           . 	PSNR: 28.722745 dB, 	SSIM: 0.919119
 47 - MAD_STONE                . 	PSNR: 35.273886 dB, 	SSIM: 0.959526
 48 - MadouTaiga               . 	PSNR: 28.140033 dB, 	SSIM: 0.886358
 49 - MagicStarGakuin          . 	PSNR: 29.739871 dB, 	SSIM: 0.933230
 50 - MagicianLoad             . 	PSNR: 27.425316 dB, 	SSIM: 0.782356
 51 - MariaSamaNihaNaisyo      . 	PSNR: 31.594607 dB, 	SSIM: 0.954328
 52 - MayaNoAkaiKutsu          . 	PSNR: 34.054779 dB, 	SSIM: 0.953219
 53 - MemorySeijin             . 	PSNR: 36.676090 dB, 	SSIM: 0.907255
 54 - MeteoSanStrikeDesu       . 	PSNR: 37.154699 dB, 	SSIM: 0.970877
 55 - MiraiSan                 . 	PSNR: 23.021929 dB, 	SSIM: 0.756515
 56 - MisutenaideDaisy         . 	PSNR: 33.892993 dB, 	SSIM: 0.970683
 57 - MoeruOnisan_vol01        . 	PSNR: 31.990162 dB, 	SSIM: 0.953656
 58 - MoeruOnisan_vol19        . 	PSNR: 33.417803 dB, 	SSIM: 0.957376
 59 - MomoyamaHaikagura        . 	PSNR: 24.289031 dB, 	SSIM: 0.796723
 60 - MukoukizuNoChonbo        . 	PSNR: 34.468611 dB, 	SSIM: 0.973779
 61 - MutekiBoukenSyakuma      . 	PSNR: 33.228246 dB, 	SSIM: 0.956929
 62 - Nekodama                 . 	PSNR: 32.078995 dB, 	SSIM: 0.960240
 63 - NichijouSoup             . 	PSNR: 36.589987 dB, 	SSIM: 0.974056
 64 - Ningyoushi               . 	PSNR: 34.651374 dB, 	SSIM: 0.932699
 65 - OL_Lunch                 . 	PSNR: 27.073111 dB, 	SSIM: 0.954783
 66 - OhWareraRettouSeitokai   . 	PSNR: 33.447154 dB, 	SSIM: 0.948271
 67 - PLANET7                  . 	PSNR: 34.006560 dB, 	SSIM: 0.939495
 68 - ParaisoRoad              . 	PSNR: 32.842526 dB, 	SSIM: 0.951647
 69 - PikaruGenkiDesu          . 	PSNR: 29.112717 dB, 	SSIM: 0.935238
 70 - PlatinumJungle           . 	PSNR: 32.032738 dB, 	SSIM: 0.947236
 71 - PrayerHaNemurenai        . 	PSNR: 28.268333 dB, 	SSIM: 0.725926
 72 - PrismHeart               . 	PSNR: 35.762269 dB, 	SSIM: 0.963473
 73 - PsychoStaff              . 	PSNR: 35.048110 dB, 	SSIM: 0.959003
 74 - Raphael                  . 	PSNR: 29.051565 dB, 	SSIM: 0.903472
 75 - ReveryEarth              . 	PSNR: 30.323071 dB, 	SSIM: 0.912192
 76 - RinToSiteSippuNoNaka     . 	PSNR: 31.354681 dB, 	SSIM: 0.936263
 77 - RisingGirl               . 	PSNR: 30.724492 dB, 	SSIM: 0.889536
 78 - Saisoku                  . 	PSNR: 29.156864 dB, 	SSIM: 0.822381
 79 - SaladDays_vol01          . 	PSNR: 32.012203 dB, 	SSIM: 0.947999
 80 - SaladDays_vol18          . 	PSNR: 31.969295 dB, 	SSIM: 0.953893
 81 - SamayoeruSyonenNiJunaiWo . 	PSNR: 30.721557 dB, 	SSIM: 0.890403
 82 - SeisinkiVulnus           . 	PSNR: 32.614850 dB, 	SSIM: 0.913606
 83 - ShimatteIkouze_vol01     . 	PSNR: 32.701496 dB, 	SSIM: 0.965419
 84 - ShimatteIkouze_vol26     . 	PSNR: 28.593367 dB, 	SSIM: 0.952442
 85 - SonokiDeABC              . 	PSNR: 33.812455 dB, 	SSIM: 0.945862
 86 - SyabondamaKieta          . 	PSNR: 28.939451 dB, 	SSIM: 0.884724
 87 - TaiyouNiSmash            . 	PSNR: 36.771740 dB, 	SSIM: 0.958047
 88 - TapkunNoTanteisitsu      . 	PSNR: 35.028642 dB, 	SSIM: 0.967557
 89 - TasogareTsushin          . 	PSNR: 31.379290 dB, 	SSIM: 0.934449
 90 - TennenSenshiG            . 	PSNR: 26.607366 dB, 	SSIM: 0.881392
 91 - TensiNoHaneToAkumaNoShippo. 	PSNR: 30.138676 dB, 	SSIM: 0.937225
 92 - TetsuSan                 . 	PSNR: 28.451745 dB, 	SSIM: 0.956087
 93 - ThatsIzumiko_000         . 	PSNR: 21.550169 dB, 	SSIM: 0.765011
 94 - TotteokiNoABC            . 	PSNR: 35.475881 dB, 	SSIM: 0.961718
 95 - ToutaMairimasu           . 	PSNR: 27.624108 dB, 	SSIM: 0.900525
 96 - TouyouKidan              . 	PSNR: 31.231240 dB, 	SSIM: 0.920745
 97 - TsubasaNoKioku           . 	PSNR: 32.964828 dB, 	SSIM: 0.880539
 98 - UchiNoNyansDiary_000     . 	PSNR: 31.148751 dB, 	SSIM: 0.976223
 99 - UchuKigekiM774           . 	PSNR: 25.922355 dB, 	SSIM: 0.773030
100 - UltraEleven              . 	PSNR: 24.451661 dB, 	SSIM: 0.911061
101 - UnbalanceTokyo           . 	PSNR: 27.871533 dB, 	SSIM: 0.912472
102 - WarewareHaOniDearu       . 	PSNR: 23.328370 dB, 	SSIM: 0.846168
103 - YamatoNoHane             . 	PSNR: 38.660701 dB, 	SSIM: 0.980992
104 - YasasiiAkuma             . 	PSNR: 29.761831 dB, 	SSIM: 0.920437
105 - YouchienBoueigumi        . 	PSNR: 35.406594 dB, 	SSIM: 0.982070
106 - YoumaKourin              . 	PSNR: 30.372029 dB, 	SSIM: 0.900432
107 - YukiNoFuruMachi          . 	PSNR: 37.718169 dB, 	SSIM: 0.940799
108 - YumeNoKayoiji            . 	PSNR: 32.002192 dB, 	SSIM: 0.870457
109 - YumeiroCooking           . 	PSNR: 29.759405 dB, 	SSIM: 0.936801
Average: PSNR: 31.569157 dB, SSIM: 0.921293
