Testing Y channel.
  1 - baby                     . 	PSNR: 33.975922 dB, 	SSIM: 0.896618
  2 - bird                     . 	PSNR: 35.820869 dB, 	SSIM: 0.951590
  3 - butterfly                . 	PSNR: 29.381213 dB, 	SSIM: 0.933790
  4 - head                     . 	PSNR: 33.044433 dB, 	SSIM: 0.799402
  5 - woman                    . 	PSNR: 31.262654 dB, 	SSIM: 0.921044
Average: PSNR: 32.697018 dB, SSIM: 0.900489
Testing Y channel.
  1 - baboon                   . 	PSNR: 23.105955 dB, 	SSIM: 0.544507
  2 - barbara                  . 	PSNR: 26.366893 dB, 	SSIM: 0.765978
  3 - bridge                   . 	PSNR: 25.519741 dB, 	SSIM: 0.647470
  4 - coastguard               . 	PSNR: 26.206490 dB, 	SSIM: 0.571846
  5 - comic                    . 	PSNR: 23.816638 dB, 	SSIM: 0.749155
  6 - face                     . 	PSNR: 33.014280 dB, 	SSIM: 0.797948
  7 - flowers                  . 	PSNR: 28.604839 dB, 	SSIM: 0.826983
  8 - foreman                  . 	PSNR: 33.999002 dB, 	SSIM: 0.933664
  9 - lenna                    . 	PSNR: 32.852341 dB, 	SSIM: 0.868801
 10 - man                      . 	PSNR: 27.522532 dB, 	SSIM: 0.756174
 11 - monarch                  . 	PSNR: 33.732500 dB, 	SSIM: 0.949814
 12 - pepper                   . 	PSNR: 34.524486 dB, 	SSIM: 0.883482
 13 - ppt3                     . 	PSNR: 27.200829 dB, 	SSIM: 0.958079
 14 - zebra                    . 	PSNR: 28.039549 dB, 	SSIM: 0.790580
Average: PSNR: 28.893291 dB, SSIM: 0.788891
Testing Y channel.
  1 - 101085                   . 	PSNR: 24.180338 dB, 	SSIM: 0.586800
  2 - 101087                   . 	PSNR: 28.908626 dB, 	SSIM: 0.814964
  3 - 102061                   . 	PSNR: 26.932013 dB, 	SSIM: 0.822130
  4 - 103070                   . 	PSNR: 30.811853 dB, 	SSIM: 0.848874
  5 - 105025                   . 	PSNR: 26.315468 dB, 	SSIM: 0.713904
  6 - 106024                   . 	PSNR: 34.248835 dB, 	SSIM: 0.899071
  7 - 108005                   . 	PSNR: 26.565464 dB, 	SSIM: 0.759863
  8 - 108070                   . 	PSNR: 23.130566 dB, 	SSIM: 0.594466
  9 - 108082                   . 	PSNR: 27.646155 dB, 	SSIM: 0.793819
 10 - 109053                   . 	PSNR: 29.392685 dB, 	SSIM: 0.805632
 11 - 119082                   . 	PSNR: 25.047525 dB, 	SSIM: 0.758551
 12 - 12084                    . 	PSNR: 28.043846 dB, 	SSIM: 0.755121
 13 - 123074                   . 	PSNR: 30.141710 dB, 	SSIM: 0.813950
 14 - 126007                   . 	PSNR: 29.714848 dB, 	SSIM: 0.840703
 15 - 130026                   . 	PSNR: 25.142113 dB, 	SSIM: 0.678292
 16 - 134035                   . 	PSNR: 25.135768 dB, 	SSIM: 0.773241
 17 - 14037                    . 	PSNR: 35.037671 dB, 	SSIM: 0.898899
 18 - 143090                   . 	PSNR: 33.274777 dB, 	SSIM: 0.895107
 19 - 145086                   . 	PSNR: 26.377034 dB, 	SSIM: 0.745587
 20 - 147091                   . 	PSNR: 26.120981 dB, 	SSIM: 0.803403
 21 - 148026                   . 	PSNR: 22.320876 dB, 	SSIM: 0.712674
 22 - 148089                   . 	PSNR: 24.141695 dB, 	SSIM: 0.644910
 23 - 156065                   . 	PSNR: 24.854211 dB, 	SSIM: 0.569132
 24 - 157055                   . 	PSNR: 26.777487 dB, 	SSIM: 0.802370
 25 - 159008                   . 	PSNR: 27.812727 dB, 	SSIM: 0.831908
 26 - 160068                   . 	PSNR: 27.154471 dB, 	SSIM: 0.837358
 27 - 16077                    . 	PSNR: 27.844368 dB, 	SSIM: 0.740491
 28 - 163085                   . 	PSNR: 29.752253 dB, 	SSIM: 0.806364
 29 - 167062                   . 	PSNR: 32.702183 dB, 	SSIM: 0.903467
 30 - 167083                   . 	PSNR: 19.924060 dB, 	SSIM: 0.505897
 31 - 170057                   . 	PSNR: 29.958461 dB, 	SSIM: 0.822869
 32 - 175032                   . 	PSNR: 21.003495 dB, 	SSIM: 0.447028
 33 - 175043                   . 	PSNR: 25.310519 dB, 	SSIM: 0.677822
 34 - 182053                   . 	PSNR: 24.643237 dB, 	SSIM: 0.771584
 35 - 189080                   . 	PSNR: 35.430604 dB, 	SSIM: 0.895625
 36 - 19021                    . 	PSNR: 27.173347 dB, 	SSIM: 0.752775
 37 - 196073                   . 	PSNR: 27.969520 dB, 	SSIM: 0.512260
 38 - 197017                   . 	PSNR: 28.428597 dB, 	SSIM: 0.726207
 39 - 208001                   . 	PSNR: 28.666991 dB, 	SSIM: 0.758636
 40 - 210088                   . 	PSNR: 37.401488 dB, 	SSIM: 0.965788
 41 - 21077                    . 	PSNR: 26.805917 dB, 	SSIM: 0.753100
 42 - 216081                   . 	PSNR: 26.111515 dB, 	SSIM: 0.736331
 43 - 219090                   . 	PSNR: 26.998710 dB, 	SSIM: 0.764693
 44 - 220075                   . 	PSNR: 28.354106 dB, 	SSIM: 0.883210
 45 - 223061                   . 	PSNR: 25.145247 dB, 	SSIM: 0.715926
 46 - 227092                   . 	PSNR: 34.959199 dB, 	SSIM: 0.872797
 47 - 229036                   . 	PSNR: 22.972464 dB, 	SSIM: 0.636578
 48 - 236037                   . 	PSNR: 25.011417 dB, 	SSIM: 0.636444
 49 - 24077                    . 	PSNR: 27.870799 dB, 	SSIM: 0.885754
 50 - 241004                   . 	PSNR: 32.337260 dB, 	SSIM: 0.843251
 51 - 241048                   . 	PSNR: 24.969960 dB, 	SSIM: 0.622811
 52 - 253027                   . 	PSNR: 23.110000 dB, 	SSIM: 0.719033
 53 - 253055                   . 	PSNR: 32.740630 dB, 	SSIM: 0.852046
 54 - 260058                   . 	PSNR: 32.610381 dB, 	SSIM: 0.800274
 55 - 271035                   . 	PSNR: 28.124708 dB, 	SSIM: 0.790703
 56 - 285079                   . 	PSNR: 25.888959 dB, 	SSIM: 0.706082
 57 - 291000                   . 	PSNR: 21.538034 dB, 	SSIM: 0.441492
 58 - 295087                   . 	PSNR: 27.605086 dB, 	SSIM: 0.729278
 59 - 296007                   . 	PSNR: 32.039555 dB, 	SSIM: 0.794047
 60 - 296059                   . 	PSNR: 31.457915 dB, 	SSIM: 0.792914
 61 - 299086                   . 	PSNR: 31.873996 dB, 	SSIM: 0.816855
 62 - 300091                   . 	PSNR: 29.184910 dB, 	SSIM: 0.793852
 63 - 302008                   . 	PSNR: 34.429398 dB, 	SSIM: 0.953115
 64 - 304034                   . 	PSNR: 24.429550 dB, 	SSIM: 0.676392
 65 - 304074                   . 	PSNR: 26.089905 dB, 	SSIM: 0.624776
 66 - 306005                   . 	PSNR: 28.374694 dB, 	SSIM: 0.792303
 67 - 3096                     . 	PSNR: 40.495629 dB, 	SSIM: 0.981884
 68 - 33039                    . 	PSNR: 21.193070 dB, 	SSIM: 0.591928
 69 - 351093                   . 	PSNR: 22.837593 dB, 	SSIM: 0.653137
 70 - 361010                   . 	PSNR: 29.234889 dB, 	SSIM: 0.822811
 71 - 37073                    . 	PSNR: 31.292752 dB, 	SSIM: 0.839395
 72 - 376043                   . 	PSNR: 25.528755 dB, 	SSIM: 0.600176
 73 - 38082                    . 	PSNR: 27.239301 dB, 	SSIM: 0.605753
 74 - 38092                    . 	PSNR: 26.372741 dB, 	SSIM: 0.700207
 75 - 385039                   . 	PSNR: 24.295265 dB, 	SSIM: 0.708551
 76 - 41033                    . 	PSNR: 30.771077 dB, 	SSIM: 0.791801
 77 - 41069                    . 	PSNR: 23.682835 dB, 	SSIM: 0.484119
 78 - 42012                    . 	PSNR: 30.028287 dB, 	SSIM: 0.821033
 79 - 42049                    . 	PSNR: 33.301211 dB, 	SSIM: 0.954383
 80 - 43074                    . 	PSNR: 29.797245 dB, 	SSIM: 0.820903
 81 - 45096                    . 	PSNR: 36.064029 dB, 	SSIM: 0.941315
 82 - 54082                    . 	PSNR: 28.626529 dB, 	SSIM: 0.719532
 83 - 55073                    . 	PSNR: 22.330275 dB, 	SSIM: 0.538267
 84 - 58060                    . 	PSNR: 21.110236 dB, 	SSIM: 0.615050
 85 - 62096                    . 	PSNR: 25.737265 dB, 	SSIM: 0.801619
 86 - 65033                    . 	PSNR: 25.134408 dB, 	SSIM: 0.606899
 87 - 66053                    . 	PSNR: 27.476684 dB, 	SSIM: 0.705050
 88 - 69015                    . 	PSNR: 31.020542 dB, 	SSIM: 0.816242
 89 - 69020                    . 	PSNR: 27.296973 dB, 	SSIM: 0.566143
 90 - 69040                    . 	PSNR: 25.391820 dB, 	SSIM: 0.666756
 91 - 76053                    . 	PSNR: 29.243024 dB, 	SSIM: 0.715791
 92 - 78004                    . 	PSNR: 27.440162 dB, 	SSIM: 0.779992
 93 - 8023                     . 	PSNR: 31.175509 dB, 	SSIM: 0.879981
 94 - 85048                    . 	PSNR: 26.180815 dB, 	SSIM: 0.726997
 95 - 86000                    . 	PSNR: 26.812134 dB, 	SSIM: 0.821897
 96 - 86016                    . 	PSNR: 21.968945 dB, 	SSIM: 0.324771
 97 - 86068                    . 	PSNR: 27.078940 dB, 	SSIM: 0.564176
 98 - 87046                    . 	PSNR: 26.436210 dB, 	SSIM: 0.782052
 99 - 89072                    . 	PSNR: 27.031156 dB, 	SSIM: 0.741745
100 - 97033                    . 	PSNR: 25.306311 dB, 	SSIM: 0.738132
Average: PSNR: 27.774058 dB, SSIM: 0.743501
Testing Y channel.
  1 - img001                   . 	PSNR: 28.359354 dB, 	SSIM: 0.788183
  2 - img002                   . 	PSNR: 27.944303 dB, 	SSIM: 0.857258
  3 - img003                   . 	PSNR: 24.092669 dB, 	SSIM: 0.702958
  4 - img004                   . 	PSNR: 25.025630 dB, 	SSIM: 0.878689
  5 - img005                   . 	PSNR: 30.046633 dB, 	SSIM: 0.965008
  6 - img006                   . 	PSNR: 23.022726 dB, 	SSIM: 0.652919
  7 - img007                   . 	PSNR: 30.036935 dB, 	SSIM: 0.874375
  8 - img008                   . 	PSNR: 21.972920 dB, 	SSIM: 0.698196
  9 - img009                   . 	PSNR: 34.843592 dB, 	SSIM: 0.935375
 10 - img010                   . 	PSNR: 28.284492 dB, 	SSIM: 0.905020
 11 - img011                   . 	PSNR: 18.642474 dB, 	SSIM: 0.830225
 12 - img012                   . 	PSNR: 24.320885 dB, 	SSIM: 0.763330
 13 - img013                   . 	PSNR: 30.169319 dB, 	SSIM: 0.856941
 14 - img014                   . 	PSNR: 22.723097 dB, 	SSIM: 0.716882
 15 - img015                   . 	PSNR: 26.972781 dB, 	SSIM: 0.760813
 16 - img016                   . 	PSNR: 31.547738 dB, 	SSIM: 0.924599
 17 - img017                   . 	PSNR: 26.384397 dB, 	SSIM: 0.851266
 18 - img018                   . 	PSNR: 26.521907 dB, 	SSIM: 0.720534
 19 - img019                   . 	PSNR: 23.070405 dB, 	SSIM: 0.842222
 20 - img020                   . 	PSNR: 22.405054 dB, 	SSIM: 0.736437
 21 - img021                   . 	PSNR: 30.229703 dB, 	SSIM: 0.802006
 22 - img022                   . 	PSNR: 26.185218 dB, 	SSIM: 0.765120
 23 - img023                   . 	PSNR: 31.236472 dB, 	SSIM: 0.927498
 24 - img024                   . 	PSNR: 21.202603 dB, 	SSIM: 0.712003
 25 - img025                   . 	PSNR: 32.890670 dB, 	SSIM: 0.913355
 26 - img026                   . 	PSNR: 28.745735 dB, 	SSIM: 0.731903
 27 - img027                   . 	PSNR: 28.652091 dB, 	SSIM: 0.809854
 28 - img028                   . 	PSNR: 31.994298 dB, 	SSIM: 0.886557
 29 - img029                   . 	PSNR: 27.939853 dB, 	SSIM: 0.889062
 30 - img030                   . 	PSNR: 25.557174 dB, 	SSIM: 0.849644
 31 - img031                   . 	PSNR: 24.466530 dB, 	SSIM: 0.805263
 32 - img032                   . 	PSNR: 29.652776 dB, 	SSIM: 0.870111
 33 - img033                   . 	PSNR: 28.535967 dB, 	SSIM: 0.849388
 34 - img034                   . 	PSNR: 23.450078 dB, 	SSIM: 0.604369
 35 - img035                   . 	PSNR: 30.323072 dB, 	SSIM: 0.900564
 36 - img036                   . 	PSNR: 29.684150 dB, 	SSIM: 0.898710
 37 - img037                   . 	PSNR: 26.722450 dB, 	SSIM: 0.807955
 38 - img038                   . 	PSNR: 27.654025 dB, 	SSIM: 0.714762
 39 - img039                   . 	PSNR: 23.897961 dB, 	SSIM: 0.789836
 40 - img040                   . 	PSNR: 29.462694 dB, 	SSIM: 0.959892
 41 - img041                   . 	PSNR: 27.251635 dB, 	SSIM: 0.900820
 42 - img042                   . 	PSNR: 29.697386 dB, 	SSIM: 0.905221
 43 - img043                   . 	PSNR: 33.771811 dB, 	SSIM: 0.942790
 44 - img044                   . 	PSNR: 33.225397 dB, 	SSIM: 0.896629
 45 - img045                   . 	PSNR: 25.167032 dB, 	SSIM: 0.753141
 46 - img046                   . 	PSNR: 23.990903 dB, 	SSIM: 0.779410
 47 - img047                   . 	PSNR: 22.429757 dB, 	SSIM: 0.800315
 48 - img048                   . 	PSNR: 20.429670 dB, 	SSIM: 0.825836
 49 - img049                   . 	PSNR: 24.159436 dB, 	SSIM: 0.778320
 50 - img050                   . 	PSNR: 25.692698 dB, 	SSIM: 0.796230
 51 - img051                   . 	PSNR: 27.883265 dB, 	SSIM: 0.861938
 52 - img052                   . 	PSNR: 30.041255 dB, 	SSIM: 0.927374
 53 - img053                   . 	PSNR: 23.028703 dB, 	SSIM: 0.758879
 54 - img054                   . 	PSNR: 21.603142 dB, 	SSIM: 0.684162
 55 - img055                   . 	PSNR: 33.971126 dB, 	SSIM: 0.954539
 56 - img056                   . 	PSNR: 25.536295 dB, 	SSIM: 0.806257
 57 - img057                   . 	PSNR: 31.927809 dB, 	SSIM: 0.912232
 58 - img058                   . 	PSNR: 26.837145 dB, 	SSIM: 0.882847
 59 - img059                   . 	PSNR: 22.926581 dB, 	SSIM: 0.797981
 60 - img060                   . 	PSNR: 22.937140 dB, 	SSIM: 0.601731
 61 - img061                   . 	PSNR: 25.118279 dB, 	SSIM: 0.781725
 62 - img062                   . 	PSNR: 22.529335 dB, 	SSIM: 0.846069
 63 - img063                   . 	PSNR: 22.752006 dB, 	SSIM: 0.630888
 64 - img064                   . 	PSNR: 27.284947 dB, 	SSIM: 0.805124
 65 - img065                   . 	PSNR: 25.955117 dB, 	SSIM: 0.753475
 66 - img066                   . 	PSNR: 22.492742 dB, 	SSIM: 0.662422
 67 - img067                   . 	PSNR: 21.438628 dB, 	SSIM: 0.912347
 68 - img068                   . 	PSNR: 32.072490 dB, 	SSIM: 0.918837
 69 - img069                   . 	PSNR: 25.322154 dB, 	SSIM: 0.779911
 70 - img070                   . 	PSNR: 22.359725 dB, 	SSIM: 0.613326
 71 - img071                   . 	PSNR: 28.554631 dB, 	SSIM: 0.692439
 72 - img072                   . 	PSNR: 21.638207 dB, 	SSIM: 0.866768
 73 - img073                   . 	PSNR: 20.645575 dB, 	SSIM: 0.607089
 74 - img074                   . 	PSNR: 24.581659 dB, 	SSIM: 0.760938
 75 - img075                   . 	PSNR: 33.163413 dB, 	SSIM: 0.903910
 76 - img076                   . 	PSNR: 24.618383 dB, 	SSIM: 0.801248
 77 - img077                   . 	PSNR: 22.833955 dB, 	SSIM: 0.686164
 78 - img078                   . 	PSNR: 28.599981 dB, 	SSIM: 0.805564
 79 - img079                   . 	PSNR: 25.790483 dB, 	SSIM: 0.713622
 80 - img080                   . 	PSNR: 36.501717 dB, 	SSIM: 0.959317
 81 - img081                   . 	PSNR: 39.281467 dB, 	SSIM: 0.978779
 82 - img082                   . 	PSNR: 34.261050 dB, 	SSIM: 0.949874
 83 - img083                   . 	PSNR: 22.867281 dB, 	SSIM: 0.739514
 84 - img084                   . 	PSNR: 29.381374 dB, 	SSIM: 0.832556
 85 - img085                   . 	PSNR: 28.548086 dB, 	SSIM: 0.910691
 86 - img086                   . 	PSNR: 31.068252 dB, 	SSIM: 0.896584
 87 - img087                   . 	PSNR: 29.347305 dB, 	SSIM: 0.911510
 88 - img088                   . 	PSNR: 19.899129 dB, 	SSIM: 0.592351
 89 - img089                   . 	PSNR: 27.051772 dB, 	SSIM: 0.736605
 90 - img090                   . 	PSNR: 39.750695 dB, 	SSIM: 0.981467
 91 - img091                   . 	PSNR: 23.972571 dB, 	SSIM: 0.681503
 92 - img092                   . 	PSNR: 19.540255 dB, 	SSIM: 0.694101
 93 - img093                   . 	PSNR: 31.612007 dB, 	SSIM: 0.943615
 94 - img094                   . 	PSNR: 27.580088 dB, 	SSIM: 0.801199
 95 - img095                   . 	PSNR: 20.672207 dB, 	SSIM: 0.495069
 96 - img096                   . 	PSNR: 26.951093 dB, 	SSIM: 0.900413
 97 - img097                   . 	PSNR: 25.332640 dB, 	SSIM: 0.786941
 98 - img098                   . 	PSNR: 21.066637 dB, 	SSIM: 0.567418
 99 - img099                   . 	PSNR: 26.913711 dB, 	SSIM: 0.832967
100 - img100                   . 	PSNR: 27.165009 dB, 	SSIM: 0.775420
Average: PSNR: 26.838951 dB, SSIM: 0.808255
Testing Y channel.
  1 - ARMS                     . 	PSNR: 29.170625 dB, 	SSIM: 0.839137
  2 - AisazuNihaIrarenai       . 	PSNR: 31.206821 dB, 	SSIM: 0.819368
  3 - AkkeraKanjinchou         . 	PSNR: 28.905467 dB, 	SSIM: 0.856767
  4 - Akuhamu                  . 	PSNR: 36.522826 dB, 	SSIM: 0.950886
  5 - AosugiruHaru             . 	PSNR: 40.488584 dB, 	SSIM: 0.981613
  6 - AppareKappore            . 	PSNR: 30.812977 dB, 	SSIM: 0.923636
  7 - Arisa                    . 	PSNR: 34.370068 dB, 	SSIM: 0.962277
  8 - BEMADER_P                . 	PSNR: 28.044985 dB, 	SSIM: 0.903206
  9 - BakuretsuKungFuGirl      . 	PSNR: 31.797881 dB, 	SSIM: 0.937376
 10 - Belmondo                 . 	PSNR: 30.423459 dB, 	SSIM: 0.907726
 11 - BokuHaSitatakaKun        . 	PSNR: 30.735947 dB, 	SSIM: 0.958633
 12 - BurariTessenTorimonocho  . 	PSNR: 28.704774 dB, 	SSIM: 0.876300
 13 - ByebyeC-BOY              . 	PSNR: 35.123627 dB, 	SSIM: 0.969712
 14 - Count3DeKimeteAgeru      . 	PSNR: 33.208749 dB, 	SSIM: 0.909671
 15 - DollGun                  . 	PSNR: 30.279861 dB, 	SSIM: 0.932267
 16 - Donburakokko             . 	PSNR: 28.199669 dB, 	SSIM: 0.916635
 17 - DualJustice              . 	PSNR: 32.759349 dB, 	SSIM: 0.969509
 18 - EienNoWith               . 	PSNR: 35.410198 dB, 	SSIM: 0.979864
 19 - EvaLady                  . 	PSNR: 31.389386 dB, 	SSIM: 0.907051
 20 - EverydayOsakanaChan      . 	PSNR: 34.058152 dB, 	SSIM: 0.980668
 21 - GOOD_KISS_Ver2           . 	PSNR: 32.489278 dB, 	SSIM: 0.927982
 22 - GakuenNoise              . 	PSNR: 32.648396 dB, 	SSIM: 0.941024
 23 - GarakutayaManta          . 	PSNR: 31.241715 dB, 	SSIM: 0.926677
 24 - GinNoChimera             . 	PSNR: 38.496497 dB, 	SSIM: 0.974058
 25 - Hamlet                   . 	PSNR: 29.495735 dB, 	SSIM: 0.959796
 26 - HanzaiKousyouninMinegishiEitarou. 	PSNR: 31.739558 dB, 	SSIM: 0.946905
 27 - HaruichibanNoFukukoro    . 	PSNR: 39.795777 dB, 	SSIM: 0.980868
 28 - HarukaRefrain            . 	PSNR: 32.355999 dB, 	SSIM: 0.938202
 29 - HealingPlanet            . 	PSNR: 34.648775 dB, 	SSIM: 0.964077
 30 - HeiseiJimen              . 	PSNR: 32.253439 dB, 	SSIM: 0.949168
 31 - HighschoolKimengumi_vol01. 	PSNR: 28.066479 dB, 	SSIM: 0.951803
 32 - HighschoolKimengumi_vol20. 	PSNR: 29.132137 dB, 	SSIM: 0.945841
 33 - HinagikuKenzan           . 	PSNR: 33.233109 dB, 	SSIM: 0.905384
 34 - HisokaReturns            . 	PSNR: 29.209921 dB, 	SSIM: 0.757309
 35 - JangiriPonpon            . 	PSNR: 27.130837 dB, 	SSIM: 0.880968
 36 - JijiBabaFight            . 	PSNR: 32.391686 dB, 	SSIM: 0.918110
 37 - Joouari                  . 	PSNR: 28.271839 dB, 	SSIM: 0.873878
 38 - Jyovolley                . 	PSNR: 36.415232 dB, 	SSIM: 0.975987
 39 - KarappoHighschool        . 	PSNR: 35.758068 dB, 	SSIM: 0.967412
 40 - KimiHaBokuNoTaiyouDa     . 	PSNR: 28.990785 dB, 	SSIM: 0.914937
 41 - KoukouNoHitotachi        . 	PSNR: 31.662701 dB, 	SSIM: 0.875160
 42 - KuroidoGanka             . 	PSNR: 33.445955 dB, 	SSIM: 0.921665
 43 - KyokugenCyclone          . 	PSNR: 21.287311 dB, 	SSIM: 0.767961
 44 - LancelotFullThrottle     . 	PSNR: 36.477833 dB, 	SSIM: 0.982429
 45 - LoveHina_vol01           . 	PSNR: 25.642328 dB, 	SSIM: 0.925391
 46 - LoveHina_vol14           . 	PSNR: 28.714209 dB, 	SSIM: 0.916466
 47 - MAD_STONE                . 	PSNR: 35.387359 dB, 	SSIM: 0.959237
 48 - MadouTaiga               . 	PSNR: 27.729423 dB, 	SSIM: 0.882434
 49 - MagicStarGakuin          . 	PSNR: 29.542954 dB, 	SSIM: 0.928418
 50 - MagicianLoad             . 	PSNR: 27.324801 dB, 	SSIM: 0.778551
 51 - MariaSamaNihaNaisyo      . 	PSNR: 31.263028 dB, 	SSIM: 0.952305
 52 - MayaNoAkaiKutsu          . 	PSNR: 34.174734 dB, 	SSIM: 0.952629
 53 - MemorySeijin             . 	PSNR: 36.642794 dB, 	SSIM: 0.906892
 54 - MeteoSanStrikeDesu       . 	PSNR: 36.730976 dB, 	SSIM: 0.969311
 55 - MiraiSan                 . 	PSNR: 22.773667 dB, 	SSIM: 0.737293
 56 - MisutenaideDaisy         . 	PSNR: 33.780516 dB, 	SSIM: 0.968915
 57 - MoeruOnisan_vol01        . 	PSNR: 32.325600 dB, 	SSIM: 0.953220
 58 - MoeruOnisan_vol19        . 	PSNR: 33.271924 dB, 	SSIM: 0.954855
 59 - MomoyamaHaikagura        . 	PSNR: 23.982435 dB, 	SSIM: 0.786316
 60 - MukoukizuNoChonbo        . 	PSNR: 34.388595 dB, 	SSIM: 0.973028
 61 - MutekiBoukenSyakuma      . 	PSNR: 32.984609 dB, 	SSIM: 0.953901
 62 - Nekodama                 . 	PSNR: 32.107852 dB, 	SSIM: 0.958960
 63 - NichijouSoup             . 	PSNR: 36.324805 dB, 	SSIM: 0.973022
 64 - Ningyoushi               . 	PSNR: 34.591742 dB, 	SSIM: 0.931794
 65 - OL_Lunch                 . 	PSNR: 26.733769 dB, 	SSIM: 0.949956
 66 - OhWareraRettouSeitokai   . 	PSNR: 33.407997 dB, 	SSIM: 0.946786
 67 - PLANET7                  . 	PSNR: 34.157303 dB, 	SSIM: 0.938673
 68 - ParaisoRoad              . 	PSNR: 32.683820 dB, 	SSIM: 0.948939
 69 - PikaruGenkiDesu          . 	PSNR: 29.096742 dB, 	SSIM: 0.933459
 70 - PlatinumJungle           . 	PSNR: 31.942889 dB, 	SSIM: 0.944859
 71 - PrayerHaNemurenai        . 	PSNR: 28.211012 dB, 	SSIM: 0.722545
 72 - PrismHeart               . 	PSNR: 35.657592 dB, 	SSIM: 0.962572
 73 - PsychoStaff              . 	PSNR: 35.107170 dB, 	SSIM: 0.958615
 74 - Raphael                  . 	PSNR: 28.919270 dB, 	SSIM: 0.899678
 75 - ReveryEarth              . 	PSNR: 30.147101 dB, 	SSIM: 0.908578
 76 - RinToSiteSippuNoNaka     . 	PSNR: 31.138371 dB, 	SSIM: 0.935426
 77 - RisingGirl               . 	PSNR: 30.607561 dB, 	SSIM: 0.886770
 78 - Saisoku                  . 	PSNR: 28.980388 dB, 	SSIM: 0.819866
 79 - SaladDays_vol01          . 	PSNR: 31.905040 dB, 	SSIM: 0.945634
 80 - SaladDays_vol18          . 	PSNR: 31.762652 dB, 	SSIM: 0.950310
 81 - SamayoeruSyonenNiJunaiWo . 	PSNR: 30.686797 dB, 	SSIM: 0.888459
 82 - SeisinkiVulnus           . 	PSNR: 32.523795 dB, 	SSIM: 0.911056
 83 - ShimatteIkouze_vol01     . 	PSNR: 32.749838 dB, 	SSIM: 0.964237
 84 - ShimatteIkouze_vol26     . 	PSNR: 28.490933 dB, 	SSIM: 0.950264
 85 - SonokiDeABC              . 	PSNR: 33.685901 dB, 	SSIM: 0.942395
 86 - SyabondamaKieta          . 	PSNR: 28.826010 dB, 	SSIM: 0.882426
 87 - TaiyouNiSmash            . 	PSNR: 36.739565 dB, 	SSIM: 0.956231
 88 - TapkunNoTanteisitsu      . 	PSNR: 34.915439 dB, 	SSIM: 0.966306
 89 - TasogareTsushin          . 	PSNR: 31.057694 dB, 	SSIM: 0.931434
 90 - TennenSenshiG            . 	PSNR: 26.408578 dB, 	SSIM: 0.875981
 91 - TensiNoHaneToAkumaNoShippo. 	PSNR: 29.865344 dB, 	SSIM: 0.931373
 92 - TetsuSan                 . 	PSNR: 27.749298 dB, 	SSIM: 0.950630
 93 - ThatsIzumiko_000         . 	PSNR: 21.407401 dB, 	SSIM: 0.757464
 94 - TotteokiNoABC            . 	PSNR: 34.951725 dB, 	SSIM: 0.959959
 95 - ToutaMairimasu           . 	PSNR: 27.273591 dB, 	SSIM: 0.895205
 96 - TouyouKidan              . 	PSNR: 30.750733 dB, 	SSIM: 0.916657
 97 - TsubasaNoKioku           . 	PSNR: 32.823399 dB, 	SSIM: 0.878515
 98 - UchiNoNyansDiary_000     . 	PSNR: 30.523849 dB, 	SSIM: 0.973037
 99 - UchuKigekiM774           . 	PSNR: 25.862343 dB, 	SSIM: 0.767637
100 - UltraEleven              . 	PSNR: 24.324731 dB, 	SSIM: 0.905947
101 - UnbalanceTokyo           . 	PSNR: 27.838784 dB, 	SSIM: 0.911315
102 - WarewareHaOniDearu       . 	PSNR: 22.813225 dB, 	SSIM: 0.833438
103 - YamatoNoHane             . 	PSNR: 38.842387 dB, 	SSIM: 0.980744
104 - YasasiiAkuma             . 	PSNR: 29.580182 dB, 	SSIM: 0.917468
105 - YouchienBoueigumi        . 	PSNR: 34.797268 dB, 	SSIM: 0.980340
106 - YoumaKourin              . 	PSNR: 30.169511 dB, 	SSIM: 0.896553
107 - YukiNoFuruMachi          . 	PSNR: 37.924697 dB, 	SSIM: 0.940898
108 - YumeNoKayoiji            . 	PSNR: 32.008446 dB, 	SSIM: 0.868522
109 - YumeiroCooking           . 	PSNR: 30.060217 dB, 	SSIM: 0.938413
Average: PSNR: 31.413277 dB, SSIM: 0.918518
