Testing Y channel.
  1 - baby                     . 	PSNR: 33.974356 dB, 	SSIM: 0.896573
  2 - bird                     . 	PSNR: 35.943288 dB, 	SSIM: 0.952042
  3 - butterfly                . 	PSNR: 29.266048 dB, 	SSIM: 0.933737
  4 - head                     . 	PSNR: 32.979187 dB, 	SSIM: 0.798610
  5 - woman                    . 	PSNR: 31.031323 dB, 	SSIM: 0.920202
Average: PSNR: 32.638840 dB, SSIM: 0.900233
Testing Y channel.
  1 - baboon                   . 	PSNR: 23.102563 dB, 	SSIM: 0.547686
  2 - barbara                  . 	PSNR: 26.288945 dB, 	SSIM: 0.762975
  3 - bridge                   . 	PSNR: 25.341596 dB, 	SSIM: 0.642190
  4 - coastguard               . 	PSNR: 25.986431 dB, 	SSIM: 0.568400
  5 - comic                    . 	PSNR: 23.839744 dB, 	SSIM: 0.751681
  6 - face                     . 	PSNR: 32.972440 dB, 	SSIM: 0.797023
  7 - flowers                  . 	PSNR: 28.568408 dB, 	SSIM: 0.827343
  8 - foreman                  . 	PSNR: 34.118505 dB, 	SSIM: 0.933589
  9 - lenna                    . 	PSNR: 32.765893 dB, 	SSIM: 0.868571
 10 - man                      . 	PSNR: 27.484371 dB, 	SSIM: 0.755271
 11 - monarch                  . 	PSNR: 33.777539 dB, 	SSIM: 0.950096
 12 - pepper                   . 	PSNR: 34.564566 dB, 	SSIM: 0.883949
 13 - ppt3                     . 	PSNR: 27.164541 dB, 	SSIM: 0.958655
 14 - zebra                    . 	PSNR: 27.941194 dB, 	SSIM: 0.791001
Average: PSNR: 28.851195 dB, SSIM: 0.788459
Testing Y channel.
  1 - 101085                   . 	PSNR: 24.176616 dB, 	SSIM: 0.586864
  2 - 101087                   . 	PSNR: 28.886785 dB, 	SSIM: 0.815087
  3 - 102061                   . 	PSNR: 26.880040 dB, 	SSIM: 0.821576
  4 - 103070                   . 	PSNR: 30.780348 dB, 	SSIM: 0.848886
  5 - 105025                   . 	PSNR: 26.296151 dB, 	SSIM: 0.714296
  6 - 106024                   . 	PSNR: 34.280308 dB, 	SSIM: 0.899953
  7 - 108005                   . 	PSNR: 26.508390 dB, 	SSIM: 0.757207
  8 - 108070                   . 	PSNR: 23.097532 dB, 	SSIM: 0.594067
  9 - 108082                   . 	PSNR: 27.637693 dB, 	SSIM: 0.793573
 10 - 109053                   . 	PSNR: 29.374478 dB, 	SSIM: 0.805413
 11 - 119082                   . 	PSNR: 25.118653 dB, 	SSIM: 0.756005
 12 - 12084                    . 	PSNR: 28.014616 dB, 	SSIM: 0.754816
 13 - 123074                   . 	PSNR: 30.142979 dB, 	SSIM: 0.813880
 14 - 126007                   . 	PSNR: 29.552015 dB, 	SSIM: 0.839013
 15 - 130026                   . 	PSNR: 25.087361 dB, 	SSIM: 0.677523
 16 - 134035                   . 	PSNR: 25.009005 dB, 	SSIM: 0.771305
 17 - 14037                    . 	PSNR: 35.011245 dB, 	SSIM: 0.898907
 18 - 143090                   . 	PSNR: 33.082631 dB, 	SSIM: 0.892156
 19 - 145086                   . 	PSNR: 26.345532 dB, 	SSIM: 0.745872
 20 - 147091                   . 	PSNR: 26.087102 dB, 	SSIM: 0.803886
 21 - 148026                   . 	PSNR: 21.991261 dB, 	SSIM: 0.698036
 22 - 148089                   . 	PSNR: 24.105800 dB, 	SSIM: 0.643676
 23 - 156065                   . 	PSNR: 24.859532 dB, 	SSIM: 0.569985
 24 - 157055                   . 	PSNR: 26.811072 dB, 	SSIM: 0.805083
 25 - 159008                   . 	PSNR: 27.781394 dB, 	SSIM: 0.830807
 26 - 160068                   . 	PSNR: 27.095477 dB, 	SSIM: 0.837454
 27 - 16077                    . 	PSNR: 27.842699 dB, 	SSIM: 0.740119
 28 - 163085                   . 	PSNR: 29.669351 dB, 	SSIM: 0.805275
 29 - 167062                   . 	PSNR: 32.841694 dB, 	SSIM: 0.903958
 30 - 167083                   . 	PSNR: 19.889517 dB, 	SSIM: 0.504234
 31 - 170057                   . 	PSNR: 29.996051 dB, 	SSIM: 0.823661
 32 - 175032                   . 	PSNR: 20.989957 dB, 	SSIM: 0.447235
 33 - 175043                   . 	PSNR: 25.291044 dB, 	SSIM: 0.677401
 34 - 182053                   . 	PSNR: 24.761858 dB, 	SSIM: 0.775611
 35 - 189080                   . 	PSNR: 35.668217 dB, 	SSIM: 0.896672
 36 - 19021                    . 	PSNR: 27.139466 dB, 	SSIM: 0.752731
 37 - 196073                   . 	PSNR: 27.985926 dB, 	SSIM: 0.513062
 38 - 197017                   . 	PSNR: 28.390659 dB, 	SSIM: 0.725479
 39 - 208001                   . 	PSNR: 28.673347 dB, 	SSIM: 0.758604
 40 - 210088                   . 	PSNR: 37.322715 dB, 	SSIM: 0.965730
 41 - 21077                    . 	PSNR: 26.896502 dB, 	SSIM: 0.755663
 42 - 216081                   . 	PSNR: 26.125436 dB, 	SSIM: 0.737446
 43 - 219090                   . 	PSNR: 26.796107 dB, 	SSIM: 0.762009
 44 - 220075                   . 	PSNR: 28.310735 dB, 	SSIM: 0.883133
 45 - 223061                   . 	PSNR: 24.983803 dB, 	SSIM: 0.715154
 46 - 227092                   . 	PSNR: 34.909725 dB, 	SSIM: 0.873001
 47 - 229036                   . 	PSNR: 22.904970 dB, 	SSIM: 0.635219
 48 - 236037                   . 	PSNR: 25.007951 dB, 	SSIM: 0.636879
 49 - 24077                    . 	PSNR: 27.736681 dB, 	SSIM: 0.883624
 50 - 241004                   . 	PSNR: 32.310443 dB, 	SSIM: 0.843226
 51 - 241048                   . 	PSNR: 24.915025 dB, 	SSIM: 0.622370
 52 - 253027                   . 	PSNR: 23.069511 dB, 	SSIM: 0.717344
 53 - 253055                   . 	PSNR: 32.751745 dB, 	SSIM: 0.852216
 54 - 260058                   . 	PSNR: 32.602028 dB, 	SSIM: 0.799788
 55 - 271035                   . 	PSNR: 28.099673 dB, 	SSIM: 0.790544
 56 - 285079                   . 	PSNR: 25.836491 dB, 	SSIM: 0.704466
 57 - 291000                   . 	PSNR: 21.514540 dB, 	SSIM: 0.441122
 58 - 295087                   . 	PSNR: 27.575044 dB, 	SSIM: 0.728339
 59 - 296007                   . 	PSNR: 32.044584 dB, 	SSIM: 0.794328
 60 - 296059                   . 	PSNR: 31.450219 dB, 	SSIM: 0.793405
 61 - 299086                   . 	PSNR: 31.853576 dB, 	SSIM: 0.816337
 62 - 300091                   . 	PSNR: 29.135162 dB, 	SSIM: 0.792484
 63 - 302008                   . 	PSNR: 34.737055 dB, 	SSIM: 0.954077
 64 - 304034                   . 	PSNR: 24.430866 dB, 	SSIM: 0.676609
 65 - 304074                   . 	PSNR: 26.079935 dB, 	SSIM: 0.624822
 66 - 306005                   . 	PSNR: 28.389585 dB, 	SSIM: 0.793363
 67 - 3096                     . 	PSNR: 40.470394 dB, 	SSIM: 0.981734
 68 - 33039                    . 	PSNR: 21.153273 dB, 	SSIM: 0.592226
 69 - 351093                   . 	PSNR: 22.762691 dB, 	SSIM: 0.651424
 70 - 361010                   . 	PSNR: 29.169729 dB, 	SSIM: 0.821035
 71 - 37073                    . 	PSNR: 31.187147 dB, 	SSIM: 0.837359
 72 - 376043                   . 	PSNR: 25.529056 dB, 	SSIM: 0.600218
 73 - 38082                    . 	PSNR: 27.227767 dB, 	SSIM: 0.605865
 74 - 38092                    . 	PSNR: 26.369899 dB, 	SSIM: 0.700803
 75 - 385039                   . 	PSNR: 24.172551 dB, 	SSIM: 0.706485
 76 - 41033                    . 	PSNR: 30.729971 dB, 	SSIM: 0.791381
 77 - 41069                    . 	PSNR: 23.682633 dB, 	SSIM: 0.484371
 78 - 42012                    . 	PSNR: 29.971940 dB, 	SSIM: 0.821061
 79 - 42049                    . 	PSNR: 33.259485 dB, 	SSIM: 0.954879
 80 - 43074                    . 	PSNR: 29.790835 dB, 	SSIM: 0.821013
 81 - 45096                    . 	PSNR: 36.060670 dB, 	SSIM: 0.941560
 82 - 54082                    . 	PSNR: 28.628486 dB, 	SSIM: 0.719762
 83 - 55073                    . 	PSNR: 22.323437 dB, 	SSIM: 0.538408
 84 - 58060                    . 	PSNR: 21.070173 dB, 	SSIM: 0.616252
 85 - 62096                    . 	PSNR: 25.696394 dB, 	SSIM: 0.801050
 86 - 65033                    . 	PSNR: 25.109720 dB, 	SSIM: 0.606280
 87 - 66053                    . 	PSNR: 27.456500 dB, 	SSIM: 0.704724
 88 - 69015                    . 	PSNR: 31.020485 dB, 	SSIM: 0.816189
 89 - 69020                    . 	PSNR: 27.297911 dB, 	SSIM: 0.566485
 90 - 69040                    . 	PSNR: 25.369434 dB, 	SSIM: 0.666881
 91 - 76053                    . 	PSNR: 29.169274 dB, 	SSIM: 0.714951
 92 - 78004                    . 	PSNR: 27.350684 dB, 	SSIM: 0.779199
 93 - 8023                     . 	PSNR: 31.065407 dB, 	SSIM: 0.879632
 94 - 85048                    . 	PSNR: 26.160632 dB, 	SSIM: 0.726570
 95 - 86000                    . 	PSNR: 26.738261 dB, 	SSIM: 0.821061
 96 - 86016                    . 	PSNR: 21.909387 dB, 	SSIM: 0.320796
 97 - 86068                    . 	PSNR: 27.071806 dB, 	SSIM: 0.563922
 98 - 87046                    . 	PSNR: 26.383394 dB, 	SSIM: 0.781283
 99 - 89072                    . 	PSNR: 26.990744 dB, 	SSIM: 0.740927
100 - 97033                    . 	PSNR: 25.082991 dB, 	SSIM: 0.736049
Average: PSNR: 27.743771 dB, SSIM: 0.743039
Testing Y channel.
  1 - img001                   . 	PSNR: 28.317628 dB, 	SSIM: 0.789240
  2 - img002                   . 	PSNR: 27.824058 dB, 	SSIM: 0.854266
  3 - img003                   . 	PSNR: 24.113156 dB, 	SSIM: 0.703577
  4 - img004                   . 	PSNR: 25.179840 dB, 	SSIM: 0.878183
  5 - img005                   . 	PSNR: 29.876307 dB, 	SSIM: 0.964561
  6 - img006                   . 	PSNR: 22.895855 dB, 	SSIM: 0.647767
  7 - img007                   . 	PSNR: 30.043818 dB, 	SSIM: 0.874776
  8 - img008                   . 	PSNR: 21.934627 dB, 	SSIM: 0.699502
  9 - img009                   . 	PSNR: 34.483828 dB, 	SSIM: 0.931349
 10 - img010                   . 	PSNR: 28.345066 dB, 	SSIM: 0.905010
 11 - img011                   . 	PSNR: 18.438319 dB, 	SSIM: 0.822689
 12 - img012                   . 	PSNR: 24.276187 dB, 	SSIM: 0.763312
 13 - img013                   . 	PSNR: 30.180256 dB, 	SSIM: 0.856653
 14 - img014                   . 	PSNR: 22.682538 dB, 	SSIM: 0.716393
 15 - img015                   . 	PSNR: 27.081952 dB, 	SSIM: 0.762304
 16 - img016                   . 	PSNR: 31.741223 dB, 	SSIM: 0.926112
 17 - img017                   . 	PSNR: 26.220388 dB, 	SSIM: 0.848115
 18 - img018                   . 	PSNR: 26.467942 dB, 	SSIM: 0.718818
 19 - img019                   . 	PSNR: 22.909082 dB, 	SSIM: 0.842257
 20 - img020                   . 	PSNR: 22.128940 dB, 	SSIM: 0.725265
 21 - img021                   . 	PSNR: 30.090504 dB, 	SSIM: 0.801152
 22 - img022                   . 	PSNR: 26.142629 dB, 	SSIM: 0.764508
 23 - img023                   . 	PSNR: 31.042738 dB, 	SSIM: 0.925298
 24 - img024                   . 	PSNR: 20.789917 dB, 	SSIM: 0.697747
 25 - img025                   . 	PSNR: 33.524068 dB, 	SSIM: 0.916839
 26 - img026                   . 	PSNR: 28.778456 dB, 	SSIM: 0.731397
 27 - img027                   . 	PSNR: 28.768598 dB, 	SSIM: 0.813528
 28 - img028                   . 	PSNR: 31.971653 dB, 	SSIM: 0.885765
 29 - img029                   . 	PSNR: 28.007260 dB, 	SSIM: 0.889955
 30 - img030                   . 	PSNR: 25.292448 dB, 	SSIM: 0.844056
 31 - img031                   . 	PSNR: 24.409704 dB, 	SSIM: 0.805758
 32 - img032                   . 	PSNR: 29.522537 dB, 	SSIM: 0.869504
 33 - img033                   . 	PSNR: 28.443092 dB, 	SSIM: 0.846258
 34 - img034                   . 	PSNR: 23.427132 dB, 	SSIM: 0.604000
 35 - img035                   . 	PSNR: 30.483176 dB, 	SSIM: 0.903344
 36 - img036                   . 	PSNR: 29.312526 dB, 	SSIM: 0.894641
 37 - img037                   . 	PSNR: 26.637403 dB, 	SSIM: 0.807860
 38 - img038                   . 	PSNR: 27.674797 dB, 	SSIM: 0.717296
 39 - img039                   . 	PSNR: 23.917654 dB, 	SSIM: 0.793090
 40 - img040                   . 	PSNR: 29.334173 dB, 	SSIM: 0.960968
 41 - img041                   . 	PSNR: 27.375234 dB, 	SSIM: 0.904636
 42 - img042                   . 	PSNR: 29.574386 dB, 	SSIM: 0.904214
 43 - img043                   . 	PSNR: 34.850613 dB, 	SSIM: 0.946054
 44 - img044                   . 	PSNR: 33.491617 dB, 	SSIM: 0.901457
 45 - img045                   . 	PSNR: 24.877338 dB, 	SSIM: 0.751839
 46 - img046                   . 	PSNR: 23.819480 dB, 	SSIM: 0.772808
 47 - img047                   . 	PSNR: 22.378977 dB, 	SSIM: 0.799866
 48 - img048                   . 	PSNR: 20.244576 dB, 	SSIM: 0.821626
 49 - img049                   . 	PSNR: 24.087315 dB, 	SSIM: 0.778315
 50 - img050                   . 	PSNR: 25.590061 dB, 	SSIM: 0.795144
 51 - img051                   . 	PSNR: 27.828261 dB, 	SSIM: 0.861688
 52 - img052                   . 	PSNR: 30.023296 dB, 	SSIM: 0.928491
 53 - img053                   . 	PSNR: 22.945431 dB, 	SSIM: 0.757806
 54 - img054                   . 	PSNR: 21.349488 dB, 	SSIM: 0.677715
 55 - img055                   . 	PSNR: 33.604980 dB, 	SSIM: 0.952635
 56 - img056                   . 	PSNR: 25.326250 dB, 	SSIM: 0.803155
 57 - img057                   . 	PSNR: 32.030686 dB, 	SSIM: 0.914066
 58 - img058                   . 	PSNR: 26.448353 dB, 	SSIM: 0.877784
 59 - img059                   . 	PSNR: 22.765517 dB, 	SSIM: 0.797426
 60 - img060                   . 	PSNR: 22.877094 dB, 	SSIM: 0.600512
 61 - img061                   . 	PSNR: 24.759500 dB, 	SSIM: 0.775290
 62 - img062                   . 	PSNR: 22.349552 dB, 	SSIM: 0.846196
 63 - img063                   . 	PSNR: 22.715729 dB, 	SSIM: 0.628600
 64 - img064                   . 	PSNR: 27.140997 dB, 	SSIM: 0.802597
 65 - img065                   . 	PSNR: 25.778759 dB, 	SSIM: 0.747319
 66 - img066                   . 	PSNR: 22.434957 dB, 	SSIM: 0.658539
 67 - img067                   . 	PSNR: 21.276797 dB, 	SSIM: 0.911316
 68 - img068                   . 	PSNR: 31.006066 dB, 	SSIM: 0.906431
 69 - img069                   . 	PSNR: 25.248973 dB, 	SSIM: 0.778434
 70 - img070                   . 	PSNR: 22.256190 dB, 	SSIM: 0.612338
 71 - img071                   . 	PSNR: 28.462801 dB, 	SSIM: 0.689753
 72 - img072                   . 	PSNR: 21.420657 dB, 	SSIM: 0.865087
 73 - img073                   . 	PSNR: 20.821233 dB, 	SSIM: 0.609870
 74 - img074                   . 	PSNR: 24.464236 dB, 	SSIM: 0.757486
 75 - img075                   . 	PSNR: 33.174458 dB, 	SSIM: 0.904604
 76 - img076                   . 	PSNR: 24.391484 dB, 	SSIM: 0.793654
 77 - img077                   . 	PSNR: 22.773532 dB, 	SSIM: 0.685976
 78 - img078                   . 	PSNR: 28.419999 dB, 	SSIM: 0.803894
 79 - img079                   . 	PSNR: 25.621910 dB, 	SSIM: 0.709691
 80 - img080                   . 	PSNR: 36.310738 dB, 	SSIM: 0.958600
 81 - img081                   . 	PSNR: 39.396205 dB, 	SSIM: 0.979186
 82 - img082                   . 	PSNR: 34.361211 dB, 	SSIM: 0.950112
 83 - img083                   . 	PSNR: 22.650459 dB, 	SSIM: 0.734475
 84 - img084                   . 	PSNR: 29.326400 dB, 	SSIM: 0.831685
 85 - img085                   . 	PSNR: 28.668582 dB, 	SSIM: 0.912283
 86 - img086                   . 	PSNR: 30.804786 dB, 	SSIM: 0.894704
 87 - img087                   . 	PSNR: 29.112683 dB, 	SSIM: 0.907595
 88 - img088                   . 	PSNR: 19.758813 dB, 	SSIM: 0.586696
 89 - img089                   . 	PSNR: 26.977843 dB, 	SSIM: 0.735777
 90 - img090                   . 	PSNR: 39.902629 dB, 	SSIM: 0.982015
 91 - img091                   . 	PSNR: 23.909002 dB, 	SSIM: 0.681119
 92 - img092                   . 	PSNR: 19.743984 dB, 	SSIM: 0.701374
 93 - img093                   . 	PSNR: 30.815599 dB, 	SSIM: 0.941939
 94 - img094                   . 	PSNR: 27.505792 dB, 	SSIM: 0.799863
 95 - img095                   . 	PSNR: 20.236243 dB, 	SSIM: 0.464099
 96 - img096                   . 	PSNR: 26.237633 dB, 	SSIM: 0.893231
 97 - img097                   . 	PSNR: 25.187787 dB, 	SSIM: 0.782026
 98 - img098                   . 	PSNR: 21.052246 dB, 	SSIM: 0.570021
 99 - img099                   . 	PSNR: 26.624780 dB, 	SSIM: 0.834658
100 - img100                   . 	PSNR: 27.246265 dB, 	SSIM: 0.777887
Average: PSNR: 26.745479 dB, SSIM: 0.806568
Testing Y channel.
  1 - ARMS                     . 	PSNR: 29.088701 dB, 	SSIM: 0.839412
  2 - AisazuNihaIrarenai       . 	PSNR: 31.077550 dB, 	SSIM: 0.817875
  3 - AkkeraKanjinchou         . 	PSNR: 28.768604 dB, 	SSIM: 0.855517
  4 - Akuhamu                  . 	PSNR: 36.430326 dB, 	SSIM: 0.950827
  5 - AosugiruHaru             . 	PSNR: 40.798612 dB, 	SSIM: 0.982197
  6 - AppareKappore            . 	PSNR: 30.625329 dB, 	SSIM: 0.921511
  7 - Arisa                    . 	PSNR: 34.047359 dB, 	SSIM: 0.962091
  8 - BEMADER_P                . 	PSNR: 27.858609 dB, 	SSIM: 0.903812
  9 - BakuretsuKungFuGirl      . 	PSNR: 31.612612 dB, 	SSIM: 0.936451
 10 - Belmondo                 . 	PSNR: 30.452499 dB, 	SSIM: 0.907826
 11 - BokuHaSitatakaKun        . 	PSNR: 30.510690 dB, 	SSIM: 0.957705
 12 - BurariTessenTorimonocho  . 	PSNR: 28.441262 dB, 	SSIM: 0.873948
 13 - ByebyeC-BOY              . 	PSNR: 34.712936 dB, 	SSIM: 0.969160
 14 - Count3DeKimeteAgeru      . 	PSNR: 33.027348 dB, 	SSIM: 0.909630
 15 - DollGun                  . 	PSNR: 30.037200 dB, 	SSIM: 0.931923
 16 - Donburakokko             . 	PSNR: 27.889124 dB, 	SSIM: 0.915665
 17 - DualJustice              . 	PSNR: 32.418930 dB, 	SSIM: 0.969103
 18 - EienNoWith               . 	PSNR: 35.184899 dB, 	SSIM: 0.979471
 19 - EvaLady                  . 	PSNR: 31.419240 dB, 	SSIM: 0.907708
 20 - EverydayOsakanaChan      . 	PSNR: 33.597560 dB, 	SSIM: 0.980033
 21 - GOOD_KISS_Ver2           . 	PSNR: 32.222374 dB, 	SSIM: 0.926993
 22 - GakuenNoise              . 	PSNR: 32.475753 dB, 	SSIM: 0.939971
 23 - GarakutayaManta          . 	PSNR: 31.047442 dB, 	SSIM: 0.925546
 24 - GinNoChimera             . 	PSNR: 37.972968 dB, 	SSIM: 0.973637
 25 - Hamlet                   . 	PSNR: 29.028675 dB, 	SSIM: 0.958791
 26 - HanzaiKousyouninMinegishiEitarou. 	PSNR: 31.566306 dB, 	SSIM: 0.946164
 27 - HaruichibanNoFukukoro    . 	PSNR: 39.383848 dB, 	SSIM: 0.980590
 28 - HarukaRefrain            . 	PSNR: 32.415895 dB, 	SSIM: 0.938078
 29 - HealingPlanet            . 	PSNR: 34.339442 dB, 	SSIM: 0.963764
 30 - HeiseiJimen              . 	PSNR: 32.006372 dB, 	SSIM: 0.947898
 31 - HighschoolKimengumi_vol01. 	PSNR: 27.821171 dB, 	SSIM: 0.951569
 32 - HighschoolKimengumi_vol20. 	PSNR: 28.646783 dB, 	SSIM: 0.944803
 33 - HinagikuKenzan           . 	PSNR: 33.181902 dB, 	SSIM: 0.904716
 34 - HisokaReturns            . 	PSNR: 29.185525 dB, 	SSIM: 0.756850
 35 - JangiriPonpon            . 	PSNR: 26.937224 dB, 	SSIM: 0.879831
 36 - JijiBabaFight            . 	PSNR: 32.239069 dB, 	SSIM: 0.917679
 37 - Joouari                  . 	PSNR: 28.307159 dB, 	SSIM: 0.874918
 38 - Jyovolley                . 	PSNR: 36.280453 dB, 	SSIM: 0.976059
 39 - KarappoHighschool        . 	PSNR: 35.523690 dB, 	SSIM: 0.967008
 40 - KimiHaBokuNoTaiyouDa     . 	PSNR: 28.789428 dB, 	SSIM: 0.914757
 41 - KoukouNoHitotachi        . 	PSNR: 31.595759 dB, 	SSIM: 0.875369
 42 - KuroidoGanka             . 	PSNR: 33.139091 dB, 	SSIM: 0.920055
 43 - KyokugenCyclone          . 	PSNR: 20.935300 dB, 	SSIM: 0.762695
 44 - LancelotFullThrottle     . 	PSNR: 36.545499 dB, 	SSIM: 0.982511
 45 - LoveHina_vol01           . 	PSNR: 25.416957 dB, 	SSIM: 0.924915
 46 - LoveHina_vol14           . 	PSNR: 28.453014 dB, 	SSIM: 0.914519
 47 - MAD_STONE                . 	PSNR: 35.260829 dB, 	SSIM: 0.959025
 48 - MadouTaiga               . 	PSNR: 27.538770 dB, 	SSIM: 0.879934
 49 - MagicStarGakuin          . 	PSNR: 29.393744 dB, 	SSIM: 0.927532
 50 - MagicianLoad             . 	PSNR: 27.248907 dB, 	SSIM: 0.779125
 51 - MariaSamaNihaNaisyo      . 	PSNR: 30.879838 dB, 	SSIM: 0.951083
 52 - MayaNoAkaiKutsu          . 	PSNR: 33.876518 dB, 	SSIM: 0.951245
 53 - MemorySeijin             . 	PSNR: 36.586812 dB, 	SSIM: 0.906620
 54 - MeteoSanStrikeDesu       . 	PSNR: 36.672427 dB, 	SSIM: 0.969551
 55 - MiraiSan                 . 	PSNR: 22.698136 dB, 	SSIM: 0.735190
 56 - MisutenaideDaisy         . 	PSNR: 33.791145 dB, 	SSIM: 0.969215
 57 - MoeruOnisan_vol01        . 	PSNR: 31.805511 dB, 	SSIM: 0.952413
 58 - MoeruOnisan_vol19        . 	PSNR: 33.176942 dB, 	SSIM: 0.954499
 59 - MomoyamaHaikagura        . 	PSNR: 23.839437 dB, 	SSIM: 0.784077
 60 - MukoukizuNoChonbo        . 	PSNR: 33.942087 dB, 	SSIM: 0.972837
 61 - MutekiBoukenSyakuma      . 	PSNR: 32.895913 dB, 	SSIM: 0.954396
 62 - Nekodama                 . 	PSNR: 31.697057 dB, 	SSIM: 0.957983
 63 - NichijouSoup             . 	PSNR: 36.014849 dB, 	SSIM: 0.972514
 64 - Ningyoushi               . 	PSNR: 34.440328 dB, 	SSIM: 0.931582
 65 - OL_Lunch                 . 	PSNR: 26.653629 dB, 	SSIM: 0.950961
 66 - OhWareraRettouSeitokai   . 	PSNR: 33.419939 dB, 	SSIM: 0.946954
 67 - PLANET7                  . 	PSNR: 34.104274 dB, 	SSIM: 0.938557
 68 - ParaisoRoad              . 	PSNR: 32.273063 dB, 	SSIM: 0.947411
 69 - PikaruGenkiDesu          . 	PSNR: 28.914398 dB, 	SSIM: 0.932854
 70 - PlatinumJungle           . 	PSNR: 31.709409 dB, 	SSIM: 0.944435
 71 - PrayerHaNemurenai        . 	PSNR: 28.094722 dB, 	SSIM: 0.720915
 72 - PrismHeart               . 	PSNR: 35.459013 dB, 	SSIM: 0.962115
 73 - PsychoStaff              . 	PSNR: 34.821490 dB, 	SSIM: 0.957631
 74 - Raphael                  . 	PSNR: 28.687628 dB, 	SSIM: 0.899041
 75 - ReveryEarth              . 	PSNR: 30.000102 dB, 	SSIM: 0.908177
 76 - RinToSiteSippuNoNaka     . 	PSNR: 31.063650 dB, 	SSIM: 0.935304
 77 - RisingGirl               . 	PSNR: 30.398803 dB, 	SSIM: 0.885275
 78 - Saisoku                  . 	PSNR: 28.768402 dB, 	SSIM: 0.819143
 79 - SaladDays_vol01          . 	PSNR: 31.590266 dB, 	SSIM: 0.943185
 80 - SaladDays_vol18          . 	PSNR: 31.587717 dB, 	SSIM: 0.949871
 81 - SamayoeruSyonenNiJunaiWo . 	PSNR: 30.512537 dB, 	SSIM: 0.886772
 82 - SeisinkiVulnus           . 	PSNR: 32.298309 dB, 	SSIM: 0.910546
 83 - ShimatteIkouze_vol01     . 	PSNR: 32.406290 dB, 	SSIM: 0.964088
 84 - ShimatteIkouze_vol26     . 	PSNR: 28.151193 dB, 	SSIM: 0.949602
 85 - SonokiDeABC              . 	PSNR: 33.496908 dB, 	SSIM: 0.941255
 86 - SyabondamaKieta          . 	PSNR: 28.768326 dB, 	SSIM: 0.882078
 87 - TaiyouNiSmash            . 	PSNR: 36.502804 dB, 	SSIM: 0.955664
 88 - TapkunNoTanteisitsu      . 	PSNR: 34.733197 dB, 	SSIM: 0.966449
 89 - TasogareTsushin          . 	PSNR: 30.964875 dB, 	SSIM: 0.930864
 90 - TennenSenshiG            . 	PSNR: 26.260279 dB, 	SSIM: 0.875561
 91 - TensiNoHaneToAkumaNoShippo. 	PSNR: 29.797146 dB, 	SSIM: 0.932426
 92 - TetsuSan                 . 	PSNR: 27.872100 dB, 	SSIM: 0.953026
 93 - ThatsIzumiko_000         . 	PSNR: 21.228711 dB, 	SSIM: 0.756249
 94 - TotteokiNoABC            . 	PSNR: 34.979344 dB, 	SSIM: 0.959804
 95 - ToutaMairimasu           . 	PSNR: 27.081820 dB, 	SSIM: 0.893847
 96 - TouyouKidan              . 	PSNR: 30.293699 dB, 	SSIM: 0.915699
 97 - TsubasaNoKioku           . 	PSNR: 32.852631 dB, 	SSIM: 0.879043
 98 - UchiNoNyansDiary_000     . 	PSNR: 30.054317 dB, 	SSIM: 0.971993
 99 - UchuKigekiM774           . 	PSNR: 25.589277 dB, 	SSIM: 0.760883
100 - UltraEleven              . 	PSNR: 24.234681 dB, 	SSIM: 0.906412
101 - UnbalanceTokyo           . 	PSNR: 27.627974 dB, 	SSIM: 0.909845
102 - WarewareHaOniDearu       . 	PSNR: 20.727535 dB, 	SSIM: 0.743462
103 - YamatoNoHane             . 	PSNR: 38.603018 dB, 	SSIM: 0.980752
104 - YasasiiAkuma             . 	PSNR: 29.218661 dB, 	SSIM: 0.916857
105 - YouchienBoueigumi        . 	PSNR: 34.708356 dB, 	SSIM: 0.981572
106 - YoumaKourin              . 	PSNR: 30.111372 dB, 	SSIM: 0.896246
107 - YukiNoFuruMachi          . 	PSNR: 37.315310 dB, 	SSIM: 0.939545
108 - YumeNoKayoiji            . 	PSNR: 31.834700 dB, 	SSIM: 0.867047
109 - YumeiroCooking           . 	PSNR: 29.854291 dB, 	SSIM: 0.936603
Average: PSNR: 31.200384 dB, SSIM: 0.917031
